Aligning contigs to reference...
	Aligning contigs to the reference
Filtering alignments...
Parsing coords...
Loading reference...
	Loaded [Klebsiella_pneumoniae_CP049891.1]
	Total Regions: 1
	Total Region Length: 324283
Analyzing contigs...
CONTIG: k141_4 (295014bp)
Best alignment score: 141.0 (LEN: 141, IDY: 100.00), Total number of alignments: 2
			Looking for the best set of alignments (out of 2 total alignments)
			Skipping redundant alignments after choosing the best set of alignments
		Skipping redundant alignment 29138 29278 | 1 141 | 141 141 | 100.0 | Klebsiella_pneumoniae_CP049891.1 k141_4
		This contig has several significant sets of alignments. [An ambiguously mapped contig]
		Using only the very best set (option --ambiguity-usage is set to "one").
			The best set is below. Score: 141.0, number of alignments: 1, unaligned bases: 294873
		This contig is partially unaligned. (Aligned 141 out of 295014 non-N bases (0.05%))
		Alignment: 321637 321777 | 1 141 | 141 141 | 100.0 | Klebsiella_pneumoniae_CP049891.1 k141_4
		Unaligned bases: 142 to 295014 (294873)

CONTIG: k141_19 (58263bp)
Best alignment score: 141.0 (LEN: 141, IDY: 100.00), Total number of alignments: 2
			Looking for the best set of alignments (out of 2 total alignments)
			Skipping redundant alignments after choosing the best set of alignments
		Skipping redundant alignment 19204 19343 | 141 1 | 140 141 | 99.29 | Klebsiella_pneumoniae_CP049891.1 k141_19
		This contig has several significant sets of alignments. [An ambiguously mapped contig]
		Using only the very best set (option --ambiguity-usage is set to "one").
			The best set is below. Score: 141.0, number of alignments: 1, unaligned bases: 58122
		This contig is partially unaligned. (Aligned 141 out of 58263 non-N bases (0.24%))
		Alignment: 311705 311845 | 141 1 | 141 141 | 100.0 | Klebsiella_pneumoniae_CP049891.1 k141_19
		Unaligned bases: 142 to 58263 (58122)

CONTIG: k141_58 (373091bp)
Best alignment score: 226.0 (LEN: 230, IDY: 98.26), Total number of alignments: 2
			Looking for the best set of alignments (out of 2 total alignments)
			Skipping redundant alignments after choosing the best set of alignments
		Skipping redundant alignment 144632 144861 | 372828 373057 | 230 230 | 96.96 | Klebsiella_pneumoniae_CP049891.1 k141_58
			The best set is below. Score: 226.0, number of alignments: 1, unaligned bases: 372861
		This contig is partially unaligned. (Aligned 230 out of 373091 non-N bases (0.06%))
		Alignment: 295622 295851 | 372828 373057 | 230 230 | 98.26 | Klebsiella_pneumoniae_CP049891.1 k141_58
		Unaligned bases: 1 to 372827 (372827)
		Unaligned bases: 373058 to 373091 (34)

CONTIG: k141_70 (1304bp)
Best alignment score: 1304.0 (LEN: 1304, IDY: 100.00), Total number of alignments: 2
		This contig has 2 significant alignments. [An ambiguously mapped contig]
		Using only first of these alignment (option --ambiguity-usage is set to "one"):
			Alignment: 311705 313008 | 1 1304 | 1304 1304 | 100.0 | Klebsiella_pneumoniae_CP049891.1 k141_70
			Skipping alignment 19204 20504 | 1 1304 | 1301 1304 | 99.77 | Klebsiella_pneumoniae_CP049891.1 k141_70

CONTIG: k141_71 (36666bp)
Best alignment score: 140.0 (LEN: 140, IDY: 100.00), Total number of alignments: 3
			Looking for the best set of alignments (out of 3 total alignments)
			Skipping redundant alignments after choosing the best set of alignments
		Skipping redundant alignment 321639 321778 | 36666 36527 | 140 140 | 100.0 | Klebsiella_pneumoniae_CP049891.1 k141_71
		Skipping redundant alignment 29140 29279 | 36666 36527 | 140 140 | 100.0 | Klebsiella_pneumoniae_CP049891.1 k141_71
		This contig has several significant sets of alignments. [An ambiguously mapped contig]
		Using only the very best set (option --ambiguity-usage is set to "one").
			The best set is below. Score: 140.0, number of alignments: 1, unaligned bases: 36526
		This contig is partially unaligned. (Aligned 140 out of 36666 non-N bases (0.38%))
		Alignment: 186168 186307 | 1 140 | 140 140 | 100.0 | Klebsiella_pneumoniae_CP049891.1 k141_71
		Unaligned bases: 141 to 36666 (36526)

CONTIG: k141_86 (145368bp)
Best alignment score: 140.0 (LEN: 141, IDY: 99.29), Total number of alignments: 2
			Looking for the best set of alignments (out of 2 total alignments)
			Skipping redundant alignments after choosing the best set of alignments
		Skipping redundant alignment 315429 315568 | 145368 145228 | 140 141 | 99.29 | Klebsiella_pneumoniae_CP049891.1 k141_86
		This contig has several significant sets of alignments. [An ambiguously mapped contig]
		Using only the very best set (option --ambiguity-usage is set to "one").
			The best set is below. Score: 140.0, number of alignments: 1, unaligned bases: 145227
		This contig is partially unaligned. (Aligned 141 out of 145368 non-N bases (0.10%))
		Alignment: 22926 23065 | 145368 145228 | 140 141 | 99.29 | Klebsiella_pneumoniae_CP049891.1 k141_86
		Unaligned bases: 1 to 145227 (145227)

CONTIG: k141_87 (22495bp)
Best alignment score: 235.0 (LEN: 235, IDY: 100.00), Total number of alignments: 1
			Looking for the best set of alignments (out of 1 total alignments)
			The best set is below. Score: 235.0, number of alignments: 1, unaligned bases: 22260
		This contig is partially unaligned. (Aligned 235 out of 22495 non-N bases (1.04%))
		Alignment: 186073 186307 | 236 2 | 235 235 | 100.0 | Klebsiella_pneumoniae_CP049891.1 k141_87
		Unaligned bases: 1 to 1 (1)
		Unaligned bases: 237 to 22495 (22259)

CONTIG: k141_107 (1368bp)
Best alignment score: 647.0 (LEN: 650, IDY: 99.54), Total number of alignments: 19
			Looking for the best set of alignments (out of 19 total alignments)
			Skipping redundant alignments after choosing the best set of alignments
		Skipping redundant alignment 310029 310678 | 919 270 | 650 650 | 99.54 | Klebsiella_pneumoniae_CP049891.1 k141_107
		Skipping redundant alignment 260420 260644 | 1368 1144 | 225 225 | 100.0 | Klebsiella_pneumoniae_CP049891.1 k141_107
		Skipping redundant alignment 28206 28430 | 1368 1144 | 225 225 | 100.0 | Klebsiella_pneumoniae_CP049891.1 k141_107
		Skipping redundant alignment 54397 54621 | 1144 1368 | 225 225 | 100.0 | Klebsiella_pneumoniae_CP049891.1 k141_107
		Skipping redundant alignment 294717 294941 | 1368 1144 | 225 225 | 100.0 | Klebsiella_pneumoniae_CP049891.1 k141_107
		Skipping redundant alignment 246742 246966 | 1144 1368 | 225 225 | 100.0 | Klebsiella_pneumoniae_CP049891.1 k141_107
		Skipping redundant alignment 320708 320931 | 1368 1144 | 224 225 | 99.56 | Klebsiella_pneumoniae_CP049891.1 k141_107
		Skipping redundant alignment 313675 313900 | 1143 1368 | 226 226 | 100.0 | Klebsiella_pneumoniae_CP049891.1 k141_107
		Skipping redundant alignment 260002 260227 | 1368 1143 | 226 226 | 100.0 | Klebsiella_pneumoniae_CP049891.1 k141_107
		Skipping redundant alignment 21171 21396 | 1143 1368 | 226 226 | 100.0 | Klebsiella_pneumoniae_CP049891.1 k141_107
		Skipping redundant alignment 252099 252324 | 1368 1143 | 226 226 | 100.0 | Klebsiella_pneumoniae_CP049891.1 k141_107
		Skipping redundant alignment 82256 82482 | 1142 1368 | 227 227 | 100.0 | Klebsiella_pneumoniae_CP049891.1 k141_107
		Skipping redundant alignment 37381 37607 | 1368 1142 | 227 227 | 100.0 | Klebsiella_pneumoniae_CP049891.1 k141_107
		Skipping redundant alignment 41727 41953 | 1368 1142 | 227 227 | 100.0 | Klebsiella_pneumoniae_CP049891.1 k141_107
		Skipping redundant alignment 1056 1281 | 1368 1142 | 226 227 | 99.56 | Klebsiella_pneumoniae_CP049891.1 k141_107
		Skipping redundant alignment 252517 252745 | 1368 1140 | 229 229 | 100.0 | Klebsiella_pneumoniae_CP049891.1 k141_107
		This contig has several significant sets of alignments. [An ambiguously mapped contig]
		Using only the very best set (option --ambiguity-usage is set to "one").
			The best set is below. Score: 957.3, number of alignments: 3, unaligned bases: 269
		This contig is misassembled.
			Excluding internal overlap of size 5 between Alignment 1 and 2: 90031 90259 | 1143 915 | 229 229 --> 90031 90254 | 1143 920 | 224 224
			Real Alignment 1: 17527 18176 | 919 270 | 650 650 | 99.54 | Klebsiella_pneumoniae_CP049891.1 k141_107
			  Extensive misassembly (relocation, inconsistency = -72728) between these two alignments
			Real Alignment 2: 90031 90254 | 1143 920 | 224 224 | 100.0 | Klebsiella_pneumoniae_CP049891.1 k141_107
			  Extensive misassembly (relocation, inconsistency = 5662) between these two alignments
			Real Alignment 3: 84144 84368 | 1144 1368 | 225 225 | 100.0 | Klebsiella_pneumoniae_CP049891.1 k141_107

CONTIG: k141_108 (123259bp)
Best alignment score: 140.0 (LEN: 140, IDY: 100.00), Total number of alignments: 1
			Looking for the best set of alignments (out of 1 total alignments)
			The best set is below. Score: 140.0, number of alignments: 1, unaligned bases: 123119
		This contig is partially unaligned. (Aligned 140 out of 123259 non-N bases (0.11%))
		Alignment: 186168 186307 | 1 140 | 140 140 | 100.0 | Klebsiella_pneumoniae_CP049891.1 k141_108
		Unaligned bases: 141 to 123259 (123119)

CONTIG: k141_113 (1320bp)
Best alignment score: 1014.0 (LEN: 1040, IDY: 97.50), Total number of alignments: 3
			Looking for the best set of alignments (out of 3 total alignments)
			Skipping redundant alignments after choosing the best set of alignments
		Skipping redundant alignment 83213 84092 | 1159 280 | 880 880 | 99.43 | Klebsiella_pneumoniae_CP049891.1 k141_113
			The best set is below. Score: 1089.0, number of alignments: 2, unaligned bases: 140
		This contig is misassembled.
			Real Alignment 1: 82938 83077 | 1 140 | 140 140 | 100.0 | Klebsiella_pneumoniae_CP049891.1 k141_113
			  Extensive misassembly (inversion) between these two alignments
			Real Alignment 2: 83074 84092 | 1319 280 | 1019 1040 | 97.5 | Klebsiella_pneumoniae_CP049891.1 k141_113

CONTIG: k141_118 (1057bp)
Best alignment score: 1037.0 (LEN: 1057, IDY: 98.11), Total number of alignments: 5
		Skipping these alignments as insignificant (option --ambiguity-score is set to "0.99"):
			Skipping alignment 190857 191913 | 1057 1 | 1057 1057 | 96.31 | Klebsiella_pneumoniae_CP049891.1 k141_118
			Skipping alignment 286097 287150 | 1 1054 | 1054 1054 | 96.11 | Klebsiella_pneumoniae_CP049891.1 k141_118
		This contig has 3 significant alignments. [An ambiguously mapped contig]
		Using only first of these alignment (option --ambiguity-usage is set to "one"):
			Alignment: 268718 269774 | 1 1057 | 1057 1057 | 98.11 | Klebsiella_pneumoniae_CP049891.1 k141_118
			Skipping alignment 180183 181239 | 1057 1 | 1057 1057 | 97.73 | Klebsiella_pneumoniae_CP049891.1 k141_118
			Skipping alignment 202768 203824 | 1057 1 | 1057 1057 | 97.26 | Klebsiella_pneumoniae_CP049891.1 k141_118

CONTIG: k141_121 (16931bp)
Best alignment score: 1724.0 (LEN: 1728, IDY: 99.77), Total number of alignments: 21
			Looking for the best set of alignments (out of 21 total alignments)
			Skipping redundant alignments after choosing the best set of alignments
		Skipping redundant alignment 21853 21992 | 1 140 | 140 140 | 100.0 | Klebsiella_pneumoniae_CP049891.1 k141_121
		Skipping redundant alignment 41132 41271 | 140 1 | 140 140 | 100.0 | Klebsiella_pneumoniae_CP049891.1 k141_121
		Skipping redundant alignment 259407 259546 | 140 1 | 140 140 | 100.0 | Klebsiella_pneumoniae_CP049891.1 k141_121
		Skipping redundant alignment 27611 27750 | 140 1 | 140 140 | 100.0 | Klebsiella_pneumoniae_CP049891.1 k141_121
		Skipping redundant alignment 36786 36925 | 140 1 | 140 140 | 100.0 | Klebsiella_pneumoniae_CP049891.1 k141_121
		Skipping redundant alignment 84824 84963 | 1 140 | 140 140 | 100.0 | Klebsiella_pneumoniae_CP049891.1 k141_121
		Skipping redundant alignment 320113 320252 | 140 1 | 140 140 | 100.0 | Klebsiella_pneumoniae_CP049891.1 k141_121
		Skipping redundant alignment 294122 294261 | 140 1 | 140 140 | 99.29 | Klebsiella_pneumoniae_CP049891.1 k141_121
		Skipping redundant alignment 251503 251643 | 141 1 | 141 141 | 100.0 | Klebsiella_pneumoniae_CP049891.1 k141_121
		Skipping redundant alignment 55077 55217 | 1 141 | 141 141 | 100.0 | Klebsiella_pneumoniae_CP049891.1 k141_121
		Skipping redundant alignment 82938 83078 | 1 141 | 141 141 | 100.0 | Klebsiella_pneumoniae_CP049891.1 k141_121
		Skipping redundant alignment 247422 247562 | 1 141 | 141 141 | 100.0 | Klebsiella_pneumoniae_CP049891.1 k141_121
		Skipping redundant alignment 461 600 | 141 1 | 140 141 | 99.29 | Klebsiella_pneumoniae_CP049891.1 k141_121
		Skipping redundant alignment 68310 69443 | 7535 6402 | 1134 1134 | 100.0 | Klebsiella_pneumoniae_CP049891.1 k141_121
		Skipping redundant alignment 306590 307906 | 6402 7718 | 1317 1317 | 100.0 | Klebsiella_pneumoniae_CP049891.1 k141_121
		Skipping redundant alignment 14090 15404 | 6402 7718 | 1315 1317 | 99.7 | Klebsiella_pneumoniae_CP049891.1 k141_121
		This contig has several significant sets of alignments. [An ambiguously mapped contig]
		Using only the very best set (option --ambiguity-usage is set to "one").
			The best set is below. Score: 4724.3, number of alignments: 5, unaligned bases: 11426
		This contig is misassembled.
		This contig is partially unaligned. (Aligned 5505 out of 16931 non-N bases (32.51%))
			Warning! This contig is more unaligned than misassembled. Contig length is 16931 (number of Ns: 0) and total length of all aligns is 5505
		Alignment: 298896 299898 | 3373 4375 | 1003 1003 | 100.0 | Klebsiella_pneumoniae_CP049891.1 k141_121
		Alignment: 300544 301886 | 6121 7463 | 1343 1343 | 100.0 | Klebsiella_pneumoniae_CP049891.1 k141_121
		Alignment: 91805 92663 | 7713 8571 | 859 859 | 99.77 | Klebsiella_pneumoniae_CP049891.1 k141_121
		Alignment: 94286 96013 | 9473 11200 | 1728 1728 | 99.77 | Klebsiella_pneumoniae_CP049891.1 k141_121
		Alignment: 120176 120747 | 16360 16931 | 572 572 | 100.0 | Klebsiella_pneumoniae_CP049891.1 k141_121
		Unaligned bases: 11426

CONTIG: k141_122 (665bp)
Best alignment score: 525.0 (LEN: 525, IDY: 100.00), Total number of alignments: 14
			Looking for the best set of alignments (out of 14 total alignments)
			Skipping redundant alignments after choosing the best set of alignments
		Skipping redundant alignment 313972 314488 | 1 517 | 517 517 | 99.23 | Klebsiella_pneumoniae_CP049891.1 k141_122
		Skipping redundant alignment 251504 252027 | 524 1 | 524 524 | 100.0 | Klebsiella_pneumoniae_CP049891.1 k141_122
		Skipping redundant alignment 247038 247561 | 1 524 | 524 524 | 100.0 | Klebsiella_pneumoniae_CP049891.1 k141_122
		Skipping redundant alignment 320113 320636 | 524 1 | 524 524 | 100.0 | Klebsiella_pneumoniae_CP049891.1 k141_122
		Skipping redundant alignment 27611 28134 | 524 1 | 524 524 | 100.0 | Klebsiella_pneumoniae_CP049891.1 k141_122
		Skipping redundant alignment 54693 55216 | 1 524 | 524 524 | 100.0 | Klebsiella_pneumoniae_CP049891.1 k141_122
		Skipping redundant alignment 21468 21992 | 1 524 | 525 524 | 99.81 | Klebsiella_pneumoniae_CP049891.1 k141_122
		Skipping redundant alignment 82554 83077 | 1 524 | 524 524 | 99.62 | Klebsiella_pneumoniae_CP049891.1 k141_122
		Skipping redundant alignment 462 984 | 524 1 | 523 524 | 99.43 | Klebsiella_pneumoniae_CP049891.1 k141_122
		Skipping redundant alignment 41131 41655 | 525 1 | 525 525 | 100.0 | Klebsiella_pneumoniae_CP049891.1 k141_122
		Skipping redundant alignment 259406 259930 | 525 1 | 525 525 | 100.0 | Klebsiella_pneumoniae_CP049891.1 k141_122
		Skipping redundant alignment 294121 294645 | 525 1 | 525 525 | 99.62 | Klebsiella_pneumoniae_CP049891.1 k141_122
		Skipping redundant alignment 84440 84964 | 1 525 | 525 525 | 99.43 | Klebsiella_pneumoniae_CP049891.1 k141_122
		This contig has several significant sets of alignments. [An ambiguously mapped contig]
		Using only the very best set (option --ambiguity-usage is set to "one").
			The best set is below. Score: 525.0, number of alignments: 1, unaligned bases: 140
		Alignment: 36785 37309 | 525 1 | 525 525 | 100.0 | Klebsiella_pneumoniae_CP049891.1 k141_122

CONTIG: k141_151 (1990bp)
Best alignment score: 473.1 (LEN: 488, IDY: 96.94), Total number of alignments: 22
			Looking for the best set of alignments (out of 22 total alignments)
			Skipping redundant alignments after choosing the best set of alignments
		Skipping redundant alignment 21773 21880 | 442 549 | 108 108 | 100.0 | Klebsiella_pneumoniae_CP049891.1 k141_151
		Skipping redundant alignment 314400 314488 | 564 652 | 89 89 | 100.0 | Klebsiella_pneumoniae_CP049891.1 k141_151
		Skipping redundant alignment 259407 259514 | 659 552 | 108 108 | 100.0 | Klebsiella_pneumoniae_CP049891.1 k141_151
		Skipping redundant alignment 41132 41239 | 659 552 | 108 108 | 100.0 | Klebsiella_pneumoniae_CP049891.1 k141_151
		Skipping redundant alignment 320113 320220 | 659 552 | 108 108 | 100.0 | Klebsiella_pneumoniae_CP049891.1 k141_151
		Skipping redundant alignment 27611 27718 | 659 552 | 108 108 | 100.0 | Klebsiella_pneumoniae_CP049891.1 k141_151
		Skipping redundant alignment 251504 251611 | 659 552 | 108 108 | 100.0 | Klebsiella_pneumoniae_CP049891.1 k141_151
		Skipping redundant alignment 36786 36893 | 659 552 | 108 108 | 100.0 | Klebsiella_pneumoniae_CP049891.1 k141_151
		Skipping redundant alignment 462 569 | 659 552 | 108 108 | 100.0 | Klebsiella_pneumoniae_CP049891.1 k141_151
		Skipping redundant alignment 247452 247561 | 550 659 | 110 110 | 100.0 | Klebsiella_pneumoniae_CP049891.1 k141_151
		Skipping redundant alignment 55107 55216 | 550 659 | 110 110 | 100.0 | Klebsiella_pneumoniae_CP049891.1 k141_151
		Skipping redundant alignment 82968 83077 | 550 659 | 110 110 | 100.0 | Klebsiella_pneumoniae_CP049891.1 k141_151
		Skipping redundant alignment 84854 84963 | 550 659 | 110 110 | 100.0 | Klebsiella_pneumoniae_CP049891.1 k141_151
		Skipping redundant alignment 21883 21994 | 550 661 | 112 112 | 100.0 | Klebsiella_pneumoniae_CP049891.1 k141_151
		Skipping redundant alignment 18199 18300 | 1839 1738 | 102 102 | 100.0 | Klebsiella_pneumoniae_CP049891.1 k141_151
		Skipping redundant alignment 310701 310802 | 1839 1738 | 102 102 | 100.0 | Klebsiella_pneumoniae_CP049891.1 k141_151
		Skipping redundant alignment 16264 16366 | 1839 1737 | 103 103 | 100.0 | Klebsiella_pneumoniae_CP049891.1 k141_151
		Skipping redundant alignment 308766 308868 | 1839 1737 | 103 103 | 100.0 | Klebsiella_pneumoniae_CP049891.1 k141_151
		Skipping redundant alignment 307789 307904 | 1852 1737 | 116 116 | 100.0 | Klebsiella_pneumoniae_CP049891.1 k141_151
		This contig has several significant sets of alignments. [An ambiguously mapped contig]
		Using only the very best set (option --ambiguity-usage is set to "one").
			The best set is below. Score: 496.3, number of alignments: 3, unaligned bases: 1274
		This contig is misassembled.
		This contig is partially unaligned. (Aligned 716 out of 1990 non-N bases (35.98%))
			Warning! This contig is more unaligned than misassembled. Contig length is 1990 (number of Ns: 0) and total length of all aligns is 716
		Alignment: 294122 294611 | 659 172 | 490 488 | 96.94 | Klebsiella_pneumoniae_CP049891.1 k141_151
		Alignment: 89450 89564 | 774 663 | 115 112 | 96.52 | Klebsiella_pneumoniae_CP049891.1 k141_151
		Alignment: 15287 15402 | 1852 1737 | 116 116 | 100.0 | Klebsiella_pneumoniae_CP049891.1 k141_151
		Unaligned bases: 1274

CONTIG: k141_160 (213512bp)
Best alignment score: 142.0 (LEN: 142, IDY: 100.00), Total number of alignments: 2
			Looking for the best set of alignments (out of 2 total alignments)
			Skipping redundant alignments after choosing the best set of alignments
		Skipping redundant alignment 19203 19343 | 142 1 | 141 142 | 99.3 | Klebsiella_pneumoniae_CP049891.1 k141_160
		This contig has several significant sets of alignments. [An ambiguously mapped contig]
		Using only the very best set (option --ambiguity-usage is set to "one").
			The best set is below. Score: 142.0, number of alignments: 1, unaligned bases: 213370
		This contig is partially unaligned. (Aligned 142 out of 213512 non-N bases (0.07%))
		Alignment: 311704 311845 | 142 1 | 142 142 | 100.0 | Klebsiella_pneumoniae_CP049891.1 k141_160
		Unaligned bases: 143 to 213512 (213370)

CONTIG: k141_168 (31951bp)
Best alignment score: 140.0 (LEN: 140, IDY: 100.00), Total number of alignments: 2
			Looking for the best set of alignments (out of 2 total alignments)
			Skipping redundant alignments after choosing the best set of alignments
		Skipping redundant alignment 321639 321778 | 31951 31812 | 140 140 | 100.0 | Klebsiella_pneumoniae_CP049891.1 k141_168
		This contig has several significant sets of alignments. [An ambiguously mapped contig]
		Using only the very best set (option --ambiguity-usage is set to "one").
			The best set is below. Score: 140.0, number of alignments: 1, unaligned bases: 31811
		This contig is partially unaligned. (Aligned 140 out of 31951 non-N bases (0.44%))
		Alignment: 29140 29279 | 31951 31812 | 140 140 | 100.0 | Klebsiella_pneumoniae_CP049891.1 k141_168
		Unaligned bases: 1 to 31811 (31811)

CONTIG: k141_170 (164908bp)
Best alignment score: 142.0 (LEN: 142, IDY: 100.00), Total number of alignments: 2
			Looking for the best set of alignments (out of 2 total alignments)
			Skipping redundant alignments after choosing the best set of alignments
		Skipping redundant alignment 20365 20505 | 164908 164767 | 141 142 | 99.3 | Klebsiella_pneumoniae_CP049891.1 k141_170
		This contig has several significant sets of alignments. [An ambiguously mapped contig]
		Using only the very best set (option --ambiguity-usage is set to "one").
			The best set is below. Score: 142.0, number of alignments: 1, unaligned bases: 164766
		This contig is partially unaligned. (Aligned 142 out of 164908 non-N bases (0.09%))
		Alignment: 312868 313009 | 164908 164767 | 142 142 | 100.0 | Klebsiella_pneumoniae_CP049891.1 k141_170
		Unaligned bases: 1 to 164766 (164766)

CONTIG: k141_189 (25143bp)
Best alignment score: 187.0 (LEN: 189, IDY: 98.94), Total number of alignments: 2
			Looking for the best set of alignments (out of 2 total alignments)
			Skipping redundant alignments after choosing the best set of alignments
		Skipping redundant alignment 120176 120364 | 1274 1086 | 189 189 | 98.41 | Klebsiella_pneumoniae_CP049891.1 k141_189
		This contig has several significant sets of alignments. [An ambiguously mapped contig]
		Using only the very best set (option --ambiguity-usage is set to "one").
			The best set is below. Score: 187.0, number of alignments: 1, unaligned bases: 24954
		This contig is partially unaligned. (Aligned 189 out of 25143 non-N bases (0.75%))
		Alignment: 145182 145370 | 1086 1274 | 189 189 | 98.94 | Klebsiella_pneumoniae_CP049891.1 k141_189
		Unaligned bases: 1 to 1085 (1085)
		Unaligned bases: 1275 to 25143 (23869)

CONTIG: k141_202 (13943bp)
Best alignment score: 80.0 (LEN: 81, IDY: 98.77), Total number of alignments: 1
			Looking for the best set of alignments (out of 1 total alignments)
			The best set is below. Score: 80.0, number of alignments: 1, unaligned bases: 13862
		This contig is partially unaligned. (Aligned 81 out of 13943 non-N bases (0.58%))
		Alignment: 290125 290205 | 37 117 | 81 81 | 98.77 | Klebsiella_pneumoniae_CP049891.1 k141_202
		Unaligned bases: 1 to 36 (36)
		Unaligned bases: 118 to 13943 (13826)

CONTIG: k141_211 (8449bp)
Best alignment score: 1047.0 (LEN: 1058, IDY: 98.96), Total number of alignments: 7
			Looking for the best set of alignments (out of 7 total alignments)
			Skipping redundant alignments after choosing the best set of alignments
		Skipping redundant alignment 286097 287150 | 1058 4 | 1054 1055 | 97.63 | Klebsiella_pneumoniae_CP049891.1 k141_211
		Skipping redundant alignment 192670 193725 | 2 1058 | 1056 1057 | 98.01 | Klebsiella_pneumoniae_CP049891.1 k141_211
		Skipping redundant alignment 184660 185716 | 1058 1 | 1057 1058 | 98.3 | Klebsiella_pneumoniae_CP049891.1 k141_211
		Skipping redundant alignment 190857 191913 | 1 1058 | 1057 1058 | 97.26 | Klebsiella_pneumoniae_CP049891.1 k141_211
		Skipping redundant alignment 202768 203826 | 1 1060 | 1059 1060 | 96.7 | Klebsiella_pneumoniae_CP049891.1 k141_211
		Skipping redundant alignment 290125 290205 | 8345 8425 | 81 81 | 98.77 | Klebsiella_pneumoniae_CP049891.1 k141_211
		This contig has several significant sets of alignments. [An ambiguously mapped contig]
		Using only the very best set (option --ambiguity-usage is set to "one").
			The best set is below. Score: 1047.0, number of alignments: 1, unaligned bases: 7391
		This contig is partially unaligned. (Aligned 1058 out of 8449 non-N bases (12.52%))
		Alignment: 113487 114542 | 1 1058 | 1056 1058 | 98.96 | Klebsiella_pneumoniae_CP049891.1 k141_211
		Unaligned bases: 1059 to 8449 (7391)

CONTIG: k141_219 (1614bp)
Best alignment score: 249.0 (LEN: 250, IDY: 99.60), Total number of alignments: 32
			Looking for the best set of alignments (out of 32 total alignments)
			Skipping redundant alignments after choosing the best set of alignments
		Skipping redundant alignment 294694 294941 | 1 248 | 248 248 | 99.6 | Klebsiella_pneumoniae_CP049891.1 k141_219
		Skipping redundant alignment 252076 252323 | 1 248 | 248 248 | 99.6 | Klebsiella_pneumoniae_CP049891.1 k141_219
		Skipping redundant alignment 313676 313923 | 248 1 | 248 248 | 99.6 | Klebsiella_pneumoniae_CP049891.1 k141_219
		Skipping redundant alignment 82258 82505 | 248 1 | 248 248 | 99.6 | Klebsiella_pneumoniae_CP049891.1 k141_219
		Skipping redundant alignment 21172 21419 | 248 1 | 248 248 | 99.6 | Klebsiella_pneumoniae_CP049891.1 k141_219
		Skipping redundant alignment 259979 260226 | 1 248 | 248 248 | 99.6 | Klebsiella_pneumoniae_CP049891.1 k141_219
		Skipping redundant alignment 37358 37605 | 1 248 | 248 248 | 99.6 | Klebsiella_pneumoniae_CP049891.1 k141_219
		Skipping redundant alignment 41704 41951 | 1 248 | 248 248 | 99.6 | Klebsiella_pneumoniae_CP049891.1 k141_219
		Skipping redundant alignment 252494 252741 | 1 248 | 248 248 | 99.6 | Klebsiella_pneumoniae_CP049891.1 k141_219
		Skipping redundant alignment 260397 260644 | 1 248 | 248 248 | 99.6 | Klebsiella_pneumoniae_CP049891.1 k141_219
		Skipping redundant alignment 1033 1279 | 1 248 | 247 248 | 99.19 | Klebsiella_pneumoniae_CP049891.1 k141_219
		Skipping redundant alignment 54396 54644 | 249 1 | 249 249 | 99.6 | Klebsiella_pneumoniae_CP049891.1 k141_219
		Skipping redundant alignment 28183 28431 | 1 249 | 249 249 | 99.6 | Klebsiella_pneumoniae_CP049891.1 k141_219
		Skipping redundant alignment 320685 320932 | 1 249 | 248 249 | 99.2 | Klebsiella_pneumoniae_CP049891.1 k141_219
		Skipping redundant alignment 246740 246989 | 250 1 | 250 250 | 99.6 | Klebsiella_pneumoniae_CP049891.1 k141_219
		Skipping redundant alignment 37381 37521 | 1614 1474 | 141 141 | 100.0 | Klebsiella_pneumoniae_CP049891.1 k141_219
		Skipping redundant alignment 1056 1196 | 1614 1474 | 141 141 | 100.0 | Klebsiella_pneumoniae_CP049891.1 k141_219
		Skipping redundant alignment 294717 294857 | 1614 1474 | 141 141 | 100.0 | Klebsiella_pneumoniae_CP049891.1 k141_219
		Skipping redundant alignment 41727 41867 | 1614 1474 | 141 141 | 100.0 | Klebsiella_pneumoniae_CP049891.1 k141_219
		Skipping redundant alignment 313760 313900 | 1474 1614 | 141 141 | 100.0 | Klebsiella_pneumoniae_CP049891.1 k141_219
		Skipping redundant alignment 54481 54621 | 1474 1614 | 141 141 | 100.0 | Klebsiella_pneumoniae_CP049891.1 k141_219
		Skipping redundant alignment 260420 260560 | 1614 1474 | 141 141 | 100.0 | Klebsiella_pneumoniae_CP049891.1 k141_219
		Skipping redundant alignment 252099 252239 | 1614 1474 | 141 141 | 100.0 | Klebsiella_pneumoniae_CP049891.1 k141_219
		Skipping redundant alignment 28206 28346 | 1614 1474 | 141 141 | 100.0 | Klebsiella_pneumoniae_CP049891.1 k141_219
		Skipping redundant alignment 21256 21396 | 1474 1614 | 141 141 | 100.0 | Klebsiella_pneumoniae_CP049891.1 k141_219
		Skipping redundant alignment 84228 84368 | 1474 1614 | 141 141 | 100.0 | Klebsiella_pneumoniae_CP049891.1 k141_219
		Skipping redundant alignment 252517 252657 | 1614 1474 | 141 141 | 100.0 | Klebsiella_pneumoniae_CP049891.1 k141_219
		Skipping redundant alignment 246826 246966 | 1474 1614 | 141 141 | 100.0 | Klebsiella_pneumoniae_CP049891.1 k141_219
		Skipping redundant alignment 320708 320848 | 1614 1474 | 141 141 | 100.0 | Klebsiella_pneumoniae_CP049891.1 k141_219
		Skipping redundant alignment 260002 260142 | 1614 1474 | 141 141 | 100.0 | Klebsiella_pneumoniae_CP049891.1 k141_219
		This contig has several significant sets of alignments. [An ambiguously mapped contig]
		Using only the very best set (option --ambiguity-usage is set to "one").
			The best set is below. Score: 310.0, number of alignments: 2, unaligned bases: 1223
		This contig is misassembled.
		This contig is partially unaligned. (Aligned 391 out of 1614 non-N bases (24.23%))
			Warning! This contig is more unaligned than misassembled. Contig length is 1614 (number of Ns: 0) and total length of all aligns is 391
		Alignment: 84142 84391 | 250 1 | 250 250 | 99.6 | Klebsiella_pneumoniae_CP049891.1 k141_219
		Alignment: 82342 82482 | 1474 1614 | 141 141 | 100.0 | Klebsiella_pneumoniae_CP049891.1 k141_219
		Unaligned bases: 1223

CONTIG: k141_252 (9545bp)
Best alignment score: 141.0 (LEN: 141, IDY: 100.00), Total number of alignments: 2
			Looking for the best set of alignments (out of 2 total alignments)
			Skipping redundant alignments after choosing the best set of alignments
		Skipping redundant alignment 20365 20504 | 1 141 | 140 141 | 99.29 | Klebsiella_pneumoniae_CP049891.1 k141_252
		This contig has several significant sets of alignments. [An ambiguously mapped contig]
		Using only the very best set (option --ambiguity-usage is set to "one").
			The best set is below. Score: 141.0, number of alignments: 1, unaligned bases: 9404
		This contig is partially unaligned. (Aligned 141 out of 9545 non-N bases (1.48%))
		Alignment: 312868 313008 | 1 141 | 141 141 | 100.0 | Klebsiella_pneumoniae_CP049891.1 k141_252
		Unaligned bases: 142 to 9545 (9404)

CONTIG: k141_310 (554bp)
Best alignment score: 153.0 (LEN: 157, IDY: 97.45), Total number of alignments: 3
			Looking for the best set of alignments (out of 3 total alignments)
			Skipping redundant alignments after choosing the best set of alignments
		Skipping redundant alignment 120358 120514 | 157 1 | 157 157 | 96.18 | Klebsiella_pneumoniae_CP049891.1 k141_310
		Skipping redundant alignment 145034 145188 | 1 157 | 155 157 | 96.18 | Klebsiella_pneumoniae_CP049891.1 k141_310
			The best set is below. Score: 153.0, number of alignments: 1, unaligned bases: 397
		Alignment: 235805 235961 | 1 157 | 157 157 | 97.45 | Klebsiella_pneumoniae_CP049891.1 k141_310

CONTIG: k141_312 (1747bp)
Best alignment score: 139.0 (LEN: 139, IDY: 100.00), Total number of alignments: 15
			Looking for the best set of alignments (out of 15 total alignments)
			Skipping redundant alignments after choosing the best set of alignments
		Skipping redundant alignment 315449 315568 | 1 121 | 120 121 | 99.17 | Klebsiella_pneumoniae_CP049891.1 k141_312
		Skipping redundant alignment 41132 41269 | 1610 1747 | 138 138 | 100.0 | Klebsiella_pneumoniae_CP049891.1 k141_312
		Skipping redundant alignment 27611 27748 | 1610 1747 | 138 138 | 100.0 | Klebsiella_pneumoniae_CP049891.1 k141_312
		Skipping redundant alignment 36786 36923 | 1610 1747 | 138 138 | 100.0 | Klebsiella_pneumoniae_CP049891.1 k141_312
		Skipping redundant alignment 320113 320250 | 1610 1747 | 138 138 | 100.0 | Klebsiella_pneumoniae_CP049891.1 k141_312
		Skipping redundant alignment 259407 259544 | 1610 1747 | 138 138 | 100.0 | Klebsiella_pneumoniae_CP049891.1 k141_312
		Skipping redundant alignment 84826 84963 | 1747 1610 | 138 138 | 100.0 | Klebsiella_pneumoniae_CP049891.1 k141_312
		Skipping redundant alignment 294122 294259 | 1610 1747 | 138 138 | 99.28 | Klebsiella_pneumoniae_CP049891.1 k141_312
		Skipping redundant alignment 247424 247562 | 1747 1609 | 139 139 | 100.0 | Klebsiella_pneumoniae_CP049891.1 k141_312
		Skipping redundant alignment 251503 251641 | 1609 1747 | 139 139 | 100.0 | Klebsiella_pneumoniae_CP049891.1 k141_312
		Skipping redundant alignment 82940 83078 | 1747 1609 | 139 139 | 100.0 | Klebsiella_pneumoniae_CP049891.1 k141_312
		Skipping redundant alignment 55079 55217 | 1747 1609 | 139 139 | 100.0 | Klebsiella_pneumoniae_CP049891.1 k141_312
		Skipping redundant alignment 461 598 | 1609 1747 | 138 139 | 99.28 | Klebsiella_pneumoniae_CP049891.1 k141_312
		This contig has several significant sets of alignments. [An ambiguously mapped contig]
		Using only the very best set (option --ambiguity-usage is set to "one").
			The best set is below. Score: 172.0, number of alignments: 2, unaligned bases: 1488
		This contig is misassembled.
		This contig is partially unaligned. (Aligned 259 out of 1747 non-N bases (14.83%))
			Warning! This contig is more unaligned than misassembled. Contig length is 1747 (number of Ns: 0) and total length of all aligns is 259
		Alignment: 22946 23065 | 1 121 | 120 121 | 99.17 | Klebsiella_pneumoniae_CP049891.1 k141_312
		Alignment: 21855 21992 | 1747 1610 | 138 138 | 100.0 | Klebsiella_pneumoniae_CP049891.1 k141_312
		Unaligned bases: 1488

CONTIG: k141_321 (34309bp)
Best alignment score: 4112.1 (LEN: 4157, IDY: 98.92), Total number of alignments: 15
			Looking for the best set of alignments (out of 15 total alignments)
			Skipping redundant alignments after choosing the best set of alignments
		Skipping redundant alignment 287013 287150 | 1 138 | 138 138 | 99.28 | Klebsiella_pneumoniae_CP049891.1 k141_321
		Skipping redundant alignment 192670 192809 | 140 1 | 140 140 | 99.29 | Klebsiella_pneumoniae_CP049891.1 k141_321
		Skipping redundant alignment 185576 185716 | 1 141 | 141 141 | 99.29 | Klebsiella_pneumoniae_CP049891.1 k141_321
		Skipping redundant alignment 190857 190997 | 141 1 | 141 141 | 99.29 | Klebsiella_pneumoniae_CP049891.1 k141_321
		Skipping redundant alignment 113487 113627 | 141 1 | 141 141 | 99.29 | Klebsiella_pneumoniae_CP049891.1 k141_321
		Skipping redundant alignment 180183 180323 | 141 1 | 141 141 | 99.29 | Klebsiella_pneumoniae_CP049891.1 k141_321
		Skipping redundant alignment 148665 148805 | 141 1 | 141 141 | 99.29 | Klebsiella_pneumoniae_CP049891.1 k141_321
		Skipping redundant alignment 269634 269774 | 1 141 | 141 141 | 99.29 | Klebsiella_pneumoniae_CP049891.1 k141_321
		Skipping redundant alignment 202768 202908 | 141 1 | 141 141 | 99.29 | Klebsiella_pneumoniae_CP049891.1 k141_321
		Skipping redundant alignment 189189 189329 | 141 1 | 141 141 | 98.58 | Klebsiella_pneumoniae_CP049891.1 k141_321
		Skipping redundant alignment 105366 105507 | 142 1 | 142 142 | 99.3 | Klebsiella_pneumoniae_CP049891.1 k141_321
			The best set is below. Score: 6540.2, number of alignments: 4, unaligned bases: 27086
		This contig is misassembled.
		This contig is partially unaligned. (Aligned 7223 out of 34309 non-N bases (21.05%))
			Warning! This contig is more unaligned than misassembled. Contig length is 34309 (number of Ns: 0) and total length of all aligns is 7223
		Alignment: 106334 110490 | 1864 6020 | 4157 4157 | 98.92 | Klebsiella_pneumoniae_CP049891.1 k141_321
		Alignment: 110491 110780 | 6129 6419 | 290 291 | 99.31 | Klebsiella_pneumoniae_CP049891.1 k141_321
		Alignment: 167534 169922 | 30166 27729 | 2389 2438 | 95.42 | Klebsiella_pneumoniae_CP049891.1 k141_321
		Alignment: 120607 120943 | 34309 33973 | 337 337 | 100.0 | Klebsiella_pneumoniae_CP049891.1 k141_321
		Unaligned bases: 27086

CONTIG: k141_364 (630bp)
Best alignment score: 396.0 (LEN: 406, IDY: 97.54), Total number of alignments: 28
			Looking for the best set of alignments (out of 28 total alignments)
			Skipping redundant alignments after choosing the best set of alignments
		Skipping redundant alignment 54627 55032 | 1 406 | 406 406 | 97.54 | Klebsiella_pneumoniae_CP049891.1 k141_364
		Skipping redundant alignment 36970 37375 | 406 1 | 406 406 | 97.54 | Klebsiella_pneumoniae_CP049891.1 k141_364
		Skipping redundant alignment 251688 252093 | 406 1 | 406 406 | 97.54 | Klebsiella_pneumoniae_CP049891.1 k141_364
		Skipping redundant alignment 246972 247377 | 1 406 | 406 406 | 97.54 | Klebsiella_pneumoniae_CP049891.1 k141_364
		Skipping redundant alignment 259591 259996 | 406 1 | 406 406 | 97.54 | Klebsiella_pneumoniae_CP049891.1 k141_364
		Skipping redundant alignment 320297 320702 | 406 1 | 406 406 | 97.54 | Klebsiella_pneumoniae_CP049891.1 k141_364
		Skipping redundant alignment 27795 28200 | 406 1 | 406 406 | 97.54 | Klebsiella_pneumoniae_CP049891.1 k141_364
		Skipping redundant alignment 294306 294711 | 406 1 | 406 406 | 97.54 | Klebsiella_pneumoniae_CP049891.1 k141_364
		Skipping redundant alignment 313906 314312 | 1 406 | 407 406 | 97.3 | Klebsiella_pneumoniae_CP049891.1 k141_364
		Skipping redundant alignment 21402 21808 | 1 406 | 407 406 | 97.3 | Klebsiella_pneumoniae_CP049891.1 k141_364
		Skipping redundant alignment 645 1050 | 406 1 | 406 406 | 97.04 | Klebsiella_pneumoniae_CP049891.1 k141_364
		Skipping redundant alignment 82488 82893 | 1 406 | 406 406 | 97.04 | Klebsiella_pneumoniae_CP049891.1 k141_364
		Skipping redundant alignment 84374 84779 | 1 406 | 406 406 | 96.8 | Klebsiella_pneumoniae_CP049891.1 k141_364
		Skipping redundant alignment 251688 251922 | 395 630 | 235 236 | 99.58 | Klebsiella_pneumoniae_CP049891.1 k141_364
		Skipping redundant alignment 320297 320531 | 395 630 | 235 236 | 99.58 | Klebsiella_pneumoniae_CP049891.1 k141_364
		Skipping redundant alignment 247143 247377 | 630 395 | 235 236 | 99.58 | Klebsiella_pneumoniae_CP049891.1 k141_364
		Skipping redundant alignment 54798 55032 | 630 395 | 235 236 | 99.58 | Klebsiella_pneumoniae_CP049891.1 k141_364
		Skipping redundant alignment 27795 28029 | 395 630 | 235 236 | 99.58 | Klebsiella_pneumoniae_CP049891.1 k141_364
		Skipping redundant alignment 36970 37204 | 395 630 | 235 236 | 99.58 | Klebsiella_pneumoniae_CP049891.1 k141_364
		Skipping redundant alignment 294306 294540 | 395 630 | 235 236 | 99.58 | Klebsiella_pneumoniae_CP049891.1 k141_364
		Skipping redundant alignment 259591 259825 | 395 630 | 235 236 | 99.58 | Klebsiella_pneumoniae_CP049891.1 k141_364
		Skipping redundant alignment 21573 21808 | 630 395 | 236 236 | 99.16 | Klebsiella_pneumoniae_CP049891.1 k141_364
		Skipping redundant alignment 314077 314312 | 630 395 | 236 236 | 99.16 | Klebsiella_pneumoniae_CP049891.1 k141_364
		Skipping redundant alignment 645 879 | 395 630 | 235 236 | 98.73 | Klebsiella_pneumoniae_CP049891.1 k141_364
		Skipping redundant alignment 82659 82893 | 630 395 | 235 236 | 98.73 | Klebsiella_pneumoniae_CP049891.1 k141_364
		Skipping redundant alignment 84545 84779 | 630 395 | 235 236 | 98.31 | Klebsiella_pneumoniae_CP049891.1 k141_364
		This contig has several significant sets of alignments. [An ambiguously mapped contig]
		Using only the very best set (option --ambiguity-usage is set to "one").
			The best set is below. Score: 564.1, number of alignments: 2, unaligned bases: 0
		This contig is misassembled.
			Excluding internal overlap of size 12 between Alignment 1 and 2: 41316 41550 | 395 630 | 235 236 --> 41328 41550 | 407 630 | 223 224
			Real Alignment 1: 41316 41721 | 406 1 | 406 406 | 97.54 | Klebsiella_pneumoniae_CP049891.1 k141_364
			  Extensive misassembly (inversion) between these two alignments
			Real Alignment 2: 41328 41550 | 407 630 | 223 224 | 99.58 | Klebsiella_pneumoniae_CP049891.1 k141_364

CONTIG: k141_379 (98280bp)
Best alignment score: 141.0 (LEN: 143, IDY: 98.60), Total number of alignments: 11
			Looking for the best set of alignments (out of 11 total alignments)
			Skipping redundant alignments after choosing the best set of alignments
		Skipping redundant alignment 116679 116809 | 98140 98270 | 131 131 | 100.0 | Klebsiella_pneumoniae_CP049891.1 k141_379
		Skipping redundant alignment 114412 114542 | 98270 98140 | 131 131 | 100.0 | Klebsiella_pneumoniae_CP049891.1 k141_379
		Skipping redundant alignment 193585 193725 | 98280 98140 | 141 141 | 99.29 | Klebsiella_pneumoniae_CP049891.1 k141_379
		Skipping redundant alignment 191773 191913 | 98280 98140 | 141 141 | 99.29 | Klebsiella_pneumoniae_CP049891.1 k141_379
		Skipping redundant alignment 286097 286237 | 98140 98280 | 141 141 | 99.29 | Klebsiella_pneumoniae_CP049891.1 k141_379
		Skipping redundant alignment 268718 268858 | 98140 98280 | 141 141 | 99.29 | Klebsiella_pneumoniae_CP049891.1 k141_379
		Skipping redundant alignment 203684 203824 | 98280 98140 | 141 141 | 99.29 | Klebsiella_pneumoniae_CP049891.1 k141_379
		Skipping redundant alignment 181099 181239 | 98280 98140 | 141 141 | 99.29 | Klebsiella_pneumoniae_CP049891.1 k141_379
		Skipping redundant alignment 189718 189858 | 98280 98140 | 141 141 | 99.29 | Klebsiella_pneumoniae_CP049891.1 k141_379
		Skipping redundant alignment 184659 184800 | 98139 98280 | 142 142 | 97.89 | Klebsiella_pneumoniae_CP049891.1 k141_379
		This contig has several significant sets of alignments. [An ambiguously mapped contig]
		Using only the very best set (option --ambiguity-usage is set to "one").
			The best set is below. Score: 141.0, number of alignments: 1, unaligned bases: 98137
		This contig is partially unaligned. (Aligned 143 out of 98280 non-N bases (0.15%))
		Alignment: 170020 170162 | 98280 98138 | 143 143 | 98.6 | Klebsiella_pneumoniae_CP049891.1 k141_379
		Unaligned bases: 1 to 98137 (98137)

CONTIG: k141_406 (966bp)
Best alignment score: 142.0 (LEN: 143, IDY: 99.30), Total number of alignments: 11
			Looking for the best set of alignments (out of 11 total alignments)
			Skipping redundant alignments after choosing the best set of alignments
		Skipping redundant alignment 287013 287150 | 1 138 | 138 138 | 99.28 | Klebsiella_pneumoniae_CP049891.1 k141_406
		Skipping redundant alignment 192670 192809 | 140 1 | 140 140 | 99.29 | Klebsiella_pneumoniae_CP049891.1 k141_406
		Skipping redundant alignment 202768 202908 | 141 1 | 141 141 | 99.29 | Klebsiella_pneumoniae_CP049891.1 k141_406
		Skipping redundant alignment 185576 185716 | 1 141 | 141 141 | 99.29 | Klebsiella_pneumoniae_CP049891.1 k141_406
		Skipping redundant alignment 148665 148805 | 141 1 | 141 141 | 99.29 | Klebsiella_pneumoniae_CP049891.1 k141_406
		Skipping redundant alignment 180183 180323 | 141 1 | 141 141 | 99.29 | Klebsiella_pneumoniae_CP049891.1 k141_406
		Skipping redundant alignment 113487 113627 | 141 1 | 141 141 | 99.29 | Klebsiella_pneumoniae_CP049891.1 k141_406
		Skipping redundant alignment 105367 105507 | 141 1 | 141 141 | 99.29 | Klebsiella_pneumoniae_CP049891.1 k141_406
		Skipping redundant alignment 189189 189329 | 141 1 | 141 141 | 98.58 | Klebsiella_pneumoniae_CP049891.1 k141_406
		Skipping redundant alignment 269634 269775 | 1 142 | 142 142 | 99.3 | Klebsiella_pneumoniae_CP049891.1 k141_406
		This contig has several significant sets of alignments. [An ambiguously mapped contig]
		Using only the very best set (option --ambiguity-usage is set to "one").
			The best set is below. Score: 142.0, number of alignments: 1, unaligned bases: 823
		This contig is partially unaligned. (Aligned 143 out of 966 non-N bases (14.80%))
		Alignment: 190855 190997 | 143 1 | 143 143 | 99.3 | Klebsiella_pneumoniae_CP049891.1 k141_406
		Unaligned bases: 144 to 966 (823)

CONTIG: k141_418 (65279bp)
Best alignment score: 141.0 (LEN: 141, IDY: 100.00), Total number of alignments: 4
			Looking for the best set of alignments (out of 4 total alignments)
			Skipping redundant alignments after choosing the best set of alignments
		Skipping redundant alignment 19204 19343 | 141 1 | 140 141 | 99.29 | Klebsiella_pneumoniae_CP049891.1 k141_418
		Skipping redundant alignment 29141 29279 | 65279 65141 | 139 139 | 100.0 | Klebsiella_pneumoniae_CP049891.1 k141_418
		Skipping redundant alignment 321640 321778 | 65279 65141 | 139 139 | 100.0 | Klebsiella_pneumoniae_CP049891.1 k141_418
		This contig has several significant sets of alignments. [An ambiguously mapped contig]
		Using only the very best set (option --ambiguity-usage is set to "one").
			The best set is below. Score: 141.0, number of alignments: 1, unaligned bases: 65138
		This contig is partially unaligned. (Aligned 141 out of 65279 non-N bases (0.22%))
		Alignment: 311705 311845 | 141 1 | 141 141 | 100.0 | Klebsiella_pneumoniae_CP049891.1 k141_418
		Unaligned bases: 142 to 65279 (65138)

CONTIG: k141_444 (157716bp)
Best alignment score: 143.0 (LEN: 144, IDY: 99.31), Total number of alignments: 11
			Looking for the best set of alignments (out of 11 total alignments)
			Skipping redundant alignments after choosing the best set of alignments
		Skipping redundant alignment 287013 287150 | 1 138 | 138 138 | 99.28 | Klebsiella_pneumoniae_CP049891.1 k141_444
		Skipping redundant alignment 192670 192809 | 140 1 | 140 140 | 99.29 | Klebsiella_pneumoniae_CP049891.1 k141_444
		Skipping redundant alignment 190857 190997 | 141 1 | 141 141 | 99.29 | Klebsiella_pneumoniae_CP049891.1 k141_444
		Skipping redundant alignment 105367 105507 | 141 1 | 141 141 | 99.29 | Klebsiella_pneumoniae_CP049891.1 k141_444
		Skipping redundant alignment 202768 202908 | 141 1 | 141 141 | 99.29 | Klebsiella_pneumoniae_CP049891.1 k141_444
		Skipping redundant alignment 269634 269774 | 1 141 | 141 141 | 99.29 | Klebsiella_pneumoniae_CP049891.1 k141_444
		Skipping redundant alignment 185576 185717 | 1 142 | 142 142 | 99.3 | Klebsiella_pneumoniae_CP049891.1 k141_444
		Skipping redundant alignment 113486 113627 | 142 1 | 142 142 | 99.3 | Klebsiella_pneumoniae_CP049891.1 k141_444
		Skipping redundant alignment 148664 148805 | 142 1 | 142 142 | 99.3 | Klebsiella_pneumoniae_CP049891.1 k141_444
		Skipping redundant alignment 189188 189329 | 142 1 | 142 142 | 98.59 | Klebsiella_pneumoniae_CP049891.1 k141_444
			The best set is below. Score: 143.0, number of alignments: 1, unaligned bases: 157572
		This contig is partially unaligned. (Aligned 144 out of 157716 non-N bases (0.09%))
		Alignment: 180180 180323 | 144 1 | 144 144 | 99.31 | Klebsiella_pneumoniae_CP049891.1 k141_444
		Unaligned bases: 145 to 157716 (157572)

Analyzing coverage...
Writing SNPs into /home/hannelore/PROJECTHH/Tools/Quast/quast_results/results_2020_04_08_16_21_55/runs_per_reference/Klebsiella_pneumoniae/contigs_reports/minimap_output/ERR1795072-contigs.used_snps.gz

Analysis is finished!
Founded SNPs were written into /home/hannelore/PROJECTHH/Tools/Quast/quast_results/results_2020_04_08_16_21_55/runs_per_reference/Klebsiella_pneumoniae/contigs_reports/minimap_output/ERR1795072-contigs.used_snps.gz

Results:
	Local Misassemblies: 0
	Misassemblies: 4
		Relocations: 2
		Translocations: 0
		Inversions: 2
	Scaffold gap extensive misassemblies: 0
	Scaffold gap local misassemblies: 0
	Misassembled Contigs: 3
	Misassembled Contig Bases: 3318
	Misassemblies Inter-Contig Overlap: 0
Unaligned Contigs: 0 + 23 part
Half Unaligned Contigs with Misassemblies: 5
Unaligned Contig Bases: 1882713

Ambiguously Mapped Contigs: 22
Total Bases in Ambiguously Mapped Contigs: 1180650
Extra Bases in Ambiguously Mapped Contigs: 0
Note that --allow-ambiguity option was set to "one" and only first alignment per each of these contigs was used.

	Covered Bases: 21909

	SNPs: 180
	Insertions: 82
	Deletions: 11

