Aligning contigs to reference...
	Aligning contigs to the reference
Filtering alignments...
Parsing coords...
Loading reference...
	Loaded [Klebsiella_pneumoniae_CP049891.1]
	Total Regions: 1
	Total Region Length: 324283
Analyzing contigs...
CONTIG: k141_7 (22210bp)
Best alignment score: 2522.1 (LEN: 2561, IDY: 98.48), Total number of alignments: 22
			Looking for the best set of alignments (out of 22 total alignments)
			Skipping redundant alignments after choosing the best set of alignments
		Skipping redundant alignment 294803 294941 | 1 139 | 139 139 | 99.28 | Klebsiella_pneumoniae_CP049891.1 k141_7
		Skipping redundant alignment 28292 28430 | 1 139 | 139 139 | 99.28 | Klebsiella_pneumoniae_CP049891.1 k141_7
		Skipping redundant alignment 246742 246880 | 139 1 | 139 139 | 99.28 | Klebsiella_pneumoniae_CP049891.1 k141_7
		Skipping redundant alignment 54397 54535 | 139 1 | 139 139 | 99.28 | Klebsiella_pneumoniae_CP049891.1 k141_7
		Skipping redundant alignment 84144 84282 | 139 1 | 139 139 | 99.28 | Klebsiella_pneumoniae_CP049891.1 k141_7
		Skipping redundant alignment 260506 260644 | 1 139 | 139 139 | 99.28 | Klebsiella_pneumoniae_CP049891.1 k141_7
		Skipping redundant alignment 320794 320931 | 1 139 | 138 139 | 98.56 | Klebsiella_pneumoniae_CP049891.1 k141_7
		Skipping redundant alignment 82257 82396 | 140 1 | 140 140 | 99.29 | Klebsiella_pneumoniae_CP049891.1 k141_7
		Skipping redundant alignment 41813 41952 | 1 140 | 140 140 | 99.29 | Klebsiella_pneumoniae_CP049891.1 k141_7
		Skipping redundant alignment 252603 252742 | 1 140 | 140 140 | 99.29 | Klebsiella_pneumoniae_CP049891.1 k141_7
		Skipping redundant alignment 37467 37606 | 1 140 | 140 140 | 99.29 | Klebsiella_pneumoniae_CP049891.1 k141_7
		Skipping redundant alignment 1142 1280 | 1 140 | 139 140 | 98.57 | Klebsiella_pneumoniae_CP049891.1 k141_7
		Skipping redundant alignment 252185 252325 | 1 141 | 141 141 | 99.29 | Klebsiella_pneumoniae_CP049891.1 k141_7
		Skipping redundant alignment 260088 260228 | 1 141 | 141 141 | 99.29 | Klebsiella_pneumoniae_CP049891.1 k141_7
		Skipping redundant alignment 313673 313814 | 142 1 | 142 142 | 99.3 | Klebsiella_pneumoniae_CP049891.1 k141_7
		Skipping redundant alignment 21169 21310 | 142 1 | 142 142 | 99.3 | Klebsiella_pneumoniae_CP049891.1 k141_7
		Skipping redundant alignment 83074 83215 | 1 142 | 142 142 | 99.3 | Klebsiella_pneumoniae_CP049891.1 k141_7
		Skipping redundant alignment 324 465 | 142 1 | 142 142 | 99.3 | Klebsiella_pneumoniae_CP049891.1 k141_7
		Skipping redundant alignment 285966 286096 | 3251 3121 | 131 131 | 99.24 | Klebsiella_pneumoniae_CP049891.1 k141_7
		Skipping redundant alignment 315564 317207 | 14922 13277 | 1644 1646 | 98.72 | Klebsiella_pneumoniae_CP049891.1 k141_7
		This contig has several significant sets of alignments. [An ambiguously mapped contig]
		Using only the very best set (option --ambiguity-usage is set to "one").
			The best set is below. Score: 3897.2, number of alignments: 2, unaligned bases: 18003
		This contig is misassembled.
		This contig is partially unaligned. (Aligned 4207 out of 22210 non-N bases (18.94%))
			Warning! This contig is more unaligned than misassembled. Contig length is 22210 (number of Ns: 0) and total length of all aligns is 4207
		Alignment: 287154 289713 | 3129 569 | 2560 2561 | 98.48 | Klebsiella_pneumoniae_CP049891.1 k141_7
		Alignment: 23061 24705 | 14922 13277 | 1645 1646 | 98.78 | Klebsiella_pneumoniae_CP049891.1 k141_7
		Unaligned bases: 18003

CONTIG: k141_12 (5375bp)
Best alignment score: 1343.0 (LEN: 1343, IDY: 100.00), Total number of alignments: 10
			Looking for the best set of alignments (out of 10 total alignments)
			Skipping redundant alignments after choosing the best set of alignments
		Skipping redundant alignment 310798 310939 | 142 1 | 142 142 | 100.0 | Klebsiella_pneumoniae_CP049891.1 k141_12
		Skipping redundant alignment 18296 18438 | 142 1 | 143 142 | 99.3 | Klebsiella_pneumoniae_CP049891.1 k141_12
		Skipping redundant alignment 68310 69443 | 2078 3211 | 1134 1134 | 100.0 | Klebsiella_pneumoniae_CP049891.1 k141_12
		Skipping redundant alignment 306590 307906 | 3211 1895 | 1317 1317 | 100.0 | Klebsiella_pneumoniae_CP049891.1 k141_12
		Skipping redundant alignment 14090 15404 | 3211 1895 | 1315 1317 | 99.7 | Klebsiella_pneumoniae_CP049891.1 k141_12
		Skipping redundant alignment 298744 298866 | 5238 5360 | 123 123 | 100.0 | Klebsiella_pneumoniae_CP049891.1 k141_12
		Skipping redundant alignment 299761 299898 | 5375 5238 | 138 138 | 100.0 | Klebsiella_pneumoniae_CP049891.1 k141_12
			The best set is below. Score: 2064.4, number of alignments: 3, unaligned bases: 3033
		This contig is misassembled.
		This contig is partially unaligned. (Aligned 2342 out of 5375 non-N bases (43.57%))
			Warning! This contig is more unaligned than misassembled. Contig length is 5375 (number of Ns: 0) and total length of all aligns is 2342
		Alignment: 94286 94425 | 140 1 | 140 140 | 99.29 | Klebsiella_pneumoniae_CP049891.1 k141_12
		Alignment: 91805 92663 | 1900 1042 | 859 859 | 99.77 | Klebsiella_pneumoniae_CP049891.1 k141_12
		Alignment: 300544 301886 | 3492 2150 | 1343 1343 | 100.0 | Klebsiella_pneumoniae_CP049891.1 k141_12
		Unaligned bases: 3033

CONTIG: k141_41 (149771bp)
Best alignment score: 143.0 (LEN: 144, IDY: 99.31), Total number of alignments: 11
			Looking for the best set of alignments (out of 11 total alignments)
			Skipping redundant alignments after choosing the best set of alignments
		Skipping redundant alignment 287013 287150 | 149771 149634 | 138 138 | 99.28 | Klebsiella_pneumoniae_CP049891.1 k141_41
		Skipping redundant alignment 192670 192809 | 149632 149771 | 140 140 | 99.29 | Klebsiella_pneumoniae_CP049891.1 k141_41
		Skipping redundant alignment 105367 105507 | 149631 149771 | 141 141 | 99.29 | Klebsiella_pneumoniae_CP049891.1 k141_41
		Skipping redundant alignment 202768 202908 | 149631 149771 | 141 141 | 99.29 | Klebsiella_pneumoniae_CP049891.1 k141_41
		Skipping redundant alignment 190857 190997 | 149631 149771 | 141 141 | 99.29 | Klebsiella_pneumoniae_CP049891.1 k141_41
		Skipping redundant alignment 269634 269774 | 149771 149631 | 141 141 | 99.29 | Klebsiella_pneumoniae_CP049891.1 k141_41
		Skipping redundant alignment 113486 113627 | 149630 149771 | 142 142 | 99.3 | Klebsiella_pneumoniae_CP049891.1 k141_41
		Skipping redundant alignment 148664 148805 | 149630 149771 | 142 142 | 99.3 | Klebsiella_pneumoniae_CP049891.1 k141_41
		Skipping redundant alignment 185576 185717 | 149771 149630 | 142 142 | 99.3 | Klebsiella_pneumoniae_CP049891.1 k141_41
		Skipping redundant alignment 189188 189329 | 149630 149771 | 142 142 | 98.59 | Klebsiella_pneumoniae_CP049891.1 k141_41
			The best set is below. Score: 143.0, number of alignments: 1, unaligned bases: 149627
		This contig is partially unaligned. (Aligned 144 out of 149771 non-N bases (0.10%))
		Alignment: 180180 180323 | 149628 149771 | 144 144 | 99.31 | Klebsiella_pneumoniae_CP049891.1 k141_41
		Unaligned bases: 1 to 149627 (149627)

CONTIG: k141_69 (790bp)
Best alignment score: 781.0 (LEN: 790, IDY: 98.86), Total number of alignments: 6
		Skipping these alignments as insignificant (option --ambiguity-score is set to "0.99"):
			Skipping alignment 192670 193457 | 789 1 | 788 789 | 97.47 | Klebsiella_pneumoniae_CP049891.1 k141_69
			Skipping alignment 190857 191645 | 790 1 | 789 790 | 96.71 | Klebsiella_pneumoniae_CP049891.1 k141_69
			Skipping alignment 184942 185716 | 15 790 | 775 776 | 98.45 | Klebsiella_pneumoniae_CP049891.1 k141_69
			Skipping alignment 286365 287150 | 1 787 | 786 787 | 96.95 | Klebsiella_pneumoniae_CP049891.1 k141_69
			Skipping alignment 105367 106141 | 790 15 | 775 776 | 97.68 | Klebsiella_pneumoniae_CP049891.1 k141_69
		One align captures most of this contig: 113487 114274 | 790 1 | 788 790 | 98.86 | Klebsiella_pneumoniae_CP049891.1 k141_69

CONTIG: k141_93 (14119bp)
Best alignment score: 344.0 (LEN: 352, IDY: 97.73), Total number of alignments: 3
			Looking for the best set of alignments (out of 3 total alignments)
			Skipping redundant alignments after choosing the best set of alignments
		Skipping redundant alignment 145182 145370 | 12426 12238 | 189 189 | 98.94 | Klebsiella_pneumoniae_CP049891.1 k141_93
		Skipping redundant alignment 120176 120364 | 12238 12426 | 189 189 | 98.41 | Klebsiella_pneumoniae_CP049891.1 k141_93
			The best set is below. Score: 344.0, number of alignments: 1, unaligned bases: 13767
		This contig is partially unaligned. (Aligned 352 out of 14119 non-N bases (2.49%))
		Alignment: 120358 120709 | 13768 14119 | 352 352 | 97.73 | Klebsiella_pneumoniae_CP049891.1 k141_93
		Unaligned bases: 1 to 13767 (13767)

CONTIG: k141_95 (178947bp)
Best alignment score: 1072.0 (LEN: 1075, IDY: 99.72), Total number of alignments: 4
			Looking for the best set of alignments (out of 4 total alignments)
			Skipping redundant alignments after choosing the best set of alignments
		Skipping redundant alignment 320932 321776 | 52228 51382 | 845 847 | 99.76 | Klebsiella_pneumoniae_CP049891.1 k141_95
		Skipping redundant alignment 21993 23064 | 52221 53295 | 1072 1075 | 99.63 | Klebsiella_pneumoniae_CP049891.1 k141_95
		This contig has several significant sets of alignments. [An ambiguously mapped contig]
		Using only the very best set (option --ambiguity-usage is set to "one").
			The best set is below. Score: 1656.1, number of alignments: 2, unaligned bases: 177033
		This contig is misassembled.
		This contig is partially unaligned. (Aligned 1914 out of 178947 non-N bases (1.07%))
			Warning! This contig is more unaligned than misassembled. Contig length is 178947 (number of Ns: 0) and total length of all aligns is 1914
		Alignment: 28431 29277 | 52228 51382 | 847 847 | 100.0 | Klebsiella_pneumoniae_CP049891.1 k141_95
		Alignment: 314495 315567 | 52221 53295 | 1073 1075 | 99.72 | Klebsiella_pneumoniae_CP049891.1 k141_95
		Unaligned bases: 177033

CONTIG: k141_97 (10706bp)
Best alignment score: 1304.0 (LEN: 1304, IDY: 100.00), Total number of alignments: 2
			Looking for the best set of alignments (out of 2 total alignments)
			Skipping redundant alignments after choosing the best set of alignments
		Skipping redundant alignment 19204 20504 | 1 1304 | 1301 1304 | 99.77 | Klebsiella_pneumoniae_CP049891.1 k141_97
		This contig has several significant sets of alignments. [An ambiguously mapped contig]
		Using only the very best set (option --ambiguity-usage is set to "one").
			The best set is below. Score: 1304.0, number of alignments: 1, unaligned bases: 9402
		This contig is partially unaligned. (Aligned 1304 out of 10706 non-N bases (12.18%))
		Alignment: 311705 313008 | 1 1304 | 1304 1304 | 100.0 | Klebsiella_pneumoniae_CP049891.1 k141_97
		Unaligned bases: 1305 to 10706 (9402)

CONTIG: k141_103 (1356bp)
Best alignment score: 1352.0 (LEN: 1355, IDY: 99.78), Total number of alignments: 1
		One align captures most of this contig: 94286 95640 | 1355 1 | 1355 1355 | 99.78 | Klebsiella_pneumoniae_CP049891.1 k141_103

CONTIG: k141_104 (1057bp)
Best alignment score: 1037.0 (LEN: 1057, IDY: 98.11), Total number of alignments: 5
		Skipping these alignments as insignificant (option --ambiguity-score is set to "0.99"):
			Skipping alignment 190857 191913 | 1057 1 | 1057 1057 | 96.31 | Klebsiella_pneumoniae_CP049891.1 k141_104
			Skipping alignment 286097 287150 | 1 1054 | 1054 1054 | 96.11 | Klebsiella_pneumoniae_CP049891.1 k141_104
		This contig has 3 significant alignments. [An ambiguously mapped contig]
		Using only first of these alignment (option --ambiguity-usage is set to "one"):
			Alignment: 268718 269774 | 1 1057 | 1057 1057 | 98.11 | Klebsiella_pneumoniae_CP049891.1 k141_104
			Skipping alignment 180183 181239 | 1057 1 | 1057 1057 | 97.73 | Klebsiella_pneumoniae_CP049891.1 k141_104
			Skipping alignment 202768 203824 | 1057 1 | 1057 1057 | 97.26 | Klebsiella_pneumoniae_CP049891.1 k141_104

CONTIG: k141_108 (864bp)
Best alignment score: 140.0 (LEN: 140, IDY: 100.00), Total number of alignments: 2
			Looking for the best set of alignments (out of 2 total alignments)
			Skipping redundant alignments after choosing the best set of alignments
		Skipping redundant alignment 29140 29279 | 864 725 | 140 140 | 100.0 | Klebsiella_pneumoniae_CP049891.1 k141_108
		This contig has several significant sets of alignments. [An ambiguously mapped contig]
		Using only the very best set (option --ambiguity-usage is set to "one").
			The best set is below. Score: 140.0, number of alignments: 1, unaligned bases: 724
		This contig is partially unaligned. (Aligned 140 out of 864 non-N bases (16.20%))
		Alignment: 321639 321778 | 864 725 | 140 140 | 100.0 | Klebsiella_pneumoniae_CP049891.1 k141_108
		Unaligned bases: 1 to 724 (724)

CONTIG: k141_111 (634bp)
Best alignment score: 268.0 (LEN: 270, IDY: 99.26), Total number of alignments: 21
			Looking for the best set of alignments (out of 21 total alignments)
			Skipping redundant alignments after choosing the best set of alignments
		Skipping redundant alignment 310029 310298 | 270 1 | 270 270 | 99.26 | Klebsiella_pneumoniae_CP049891.1 k141_111
		Skipping redundant alignment 326 465 | 494 633 | 140 140 | 100.0 | Klebsiella_pneumoniae_CP049891.1 k141_111
		Skipping redundant alignment 83074 83213 | 633 494 | 140 140 | 100.0 | Klebsiella_pneumoniae_CP049891.1 k141_111
		Skipping redundant alignment 54397 54536 | 495 634 | 140 140 | 100.0 | Klebsiella_pneumoniae_CP049891.1 k141_111
		Skipping redundant alignment 246742 246881 | 495 634 | 140 140 | 100.0 | Klebsiella_pneumoniae_CP049891.1 k141_111
		Skipping redundant alignment 260505 260644 | 634 495 | 140 140 | 100.0 | Klebsiella_pneumoniae_CP049891.1 k141_111
		Skipping redundant alignment 294802 294941 | 634 495 | 140 140 | 100.0 | Klebsiella_pneumoniae_CP049891.1 k141_111
		Skipping redundant alignment 28291 28430 | 634 495 | 140 140 | 100.0 | Klebsiella_pneumoniae_CP049891.1 k141_111
		Skipping redundant alignment 320793 320931 | 634 495 | 139 140 | 99.29 | Klebsiella_pneumoniae_CP049891.1 k141_111
		Skipping redundant alignment 21171 21311 | 494 634 | 141 141 | 100.0 | Klebsiella_pneumoniae_CP049891.1 k141_111
		Skipping redundant alignment 252184 252324 | 634 494 | 141 141 | 100.0 | Klebsiella_pneumoniae_CP049891.1 k141_111
		Skipping redundant alignment 313675 313815 | 494 634 | 141 141 | 100.0 | Klebsiella_pneumoniae_CP049891.1 k141_111
		Skipping redundant alignment 260087 260227 | 634 494 | 141 141 | 100.0 | Klebsiella_pneumoniae_CP049891.1 k141_111
		Skipping redundant alignment 37466 37607 | 634 493 | 142 142 | 100.0 | Klebsiella_pneumoniae_CP049891.1 k141_111
		Skipping redundant alignment 41812 41953 | 634 493 | 142 142 | 100.0 | Klebsiella_pneumoniae_CP049891.1 k141_111
		Skipping redundant alignment 82256 82397 | 493 634 | 142 142 | 100.0 | Klebsiella_pneumoniae_CP049891.1 k141_111
		Skipping redundant alignment 1141 1281 | 634 493 | 141 142 | 99.3 | Klebsiella_pneumoniae_CP049891.1 k141_111
		Skipping redundant alignment 252602 252745 | 634 491 | 144 144 | 100.0 | Klebsiella_pneumoniae_CP049891.1 k141_111
		This contig has several significant sets of alignments. [An ambiguously mapped contig]
		Using only the very best set (option --ambiguity-usage is set to "one").
			The best set is below. Score: 529.3, number of alignments: 3, unaligned bases: 0
		This contig is misassembled.
			Excluding internal overlap of size 5 between Alignment 1 and 2: 90031 90259 | 494 266 | 229 229 --> 90031 90254 | 494 271 | 224 224
			Real Alignment 1: 17527 17796 | 270 1 | 270 270 | 99.26 | Klebsiella_pneumoniae_CP049891.1 k141_111
			  Extensive misassembly (relocation, inconsistency = -72728) between these two alignments
			Real Alignment 2: 90031 90254 | 494 271 | 224 224 | 100.0 | Klebsiella_pneumoniae_CP049891.1 k141_111
			  Extensive misassembly (relocation, inconsistency = 5747) between these two alignments
			Real Alignment 3: 84144 84283 | 495 634 | 140 140 | 100.0 | Klebsiella_pneumoniae_CP049891.1 k141_111

CONTIG: k141_123 (123245bp)
Best alignment score: 140.0 (LEN: 140, IDY: 100.00), Total number of alignments: 1
			Looking for the best set of alignments (out of 1 total alignments)
			The best set is below. Score: 140.0, number of alignments: 1, unaligned bases: 123105
		This contig is partially unaligned. (Aligned 140 out of 123245 non-N bases (0.11%))
		Alignment: 186168 186307 | 1 140 | 140 140 | 100.0 | Klebsiella_pneumoniae_CP049891.1 k141_123
		Unaligned bases: 141 to 123245 (123105)

CONTIG: k141_146 (790bp)
Best alignment score: 520.0 (LEN: 521, IDY: 99.81), Total number of alignments: 2
			Looking for the best set of alignments (out of 2 total alignments)
			Skipping redundant alignments after choosing the best set of alignments
		Skipping redundant alignment 17656 18176 | 790 270 | 521 521 | 99.81 | Klebsiella_pneumoniae_CP049891.1 k141_146
		This contig has several significant sets of alignments. [An ambiguously mapped contig]
		Using only the very best set (option --ambiguity-usage is set to "one").
			The best set is below. Score: 520.0, number of alignments: 1, unaligned bases: 269
		Alignment: 310158 310678 | 790 270 | 521 521 | 99.81 | Klebsiella_pneumoniae_CP049891.1 k141_146

CONTIG: k141_155 (1910bp)
Best alignment score: 202.0 (LEN: 203, IDY: 99.51), Total number of alignments: 34
			Looking for the best set of alignments (out of 34 total alignments)
			Skipping redundant alignments after choosing the best set of alignments
		Skipping redundant alignment 41751 41951 | 1 201 | 201 201 | 99.5 | Klebsiella_pneumoniae_CP049891.1 k141_155
		Skipping redundant alignment 294741 294941 | 1 201 | 201 201 | 99.5 | Klebsiella_pneumoniae_CP049891.1 k141_155
		Skipping redundant alignment 313676 313876 | 201 1 | 201 201 | 99.5 | Klebsiella_pneumoniae_CP049891.1 k141_155
		Skipping redundant alignment 260444 260644 | 1 201 | 201 201 | 99.5 | Klebsiella_pneumoniae_CP049891.1 k141_155
		Skipping redundant alignment 82258 82458 | 201 1 | 201 201 | 99.5 | Klebsiella_pneumoniae_CP049891.1 k141_155
		Skipping redundant alignment 260026 260226 | 1 201 | 201 201 | 99.5 | Klebsiella_pneumoniae_CP049891.1 k141_155
		Skipping redundant alignment 21172 21372 | 201 1 | 201 201 | 99.5 | Klebsiella_pneumoniae_CP049891.1 k141_155
		Skipping redundant alignment 252541 252741 | 1 201 | 201 201 | 99.5 | Klebsiella_pneumoniae_CP049891.1 k141_155
		Skipping redundant alignment 252123 252323 | 1 201 | 201 201 | 99.5 | Klebsiella_pneumoniae_CP049891.1 k141_155
		Skipping redundant alignment 37405 37605 | 1 201 | 201 201 | 99.5 | Klebsiella_pneumoniae_CP049891.1 k141_155
		Skipping redundant alignment 1080 1279 | 1 201 | 200 201 | 99.0 | Klebsiella_pneumoniae_CP049891.1 k141_155
		Skipping redundant alignment 54396 54597 | 202 1 | 202 202 | 99.5 | Klebsiella_pneumoniae_CP049891.1 k141_155
		Skipping redundant alignment 246741 246942 | 202 1 | 202 202 | 99.5 | Klebsiella_pneumoniae_CP049891.1 k141_155
		Skipping redundant alignment 28230 28432 | 1 203 | 203 203 | 99.51 | Klebsiella_pneumoniae_CP049891.1 k141_155
		Skipping redundant alignment 320732 320933 | 1 203 | 202 203 | 99.01 | Klebsiella_pneumoniae_CP049891.1 k141_155
		Skipping redundant alignment 327 465 | 1771 1909 | 139 139 | 100.0 | Klebsiella_pneumoniae_CP049891.1 k141_155
		Skipping redundant alignment 252184 252323 | 1910 1771 | 140 140 | 100.0 | Klebsiella_pneumoniae_CP049891.1 k141_155
		Skipping redundant alignment 252602 252741 | 1910 1771 | 140 140 | 100.0 | Klebsiella_pneumoniae_CP049891.1 k141_155
		Skipping redundant alignment 54397 54536 | 1771 1910 | 140 140 | 100.0 | Klebsiella_pneumoniae_CP049891.1 k141_155
		Skipping redundant alignment 260087 260226 | 1910 1771 | 140 140 | 100.0 | Klebsiella_pneumoniae_CP049891.1 k141_155
		Skipping redundant alignment 84144 84283 | 1771 1910 | 140 140 | 100.0 | Klebsiella_pneumoniae_CP049891.1 k141_155
		Skipping redundant alignment 28291 28430 | 1910 1771 | 140 140 | 100.0 | Klebsiella_pneumoniae_CP049891.1 k141_155
		Skipping redundant alignment 21172 21311 | 1771 1910 | 140 140 | 100.0 | Klebsiella_pneumoniae_CP049891.1 k141_155
		Skipping redundant alignment 82258 82397 | 1771 1910 | 140 140 | 100.0 | Klebsiella_pneumoniae_CP049891.1 k141_155
		Skipping redundant alignment 313676 313815 | 1771 1910 | 140 140 | 100.0 | Klebsiella_pneumoniae_CP049891.1 k141_155
		Skipping redundant alignment 246742 246881 | 1771 1910 | 140 140 | 100.0 | Klebsiella_pneumoniae_CP049891.1 k141_155
		Skipping redundant alignment 41812 41951 | 1910 1771 | 140 140 | 100.0 | Klebsiella_pneumoniae_CP049891.1 k141_155
		Skipping redundant alignment 37466 37605 | 1910 1771 | 140 140 | 100.0 | Klebsiella_pneumoniae_CP049891.1 k141_155
		Skipping redundant alignment 260505 260644 | 1910 1771 | 140 140 | 100.0 | Klebsiella_pneumoniae_CP049891.1 k141_155
		Skipping redundant alignment 1141 1279 | 1910 1771 | 139 140 | 99.29 | Klebsiella_pneumoniae_CP049891.1 k141_155
		Skipping redundant alignment 320793 320931 | 1910 1771 | 139 140 | 99.29 | Klebsiella_pneumoniae_CP049891.1 k141_155
		Skipping redundant alignment 294802 294942 | 1910 1770 | 141 141 | 100.0 | Klebsiella_pneumoniae_CP049891.1 k141_155
			The best set is below. Score: 322.0, number of alignments: 2, unaligned bases: 1569
		This contig is misassembled.
		This contig is partially unaligned. (Aligned 341 out of 1910 non-N bases (17.85%))
			Warning! This contig is more unaligned than misassembled. Contig length is 1910 (number of Ns: 0) and total length of all aligns is 341
		Alignment: 84143 84344 | 202 1 | 202 202 | 99.5 | Klebsiella_pneumoniae_CP049891.1 k141_155
		Alignment: 83074 83212 | 1909 1771 | 139 139 | 100.0 | Klebsiella_pneumoniae_CP049891.1 k141_155
		Unaligned bases: 1569

CONTIG: k141_168 (20955bp)
Best alignment score: 235.0 (LEN: 235, IDY: 100.00), Total number of alignments: 3
			Looking for the best set of alignments (out of 3 total alignments)
			Skipping redundant alignments after choosing the best set of alignments
		Skipping redundant alignment 174921 175036 | 17549 17664 | 116 116 | 95.69 | Klebsiella_pneumoniae_CP049891.1 k141_168
		Skipping redundant alignment 110375 110491 | 17664 17548 | 117 117 | 99.15 | Klebsiella_pneumoniae_CP049891.1 k141_168
			The best set is below. Score: 235.0, number of alignments: 1, unaligned bases: 20720
		This contig is partially unaligned. (Aligned 235 out of 20955 non-N bases (1.12%))
		Alignment: 186073 186307 | 862 1096 | 235 235 | 100.0 | Klebsiella_pneumoniae_CP049891.1 k141_168
		Unaligned bases: 1 to 861 (861)
		Unaligned bases: 1097 to 20955 (19859)

CONTIG: k141_210 (6207bp)
Best alignment score: 534.0 (LEN: 534, IDY: 100.00), Total number of alignments: 2
			Looking for the best set of alignments (out of 2 total alignments)
			The best set is below. Score: 795.0, number of alignments: 2, unaligned bases: 5159
		This contig is misassembled.
		This contig is partially unaligned. (Aligned 1048 out of 6207 non-N bases (16.88%))
			Warning! This contig is more unaligned than misassembled. Contig length is 6207 (number of Ns: 0) and total length of all aligns is 1048
		Alignment: 95500 96013 | 1 514 | 514 514 | 99.42 | Klebsiella_pneumoniae_CP049891.1 k141_210
		Alignment: 120176 120709 | 5674 6207 | 534 534 | 100.0 | Klebsiella_pneumoniae_CP049891.1 k141_210
		Unaligned bases: 5159

CONTIG: k141_213 (31950bp)
Best alignment score: 140.0 (LEN: 140, IDY: 100.00), Total number of alignments: 2
			Looking for the best set of alignments (out of 2 total alignments)
			Skipping redundant alignments after choosing the best set of alignments
		Skipping redundant alignment 321639 321778 | 31950 31811 | 140 140 | 100.0 | Klebsiella_pneumoniae_CP049891.1 k141_213
		This contig has several significant sets of alignments. [An ambiguously mapped contig]
		Using only the very best set (option --ambiguity-usage is set to "one").
			The best set is below. Score: 140.0, number of alignments: 1, unaligned bases: 31810
		This contig is partially unaligned. (Aligned 140 out of 31950 non-N bases (0.44%))
		Alignment: 29140 29279 | 31950 31811 | 140 140 | 100.0 | Klebsiella_pneumoniae_CP049891.1 k141_213
		Unaligned bases: 1 to 31810 (31810)

CONTIG: k141_241 (1321bp)
Best alignment score: 322.0 (LEN: 337, IDY: 95.55), Total number of alignments: 3
			Looking for the best set of alignments (out of 3 total alignments)
			Skipping redundant alignments after choosing the best set of alignments
		Skipping redundant alignment 295622 295851 | 337 108 | 230 230 | 98.26 | Klebsiella_pneumoniae_CP049891.1 k141_241
		Skipping redundant alignment 144632 144861 | 337 108 | 230 230 | 96.96 | Klebsiella_pneumoniae_CP049891.1 k141_241
			The best set is below. Score: 322.0, number of alignments: 1, unaligned bases: 984
		This contig is partially unaligned. (Aligned 337 out of 1321 non-N bases (25.51%))
		Alignment: 120607 120943 | 1 337 | 337 337 | 95.55 | Klebsiella_pneumoniae_CP049891.1 k141_241
		Unaligned bases: 338 to 1321 (984)

CONTIG: k141_380 (10066bp)
Best alignment score: 409.0 (LEN: 411, IDY: 99.51), Total number of alignments: 9
			Looking for the best set of alignments (out of 9 total alignments)
			Skipping redundant alignments after choosing the best set of alignments
		Skipping redundant alignment 116679 117061 | 409 26 | 383 384 | 99.22 | Klebsiella_pneumoniae_CP049891.1 k141_380
		Skipping redundant alignment 193325 193725 | 9 409 | 401 401 | 99.25 | Klebsiella_pneumoniae_CP049891.1 k141_380
		Skipping redundant alignment 286097 286505 | 409 1 | 409 409 | 99.51 | Klebsiella_pneumoniae_CP049891.1 k141_380
		Skipping redundant alignment 114135 114542 | 1 409 | 408 409 | 99.27 | Klebsiella_pneumoniae_CP049891.1 k141_380
		Skipping redundant alignment 191505 191913 | 1 409 | 409 409 | 99.02 | Klebsiella_pneumoniae_CP049891.1 k141_380
		Skipping redundant alignment 268718 269126 | 409 1 | 409 409 | 99.02 | Klebsiella_pneumoniae_CP049891.1 k141_380
		Skipping redundant alignment 180831 181240 | 1 410 | 410 410 | 99.51 | Klebsiella_pneumoniae_CP049891.1 k141_380
		Skipping redundant alignment 290125 290205 | 7696 7776 | 81 81 | 98.77 | Klebsiella_pneumoniae_CP049891.1 k141_380
		This contig has several significant sets of alignments. [An ambiguously mapped contig]
		Using only the very best set (option --ambiguity-usage is set to "one").
			The best set is below. Score: 409.0, number of alignments: 1, unaligned bases: 9655
		This contig is partially unaligned. (Aligned 411 out of 10066 non-N bases (4.08%))
		Alignment: 203416 203826 | 1 411 | 411 411 | 99.51 | Klebsiella_pneumoniae_CP049891.1 k141_380
		Unaligned bases: 412 to 10066 (9655)

CONTIG: k141_398 (1747bp)
Best alignment score: 139.0 (LEN: 139, IDY: 100.00), Total number of alignments: 15
			Looking for the best set of alignments (out of 15 total alignments)
			Skipping redundant alignments after choosing the best set of alignments
		Skipping redundant alignment 315449 315568 | 1 121 | 120 121 | 99.17 | Klebsiella_pneumoniae_CP049891.1 k141_398
		Skipping redundant alignment 36786 36923 | 1610 1747 | 138 138 | 100.0 | Klebsiella_pneumoniae_CP049891.1 k141_398
		Skipping redundant alignment 320113 320250 | 1610 1747 | 138 138 | 100.0 | Klebsiella_pneumoniae_CP049891.1 k141_398
		Skipping redundant alignment 41132 41269 | 1610 1747 | 138 138 | 100.0 | Klebsiella_pneumoniae_CP049891.1 k141_398
		Skipping redundant alignment 27611 27748 | 1610 1747 | 138 138 | 100.0 | Klebsiella_pneumoniae_CP049891.1 k141_398
		Skipping redundant alignment 84826 84963 | 1747 1610 | 138 138 | 100.0 | Klebsiella_pneumoniae_CP049891.1 k141_398
		Skipping redundant alignment 259407 259544 | 1610 1747 | 138 138 | 100.0 | Klebsiella_pneumoniae_CP049891.1 k141_398
		Skipping redundant alignment 294122 294259 | 1610 1747 | 138 138 | 99.28 | Klebsiella_pneumoniae_CP049891.1 k141_398
		Skipping redundant alignment 82940 83078 | 1747 1609 | 139 139 | 100.0 | Klebsiella_pneumoniae_CP049891.1 k141_398
		Skipping redundant alignment 55079 55217 | 1747 1609 | 139 139 | 100.0 | Klebsiella_pneumoniae_CP049891.1 k141_398
		Skipping redundant alignment 247424 247562 | 1747 1609 | 139 139 | 100.0 | Klebsiella_pneumoniae_CP049891.1 k141_398
		Skipping redundant alignment 251503 251641 | 1609 1747 | 139 139 | 100.0 | Klebsiella_pneumoniae_CP049891.1 k141_398
		Skipping redundant alignment 461 598 | 1609 1747 | 138 139 | 99.28 | Klebsiella_pneumoniae_CP049891.1 k141_398
		This contig has several significant sets of alignments. [An ambiguously mapped contig]
		Using only the very best set (option --ambiguity-usage is set to "one").
			The best set is below. Score: 172.0, number of alignments: 2, unaligned bases: 1488
		This contig is misassembled.
		This contig is partially unaligned. (Aligned 259 out of 1747 non-N bases (14.83%))
			Warning! This contig is more unaligned than misassembled. Contig length is 1747 (number of Ns: 0) and total length of all aligns is 259
		Alignment: 22946 23065 | 1 121 | 120 121 | 99.17 | Klebsiella_pneumoniae_CP049891.1 k141_398
		Alignment: 21855 21992 | 1747 1610 | 138 138 | 100.0 | Klebsiella_pneumoniae_CP049891.1 k141_398
		Unaligned bases: 1488

CONTIG: k141_430 (34309bp)
Best alignment score: 4112.1 (LEN: 4157, IDY: 98.92), Total number of alignments: 15
			Looking for the best set of alignments (out of 15 total alignments)
			Skipping redundant alignments after choosing the best set of alignments
		Skipping redundant alignment 287013 287150 | 1 138 | 138 138 | 99.28 | Klebsiella_pneumoniae_CP049891.1 k141_430
		Skipping redundant alignment 192670 192809 | 140 1 | 140 140 | 99.29 | Klebsiella_pneumoniae_CP049891.1 k141_430
		Skipping redundant alignment 113487 113627 | 141 1 | 141 141 | 99.29 | Klebsiella_pneumoniae_CP049891.1 k141_430
		Skipping redundant alignment 269634 269774 | 1 141 | 141 141 | 99.29 | Klebsiella_pneumoniae_CP049891.1 k141_430
		Skipping redundant alignment 190857 190997 | 141 1 | 141 141 | 99.29 | Klebsiella_pneumoniae_CP049891.1 k141_430
		Skipping redundant alignment 202768 202908 | 141 1 | 141 141 | 99.29 | Klebsiella_pneumoniae_CP049891.1 k141_430
		Skipping redundant alignment 185576 185716 | 1 141 | 141 141 | 99.29 | Klebsiella_pneumoniae_CP049891.1 k141_430
		Skipping redundant alignment 180183 180323 | 141 1 | 141 141 | 99.29 | Klebsiella_pneumoniae_CP049891.1 k141_430
		Skipping redundant alignment 148665 148805 | 141 1 | 141 141 | 99.29 | Klebsiella_pneumoniae_CP049891.1 k141_430
		Skipping redundant alignment 189189 189329 | 141 1 | 141 141 | 98.58 | Klebsiella_pneumoniae_CP049891.1 k141_430
		Skipping redundant alignment 105366 105507 | 142 1 | 142 142 | 99.3 | Klebsiella_pneumoniae_CP049891.1 k141_430
			The best set is below. Score: 6540.2, number of alignments: 4, unaligned bases: 27086
		This contig is misassembled.
		This contig is partially unaligned. (Aligned 7223 out of 34309 non-N bases (21.05%))
			Warning! This contig is more unaligned than misassembled. Contig length is 34309 (number of Ns: 0) and total length of all aligns is 7223
		Alignment: 106334 110490 | 1864 6020 | 4157 4157 | 98.92 | Klebsiella_pneumoniae_CP049891.1 k141_430
		Alignment: 110491 110780 | 6129 6419 | 290 291 | 99.31 | Klebsiella_pneumoniae_CP049891.1 k141_430
		Alignment: 167534 169922 | 30166 27729 | 2389 2438 | 95.42 | Klebsiella_pneumoniae_CP049891.1 k141_430
		Alignment: 120607 120943 | 34309 33973 | 337 337 | 100.0 | Klebsiella_pneumoniae_CP049891.1 k141_430
		Unaligned bases: 27086

CONTIG: k141_444 (2662bp)
Best alignment score: 145.0 (LEN: 147, IDY: 98.64), Total number of alignments: 18
			Looking for the best set of alignments (out of 18 total alignments)
			Skipping redundant alignments after choosing the best set of alignments
		Skipping redundant alignment 84144 84282 | 139 1 | 139 139 | 99.28 | Klebsiella_pneumoniae_CP049891.1 k141_444
		Skipping redundant alignment 28292 28430 | 1 139 | 139 139 | 99.28 | Klebsiella_pneumoniae_CP049891.1 k141_444
		Skipping redundant alignment 54397 54535 | 139 1 | 139 139 | 99.28 | Klebsiella_pneumoniae_CP049891.1 k141_444
		Skipping redundant alignment 260506 260644 | 1 139 | 139 139 | 99.28 | Klebsiella_pneumoniae_CP049891.1 k141_444
		Skipping redundant alignment 246742 246880 | 139 1 | 139 139 | 99.28 | Klebsiella_pneumoniae_CP049891.1 k141_444
		Skipping redundant alignment 320794 320931 | 1 139 | 138 139 | 98.56 | Klebsiella_pneumoniae_CP049891.1 k141_444
		Skipping redundant alignment 37467 37606 | 1 140 | 140 140 | 99.29 | Klebsiella_pneumoniae_CP049891.1 k141_444
		Skipping redundant alignment 252603 252742 | 1 140 | 140 140 | 99.29 | Klebsiella_pneumoniae_CP049891.1 k141_444
		Skipping redundant alignment 41813 41952 | 1 140 | 140 140 | 99.29 | Klebsiella_pneumoniae_CP049891.1 k141_444
		Skipping redundant alignment 82257 82396 | 140 1 | 140 140 | 99.29 | Klebsiella_pneumoniae_CP049891.1 k141_444
		Skipping redundant alignment 1142 1280 | 1 140 | 139 140 | 98.57 | Klebsiella_pneumoniae_CP049891.1 k141_444
		Skipping redundant alignment 21170 21310 | 141 1 | 141 141 | 99.29 | Klebsiella_pneumoniae_CP049891.1 k141_444
		Skipping redundant alignment 313674 313814 | 141 1 | 141 141 | 99.29 | Klebsiella_pneumoniae_CP049891.1 k141_444
		Skipping redundant alignment 325 465 | 141 1 | 141 141 | 99.29 | Klebsiella_pneumoniae_CP049891.1 k141_444
		Skipping redundant alignment 83074 83214 | 1 141 | 141 141 | 99.29 | Klebsiella_pneumoniae_CP049891.1 k141_444
		Skipping redundant alignment 260088 260230 | 1 143 | 143 143 | 99.3 | Klebsiella_pneumoniae_CP049891.1 k141_444
		Skipping redundant alignment 252185 252327 | 1 143 | 143 143 | 99.3 | Klebsiella_pneumoniae_CP049891.1 k141_444
			The best set is below. Score: 145.0, number of alignments: 1, unaligned bases: 2515
		This contig is partially unaligned. (Aligned 147 out of 2662 non-N bases (5.52%))
		Alignment: 294803 294949 | 1 147 | 147 147 | 98.64 | Klebsiella_pneumoniae_CP049891.1 k141_444
		Unaligned bases: 148 to 2662 (2515)

CONTIG: k141_451 (855bp)
Best alignment score: 148.0 (LEN: 149, IDY: 99.33), Total number of alignments: 1
			Looking for the best set of alignments (out of 1 total alignments)
			The best set is below. Score: 148.0, number of alignments: 1, unaligned bases: 706
		This contig is partially unaligned. (Aligned 149 out of 855 non-N bases (17.43%))
		Alignment: 186168 186316 | 1 149 | 149 149 | 99.33 | Klebsiella_pneumoniae_CP049891.1 k141_451
		Unaligned bases: 150 to 855 (706)

CONTIG: k141_496 (193699bp)
Best alignment score: 140.0 (LEN: 141, IDY: 99.29), Total number of alignments: 2
			Looking for the best set of alignments (out of 2 total alignments)
			Skipping redundant alignments after choosing the best set of alignments
		Skipping redundant alignment 22926 23065 | 193699 193559 | 140 141 | 99.29 | Klebsiella_pneumoniae_CP049891.1 k141_496
		This contig has several significant sets of alignments. [An ambiguously mapped contig]
		Using only the very best set (option --ambiguity-usage is set to "one").
			The best set is below. Score: 140.0, number of alignments: 1, unaligned bases: 193558
		This contig is partially unaligned. (Aligned 141 out of 193699 non-N bases (0.07%))
		Alignment: 315429 315568 | 193699 193559 | 140 141 | 99.29 | Klebsiella_pneumoniae_CP049891.1 k141_496
		Unaligned bases: 1 to 193558 (193558)

CONTIG: k141_506 (98269bp)
Best alignment score: 141.0 (LEN: 143, IDY: 98.60), Total number of alignments: 11
			Looking for the best set of alignments (out of 11 total alignments)
			Skipping redundant alignments after choosing the best set of alignments
		Skipping redundant alignment 116679 116809 | 98129 98259 | 131 131 | 100.0 | Klebsiella_pneumoniae_CP049891.1 k141_506
		Skipping redundant alignment 114412 114542 | 98259 98129 | 131 131 | 100.0 | Klebsiella_pneumoniae_CP049891.1 k141_506
		Skipping redundant alignment 189718 189858 | 98269 98129 | 141 141 | 99.29 | Klebsiella_pneumoniae_CP049891.1 k141_506
		Skipping redundant alignment 203684 203824 | 98269 98129 | 141 141 | 99.29 | Klebsiella_pneumoniae_CP049891.1 k141_506
		Skipping redundant alignment 268718 268858 | 98129 98269 | 141 141 | 99.29 | Klebsiella_pneumoniae_CP049891.1 k141_506
		Skipping redundant alignment 181099 181239 | 98269 98129 | 141 141 | 99.29 | Klebsiella_pneumoniae_CP049891.1 k141_506
		Skipping redundant alignment 286097 286237 | 98129 98269 | 141 141 | 99.29 | Klebsiella_pneumoniae_CP049891.1 k141_506
		Skipping redundant alignment 193585 193725 | 98269 98129 | 141 141 | 99.29 | Klebsiella_pneumoniae_CP049891.1 k141_506
		Skipping redundant alignment 191773 191913 | 98269 98129 | 141 141 | 99.29 | Klebsiella_pneumoniae_CP049891.1 k141_506
		Skipping redundant alignment 184659 184800 | 98128 98269 | 142 142 | 97.89 | Klebsiella_pneumoniae_CP049891.1 k141_506
		This contig has several significant sets of alignments. [An ambiguously mapped contig]
		Using only the very best set (option --ambiguity-usage is set to "one").
			The best set is below. Score: 141.0, number of alignments: 1, unaligned bases: 98126
		This contig is partially unaligned. (Aligned 143 out of 98269 non-N bases (0.15%))
		Alignment: 170020 170162 | 98269 98127 | 143 143 | 98.6 | Klebsiella_pneumoniae_CP049891.1 k141_506
		Unaligned bases: 1 to 98126 (98126)

CONTIG: k141_567 (65279bp)
Best alignment score: 141.0 (LEN: 141, IDY: 100.00), Total number of alignments: 4
			Looking for the best set of alignments (out of 4 total alignments)
			Skipping redundant alignments after choosing the best set of alignments
		Skipping redundant alignment 19204 19343 | 141 1 | 140 141 | 99.29 | Klebsiella_pneumoniae_CP049891.1 k141_567
		Skipping redundant alignment 29141 29279 | 65279 65141 | 139 139 | 100.0 | Klebsiella_pneumoniae_CP049891.1 k141_567
		Skipping redundant alignment 321640 321778 | 65279 65141 | 139 139 | 100.0 | Klebsiella_pneumoniae_CP049891.1 k141_567
		This contig has several significant sets of alignments. [An ambiguously mapped contig]
		Using only the very best set (option --ambiguity-usage is set to "one").
			The best set is below. Score: 141.0, number of alignments: 1, unaligned bases: 65138
		This contig is partially unaligned. (Aligned 141 out of 65279 non-N bases (0.22%))
		Alignment: 311705 311845 | 141 1 | 141 141 | 100.0 | Klebsiella_pneumoniae_CP049891.1 k141_567
		Unaligned bases: 142 to 65279 (65138)

CONTIG: k141_583 (1116bp)
Best alignment score: 142.0 (LEN: 143, IDY: 99.30), Total number of alignments: 11
			Looking for the best set of alignments (out of 11 total alignments)
			Skipping redundant alignments after choosing the best set of alignments
		Skipping redundant alignment 287013 287150 | 1116 979 | 138 138 | 99.28 | Klebsiella_pneumoniae_CP049891.1 k141_583
		Skipping redundant alignment 192670 192809 | 977 1116 | 140 140 | 99.29 | Klebsiella_pneumoniae_CP049891.1 k141_583
		Skipping redundant alignment 180183 180323 | 976 1116 | 141 141 | 99.29 | Klebsiella_pneumoniae_CP049891.1 k141_583
		Skipping redundant alignment 202768 202908 | 976 1116 | 141 141 | 99.29 | Klebsiella_pneumoniae_CP049891.1 k141_583
		Skipping redundant alignment 105367 105507 | 976 1116 | 141 141 | 99.29 | Klebsiella_pneumoniae_CP049891.1 k141_583
		Skipping redundant alignment 148665 148805 | 976 1116 | 141 141 | 99.29 | Klebsiella_pneumoniae_CP049891.1 k141_583
		Skipping redundant alignment 185576 185716 | 1116 976 | 141 141 | 99.29 | Klebsiella_pneumoniae_CP049891.1 k141_583
		Skipping redundant alignment 113487 113627 | 976 1116 | 141 141 | 99.29 | Klebsiella_pneumoniae_CP049891.1 k141_583
		Skipping redundant alignment 189189 189329 | 976 1116 | 141 141 | 98.58 | Klebsiella_pneumoniae_CP049891.1 k141_583
		Skipping redundant alignment 269634 269775 | 1116 975 | 142 142 | 99.3 | Klebsiella_pneumoniae_CP049891.1 k141_583
		This contig has several significant sets of alignments. [An ambiguously mapped contig]
		Using only the very best set (option --ambiguity-usage is set to "one").
			The best set is below. Score: 142.0, number of alignments: 1, unaligned bases: 973
		This contig is partially unaligned. (Aligned 143 out of 1116 non-N bases (12.81%))
		Alignment: 190855 190997 | 974 1116 | 143 143 | 99.3 | Klebsiella_pneumoniae_CP049891.1 k141_583
		Unaligned bases: 1 to 973 (973)

Analyzing coverage...
Writing SNPs into /home/hannelore/PROJECTHH/Tools/Quast/quast_results/results_2020_04_08_16_21_55/runs_per_reference/Klebsiella_pneumoniae/contigs_reports/minimap_output/ERR1795073-contigs.used_snps.gz

Analysis is finished!
Founded SNPs were written into /home/hannelore/PROJECTHH/Tools/Quast/quast_results/results_2020_04_08_16_21_55/runs_per_reference/Klebsiella_pneumoniae/contigs_reports/minimap_output/ERR1795073-contigs.used_snps.gz

Results:
	Local Misassemblies: 0
	Misassemblies: 2
		Relocations: 2
		Translocations: 0
		Inversions: 0
	Scaffold gap extensive misassemblies: 0
	Scaffold gap local misassemblies: 0
	Misassembled Contigs: 1
	Misassembled Contig Bases: 634
	Misassemblies Inter-Contig Overlap: 0
Unaligned Contigs: 0 + 22 part
Half Unaligned Contigs with Misassemblies: 7
Unaligned Contig Bases: 954181

Ambiguously Mapped Contigs: 14
Total Bases in Ambiguously Mapped Contigs: 617334
Extra Bases in Ambiguously Mapped Contigs: 0
Note that --allow-ambiguity option was set to "one" and only first alignment per each of these contigs was used.

	Covered Bases: 23792

	SNPs: 227
	Insertions: 64
	Deletions: 6

