[M::mm_idx_gen::1.330*0.98] collected minimizers
[M::mm_idx_gen::2.002*0.98] sorted minimizers
[M::main::2.002*0.98] loaded/built the index for 103 target sequence(s)
[M::mm_mapopt_update::2.043*0.98] mid_occ = 200
[M::mm_idx_stat] kmer size: 19; skip: 19; is_hpc: 0; #seq: 103
[M::mm_idx_stat::2.076*0.98] distinct minimizers: 2405268 (78.92% are singletons); average occurrences: 1.369; average spacing: 10.008
[M::worker_pipeline::9.535*0.98] mapped 187 sequences
[M::main] Version: 2.11-r797
[M::main] CMD: /opt/quast-5.0.2/quast_libs/minimap2/minimap2 -c -x asm10 -B5 -O4,16 --no-long-join -r 85 -N 100 -s 65 -z 200 --mask-level 1 --min-occ 200 -g 2500 --score-N 2 --cs -t 1 /home/hannelore/PROJECTHH/Tools/Quast/quast_results/results_2020_04_08_16_21_55/quast_corrected_input/combined_reference.fasta /home/hannelore/PROJECTHH/Tools/Quast/quast_results/results_2020_04_08_16_21_55/combined_reference/../quast_corrected_input/ERR1795073_contigs.fa
[M::main] Real time: 9.541 sec; CPU: 9.365 sec
[M::mm_idx_gen::0.923*0.98] collected minimizers
[M::mm_idx_gen::1.258*0.98] sorted minimizers
[M::main::1.258*0.98] loaded/built the index for 5 target sequence(s)
[M::mm_mapopt_update::1.302*0.98] mid_occ = 200
[M::mm_idx_stat] kmer size: 19; skip: 19; is_hpc: 0; #seq: 5
[M::mm_idx_stat::1.332*0.98] distinct minimizers: 1016180 (53.74% are singletons); average occurrences: 1.660; average spacing: 10.011
[M::worker_pipeline::8.104*0.98] mapped 187 sequences
[M::main] Version: 2.11-r797
[M::main] CMD: /opt/quast-5.0.2/quast_libs/minimap2/minimap2 -c -x asm10 -B5 -O4,16 --no-long-join -r 85 -N 100 -s 65 -z 200 --mask-level 1 --min-occ 200 -g 2500 --score-N 2 --cs -t 1 /home/hannelore/PROJECTHH/Tools/Quast/quast_results/results_2020_04_08_16_21_55/quast_corrected_input/combined_reference.fasta /home/hannelore/PROJECTHH/Tools/Quast/quast_results/results_2020_04_08_16_21_55/combined_reference/../quast_corrected_input/ERR1795073_contigs.fa__2
[M::main] Real time: 8.109 sec; CPU: 7.954 sec
