Aligning contigs to reference...
	Aligning contigs to the reference
Filtering alignments...
Parsing coords...
Loading reference...
	Loaded [Klebsiella_pneumoniae_subsp._pneumoniae_NZ_CP047675.1]
	Loaded [Klebsiella_pneumoniae_subsp._pneumoniae_NZ_CP047676.1]
	Total Regions: 2
	Total Region Length: 5606998
Analyzing contigs...
CONTIG: k141_1 (956bp)
Best alignment score: 953.0 (LEN: 956, IDY: 99.69), Total number of alignments: 4
		Skipping these alignments as insignificant (option --ambiguity-score is set to "0.99"):
			Skipping alignment 120376 121134 | 759 1 | 759 759 | 99.6 | Klebsiella_pneumoniae_subsp._pneumoniae_NZ_CP047675.1 k141_1
			Skipping alignment 120193 120257 | 923 859 | 65 65 | 98.46 | Klebsiella_pneumoniae_subsp._pneumoniae_NZ_CP047675.1 k141_1
		This contig has 2 significant alignments. [An ambiguously mapped contig]
		Using only first of these alignment (option --ambiguity-usage is set to "one"):
			Alignment: 15737 16692 | 956 1 | 956 956 | 99.69 | Klebsiella_pneumoniae_subsp._pneumoniae_NZ_CP047675.1 k141_1
			Skipping alignment 211967 212922 | 956 1 | 956 956 | 99.16 | Klebsiella_pneumoniae_subsp._pneumoniae_NZ_CP047675.1 k141_1

CONTIG: k141_19 (84908bp)
Best alignment score: 47065.4 (LEN: 47512, IDY: 99.06), Total number of alignments: 3
			Looking for the best set of alignments (out of 3 total alignments)
			The best set is below. Score: 78714.1, number of alignments: 3, unaligned bases: 5297
		This contig is misassembled.
		This contig is partially unaligned. (Aligned 79611 out of 84908 non-N bases (93.76%))
			Real Alignment 1: 742058 765449 | 23395 1 | 23392 23395 | 99.57 | Klebsiella_pneumoniae_subsp._pneumoniae_NZ_CP047675.1 k141_19
			  Extensive misassembly (relocation, inconsistency = -5117) between these two alignments
			Real Alignment 2: 733229 741938 | 37335 28632 | 8710 8704 | 99.13 | Klebsiella_pneumoniae_subsp._pneumoniae_NZ_CP047675.1 k141_19
			  Gap between these two alignments (local misassembly). Inconsistency = -89
			Real Alignment 3: 685733 733256 | 84908 37397 | 47524 47512 | 99.06 | Klebsiella_pneumoniae_subsp._pneumoniae_NZ_CP047675.1 k141_19
		Unaligned bases: 5297

CONTIG: k141_20 (130797bp)
Best alignment score: 82346.5 (LEN: 82952, IDY: 99.27), Total number of alignments: 7
			Looking for the best set of alignments (out of 7 total alignments)
			Skipping redundant alignments after choosing the best set of alignments
		Skipping redundant alignment 5120262 5121661 | 130797 129398 | 1400 1400 | 99.71 | Klebsiella_pneumoniae_subsp._pneumoniae_NZ_CP047675.1 k141_20
		Skipping redundant alignment 975069 976484 | 130797 129382 | 1416 1416 | 99.72 | Klebsiella_pneumoniae_subsp._pneumoniae_NZ_CP047675.1 k141_20
		Skipping redundant alignment 1460915 1462330 | 129382 130797 | 1416 1416 | 99.65 | Klebsiella_pneumoniae_subsp._pneumoniae_NZ_CP047675.1 k141_20
		This contig has several significant sets of alignments. [An ambiguously mapped contig]
		Using only the very best set (option --ambiguity-usage is set to "one").
			The best set is below. Score: 120398.5, number of alignments: 4, unaligned bases: 8810
		This contig is misassembled.
		This contig is partially unaligned. (Aligned 121987 out of 130797 non-N bases (93.26%))
			Real Alignment 1: 262633 276070 | 1 13438 | 13438 13438 | 99.45 | Klebsiella_pneumoniae_subsp._pneumoniae_NZ_CP047675.1 k141_20
			  Extensive misassembly (relocation, inconsistency = -5978) between these two alignments
			Real Alignment 2: 277020 359970 | 20366 103317 | 82951 82952 | 99.27 | Klebsiella_pneumoniae_subsp._pneumoniae_NZ_CP047675.1 k141_20
			  Extensive misassembly (relocation, inconsistency = -1850) between these two alignments
			Real Alignment 3: 360004 384200 | 105201 129397 | 24197 24197 | 99.36 | Klebsiella_pneumoniae_subsp._pneumoniae_NZ_CP047675.1 k141_20
			  Extensive misassembly (relocation, inconsistency = 748494) between these two alignments
			Real Alignment 4: 1132695 1134094 | 130797 129398 | 1400 1400 | 99.71 | Klebsiella_pneumoniae_subsp._pneumoniae_NZ_CP047675.1 k141_20
		Unaligned bases: 8810

CONTIG: k141_23 (13925bp)
Best alignment score: 13637.2 (LEN: 13800, IDY: 98.82), Total number of alignments: 5
		Skipping these alignments as insignificant (option --ambiguity-score is set to "0.99"):
			Skipping alignment 1460915 1461054 | 13786 13925 | 140 140 | 100.0 | Klebsiella_pneumoniae_subsp._pneumoniae_NZ_CP047675.1 k141_23
			Skipping alignment 976345 976484 | 13925 13786 | 140 140 | 99.29 | Klebsiella_pneumoniae_subsp._pneumoniae_NZ_CP047675.1 k141_23
			Skipping alignment 1133971 1134094 | 13925 13802 | 124 124 | 100.0 | Klebsiella_pneumoniae_subsp._pneumoniae_NZ_CP047675.1 k141_23
			Skipping alignment 5121538 5121661 | 13925 13802 | 124 124 | 100.0 | Klebsiella_pneumoniae_subsp._pneumoniae_NZ_CP047675.1 k141_23
		One align captures most of this contig: 3624288 3638097 | 13801 2 | 13810 13800 | 98.82 | Klebsiella_pneumoniae_subsp._pneumoniae_NZ_CP047675.1 k141_23

CONTIG: k141_24 (43412bp)
Best alignment score: 32495.5 (LEN: 32649, IDY: 99.53), Total number of alignments: 3
			Looking for the best set of alignments (out of 3 total alignments)
			The best set is below. Score: 42666.8, number of alignments: 3, unaligned bases: 136
		This contig is misassembled.
			Excluding internal overlap of size 17 between Alignment 1 and 2: 3421096 3423780 | 1 2685 | 2685 2685 --> 3421096 3423763 | 1 2668 | 2668 2668
			Real Alignment 1: 3421096 3423763 | 1 2668 | 2668 2668 | 99.44 | Klebsiella_pneumoniae_subsp._pneumoniae_NZ_CP047675.1 k141_24
			  Extensive misassembly (relocation, inconsistency = 73333) between these two alignments
			Excluding internal overlap of size 3 between Alignment 2 and 3: 3497097 3505058 | 2669 10630 | 7962 7962 --> 3497097 3505055 | 2669 10627 | 7959 7959
			Real Alignment 2: 3497097 3505055 | 2669 10627 | 7959 7959 | 98.03 | Klebsiella_pneumoniae_subsp._pneumoniae_NZ_CP047675.1 k141_24
			  Gap between these two alignments (local misassembly). Inconsistency = 125
			Real Alignment 3: 3505181 3537829 | 10628 43276 | 32649 32649 | 99.53 | Klebsiella_pneumoniae_subsp._pneumoniae_NZ_CP047675.1 k141_24

CONTIG: k141_26 (113594bp)
Best alignment score: 59156.8 (LEN: 59472, IDY: 99.47), Total number of alignments: 3
			Looking for the best set of alignments (out of 3 total alignments)
			The best set is below. Score: 112509.8, number of alignments: 3, unaligned bases: 139
		This contig is misassembled.
			Excluding internal overlap of size 158 between Alignment 1 and 2: 920716 938674 | 140 18097 | 17959 17958 --> 920716 938516 | 140 17939 | 17801 17800
			Real Alignment 1: 920716 938516 | 140 17939 | 17801 17800 | 99.54 | Klebsiella_pneumoniae_subsp._pneumoniae_NZ_CP047675.1 k141_26
			  Gap between these two alignments (local misassembly). Inconsistency = 336
			Excluding internal overlap of size 1 between Alignment 2 and 3: 938853 975021 | 17940 54123 | 36169 36184 --> 938853 975020 | 17940 54122 | 36168 36183
			Real Alignment 2: 938853 975020 | 17940 54122 | 36168 36183 | 99.31 | Klebsiella_pneumoniae_subsp._pneumoniae_NZ_CP047675.1 k141_26
			  Extensive misassembly (relocation, inconsistency = 1448) between these two alignments
			Real Alignment 3: 976469 1035939 | 54123 113594 | 59471 59472 | 99.47 | Klebsiella_pneumoniae_subsp._pneumoniae_NZ_CP047675.1 k141_26

CONTIG: k141_27 (20744bp)
Best alignment score: 20227.5 (LEN: 20744, IDY: 97.51), Total number of alignments: 1
		One align captures most of this contig: 660004 680694 | 1 20744 | 20691 20744 | 97.51 | Klebsiella_pneumoniae_subsp._pneumoniae_NZ_CP047675.1 k141_27

CONTIG: k141_41 (149771bp)
Best alignment score: 80969.8 (LEN: 81631, IDY: 99.19), Total number of alignments: 5
			Looking for the best set of alignments (out of 5 total alignments)
			Skipping redundant alignments after choosing the best set of alignments
		Skipping redundant alignment 149284 149425 | 149771 149630 | 142 142 | 98.59 | Klebsiella_pneumoniae_subsp._pneumoniae_NZ_CP047676.1 k141_41
		This contig has several significant sets of alignments. [An ambiguously mapped contig]
		Using only the very best set (option --ambiguity-usage is set to "one").
			The best set is below. Score: 132628.1, number of alignments: 4, unaligned bases: 15278
		This contig is misassembled.
		This contig is partially unaligned. (Aligned 134493 out of 149771 non-N bases (89.80%))
			Real Alignment 1: 2577950 2602192 | 1 24237 | 24243 24237 | 99.32 | Klebsiella_pneumoniae_subsp._pneumoniae_NZ_CP047675.1 k141_41
			  Extensive misassembly (relocation, inconsistency = -1397) between these two alignments
			Real Alignment 2: 2604695 2686285 | 28137 109767 | 81591 81631 | 99.19 | Klebsiella_pneumoniae_subsp._pneumoniae_NZ_CP047675.1 k141_41
			  Extensive misassembly (relocation, inconsistency = -7734) between these two alignments
			Real Alignment 3: 2686898 2687934 | 118114 119150 | 1037 1037 | 99.81 | Klebsiella_pneumoniae_subsp._pneumoniae_NZ_CP047675.1 k141_41
			  Extensive misassembly (relocation, inconsistency = -2144) between these two alignments
			Real Alignment 4: 2687935 2715498 | 121295 148882 | 27564 27588 | 98.96 | Klebsiella_pneumoniae_subsp._pneumoniae_NZ_CP047675.1 k141_41
		Unaligned bases: 15278

CONTIG: k141_43 (111274bp)
Best alignment score: 86317.9 (LEN: 86804, IDY: 99.44), Total number of alignments: 1
			Looking for the best set of alignments (out of 1 total alignments)
			The best set is below. Score: 86317.9, number of alignments: 1, unaligned bases: 24470
		This contig is partially unaligned. (Aligned 86804 out of 111274 non-N bases (78.01%))
		Alignment: 4042925 4129717 | 86955 152 | 86793 86804 | 99.44 | Klebsiella_pneumoniae_subsp._pneumoniae_NZ_CP047675.1 k141_43
		Unaligned bases: 1 to 151 (151)
		Unaligned bases: 86956 to 111274 (24319)

CONTIG: k141_54 (34543bp)
Best alignment score: 34391.0 (LEN: 34543, IDY: 99.56), Total number of alignments: 1
		One align captures most of this contig: 222929 257471 | 34543 1 | 34543 34543 | 99.56 | Klebsiella_pneumoniae_subsp._pneumoniae_NZ_CP047675.1 k141_54

CONTIG: k141_55 (538bp)
Best alignment score: 536.0 (LEN: 538, IDY: 99.63), Total number of alignments: 4
		Skipping these alignments as insignificant (option --ambiguity-score is set to "0.99"):
			Skipping alignment 17526 18059 | 1 538 | 534 538 | 98.51 | Klebsiella_pneumoniae_subsp._pneumoniae_NZ_CP047675.1 k141_55
			Skipping alignment 4132940 4133485 | 538 1 | 546 538 | 96.53 | Klebsiella_pneumoniae_subsp._pneumoniae_NZ_CP047675.1 k141_55
		This contig has 2 significant alignments. [An ambiguously mapped contig]
		Using only first of these alignment (option --ambiguity-usage is set to "one"):
			Alignment: 259057 259594 | 1 538 | 538 538 | 99.63 | Klebsiella_pneumoniae_subsp._pneumoniae_NZ_CP047675.1 k141_55
			Skipping alignment 682271 682808 | 1 538 | 538 538 | 99.44 | Klebsiella_pneumoniae_subsp._pneumoniae_NZ_CP047675.1 k141_55

CONTIG: k141_56 (3585bp)
Best alignment score: 3543.1 (LEN: 3585, IDY: 98.83), Total number of alignments: 8
		Skipping these alignments as insignificant (option --ambiguity-score is set to "0.99"):
			Skipping alignment 682271 685832 | 1 3565 | 3562 3565 | 97.77 | Klebsiella_pneumoniae_subsp._pneumoniae_NZ_CP047675.1 k141_56
			Skipping alignment 4130096 4133485 | 3390 1 | 3390 3390 | 99.35 | Klebsiella_pneumoniae_subsp._pneumoniae_NZ_CP047675.1 k141_56
			Skipping alignment 259057 262438 | 1 3390 | 3382 3390 | 99.12 | Klebsiella_pneumoniae_subsp._pneumoniae_NZ_CP047675.1 k141_56
			Skipping alignment 122380 125610 | 327 3565 | 3231 3239 | 99.14 | Klebsiella_pneumoniae_subsp._pneumoniae_NZ_CP047675.1 k141_56
			Skipping alignment 1037925 1041151 | 327 3565 | 3227 3239 | 98.98 | Klebsiella_pneumoniae_subsp._pneumoniae_NZ_CP047675.1 k141_56
			Skipping alignment 4884663 4887898 | 3565 327 | 3236 3239 | 97.82 | Klebsiella_pneumoniae_subsp._pneumoniae_NZ_CP047675.1 k141_56
			Skipping alignment 214237 217293 | 327 3390 | 3057 3064 | 99.09 | Klebsiella_pneumoniae_subsp._pneumoniae_NZ_CP047675.1 k141_56
		One align captures most of this contig: 17526 21099 | 1 3585 | 3574 3585 | 98.83 | Klebsiella_pneumoniae_subsp._pneumoniae_NZ_CP047675.1 k141_56

CONTIG: k141_57 (1013bp)
Best alignment score: 1010.0 (LEN: 1013, IDY: 99.70), Total number of alignments: 2
		This contig has 2 significant alignments. [An ambiguously mapped contig]
		Using only first of these alignment (option --ambiguity-usage is set to "one"):
			Alignment: 4915864 4916876 | 1013 1 | 1013 1013 | 99.7 | Klebsiella_pneumoniae_subsp._pneumoniae_NZ_CP047675.1 k141_57
			Skipping alignment 222057 223069 | 1 1013 | 1013 1013 | 99.7 | Klebsiella_pneumoniae_subsp._pneumoniae_NZ_CP047675.1 k141_57

CONTIG: k141_80 (109300bp)
Best alignment score: 48743.9 (LEN: 49132, IDY: 99.21), Total number of alignments: 5
			Looking for the best set of alignments (out of 5 total alignments)
			Skipping redundant alignments after choosing the best set of alignments
		Skipping redundant alignment 1509792 1509885 | 1 94 | 94 94 | 100.0 | Klebsiella_pneumoniae_subsp._pneumoniae_NZ_CP047675.1 k141_80
		This contig has several significant sets of alignments. [An ambiguously mapped contig]
		Using only the very best set (option --ambiguity-usage is set to "one").
			The best set is below. Score: 73993.8, number of alignments: 4, unaligned bases: 34269
		This contig is misassembled.
		This contig is partially unaligned. (Aligned 75031 out of 109300 non-N bases (68.65%))
			Real Alignment 1: 4529427 4529513 | 145 231 | 87 87 | 100.0 | Klebsiella_pneumoniae_subsp._pneumoniae_NZ_CP047675.1 k141_80
			  Gap between these two alignments (local misassembly). Inconsistency = 419
			Real Alignment 2: 4529934 4579011 | 233 49364 | 49078 49132 | 99.21 | Klebsiella_pneumoniae_subsp._pneumoniae_NZ_CP047675.1 k141_80
			  Extensive misassembly (relocation, inconsistency = -15813) between these two alignments
			Real Alignment 3: 4579472 4595901 | 65638 82068 | 16430 16431 | 99.57 | Klebsiella_pneumoniae_subsp._pneumoniae_NZ_CP047675.1 k141_80
			  Extensive misassembly (relocation, inconsistency = 3469) between these two alignments
			Real Alignment 4: 4599586 4608966 | 82284 91664 | 9381 9381 | 99.42 | Klebsiella_pneumoniae_subsp._pneumoniae_NZ_CP047675.1 k141_80
		Unaligned bases: 34269

CONTIG: k141_83 (35965bp)
Best alignment score: 14834.4 (LEN: 14954, IDY: 99.20), Total number of alignments: 3
			Looking for the best set of alignments (out of 3 total alignments)
			Skipping redundant alignments after choosing the best set of alignments
		Skipping redundant alignment 3429756 3429896 | 12545 12684 | 141 140 | 98.58 | Klebsiella_pneumoniae_subsp._pneumoniae_NZ_CP047675.1 k141_83
			The best set is below. Score: 16455.0, number of alignments: 2, unaligned bases: 19115
		This contig is misassembled.
		This contig is partially unaligned. (Aligned 16850 out of 35965 non-N bases (46.85%))
			Warning! This contig is more unaligned than misassembled. Contig length is 35965 (number of Ns: 0) and total length of all aligns is 16850
		Alignment: 3460984 3462896 | 12645 10733 | 1913 1913 | 99.11 | Klebsiella_pneumoniae_subsp._pneumoniae_NZ_CP047675.1 k141_83
		Alignment: 3423764 3438718 | 27582 12629 | 14955 14954 | 99.2 | Klebsiella_pneumoniae_subsp._pneumoniae_NZ_CP047675.1 k141_83
		Unaligned bases: 19115

CONTIG: k141_86 (773bp)
Best alignment score: 569.0 (LEN: 574, IDY: 99.13), Total number of alignments: 4
			Looking for the best set of alignments (out of 4 total alignments)
			Skipping redundant alignments after choosing the best set of alignments
		Skipping redundant alignment 975005 975081 | 556 632 | 77 77 | 100.0 | Klebsiella_pneumoniae_subsp._pneumoniae_NZ_CP047675.1 k141_86
		Skipping redundant alignment 1462318 1462395 | 632 555 | 78 78 | 98.72 | Klebsiella_pneumoniae_subsp._pneumoniae_NZ_CP047675.1 k141_86
			The best set is below. Score: 702.0, number of alignments: 2, unaligned bases: 58
		This contig is misassembled.
			Real Alignment 1: 395608 396181 | 1 574 | 574 574 | 99.13 | Klebsiella_pneumoniae_subsp._pneumoniae_NZ_CP047675.1 k141_86
			  Gap between these two alignments (local misassembly). Inconsistency = -632
			Real Alignment 2: 395608 395748 | 633 773 | 141 141 | 99.29 | Klebsiella_pneumoniae_subsp._pneumoniae_NZ_CP047675.1 k141_86

CONTIG: k141_90 (223228bp)
Best alignment score: 120847.5 (LEN: 121773, IDY: 99.24), Total number of alignments: 3
			Looking for the best set of alignments (out of 3 total alignments)
			The best set is below. Score: 219499.3, number of alignments: 3, unaligned bases: 1717
		This contig is misassembled.
		This contig is partially unaligned. (Aligned 221511 out of 223228 non-N bases (99.23%))
			Real Alignment 1: 4315153 4379052 | 63906 1 | 63900 63906 | 99.52 | Klebsiella_pneumoniae_subsp._pneumoniae_NZ_CP047675.1 k141_90
			  Extensive misassembly (relocation, inconsistency = -1669) between these two alignments
			Real Alignment 2: 4193410 4315179 | 187321 65549 | 121770 121773 | 99.24 | Klebsiella_pneumoniae_subsp._pneumoniae_NZ_CP047675.1 k141_90
			  Extensive misassembly (relocation, inconsistency = 22532) between these two alignments
			Real Alignment 3: 4134968 4170802 | 223228 187397 | 35835 35832 | 99.22 | Klebsiella_pneumoniae_subsp._pneumoniae_NZ_CP047675.1 k141_90
		Unaligned bases: 1717

CONTIG: k141_91 (4730bp)
Best alignment score: 4703.0 (LEN: 4730, IDY: 99.43), Total number of alignments: 1
		One align captures most of this contig: 217468 222197 | 4730 1 | 4730 4730 | 99.43 | Klebsiella_pneumoniae_subsp._pneumoniae_NZ_CP047675.1 k141_91

CONTIG: k141_92 (203826bp)
Best alignment score: 72779.4 (LEN: 73057, IDY: 99.62), Total number of alignments: 9
			Looking for the best set of alignments (out of 9 total alignments)
			Skipping redundant alignments after choosing the best set of alignments
		Skipping redundant alignment 976345 976484 | 203826 203687 | 140 140 | 99.29 | Klebsiella_pneumoniae_subsp._pneumoniae_NZ_CP047675.1 k141_92
		Skipping redundant alignment 1133971 1134094 | 203826 203703 | 124 124 | 100.0 | Klebsiella_pneumoniae_subsp._pneumoniae_NZ_CP047675.1 k141_92
		Skipping redundant alignment 5121538 5121661 | 203826 203703 | 124 124 | 100.0 | Klebsiella_pneumoniae_subsp._pneumoniae_NZ_CP047675.1 k141_92
		Skipping redundant alignment 1460915 1461054 | 203687 203826 | 140 140 | 100.0 | Klebsiella_pneumoniae_subsp._pneumoniae_NZ_CP047675.1 k141_92
		This contig has several significant sets of alignments. [An ambiguously mapped contig]
		Using only the very best set (option --ambiguity-usage is set to "one").
			The best set is below. Score: 201305.2, number of alignments: 5, unaligned bases: 1356
		This contig is misassembled.
		This contig is partially unaligned. (Aligned 202470 out of 203826 non-N bases (99.33%))
			Real Alignment 1: 4916736 4989797 | 1 73057 | 73062 73057 | 99.62 | Klebsiella_pneumoniae_subsp._pneumoniae_NZ_CP047675.1 k141_92
			  Gap between these two alignments (local misassembly). Inconsistency = -795
			Real Alignment 2: 4989874 5007219 | 73929 91275 | 17346 17347 | 99.51 | Klebsiella_pneumoniae_subsp._pneumoniae_NZ_CP047675.1 k141_92
			  Gap between these two alignments (local misassembly). Inconsistency = 0
			Excluding internal overlap of size 155 between Alignment 3 and 4: 5007579 5021985 | 91635 106042 | 14407 14408 --> 5007579 5021831 | 91635 105887 | 14253 14253
			Real Alignment 3: 5007579 5021831 | 91635 105887 | 14253 14253 | 99.24 | Klebsiella_pneumoniae_subsp._pneumoniae_NZ_CP047675.1 k141_92
			  Gap between these two alignments (local misassembly). Inconsistency = 123
			Real Alignment 4: 5021955 5055574 | 105888 139507 | 33620 33620 | 99.31 | Klebsiella_pneumoniae_subsp._pneumoniae_NZ_CP047675.1 k141_92
			  Gap between these two alignments (local misassembly). Inconsistency = 459
			Real Alignment 5: 5056059 5120239 | 139533 203725 | 64181 64193 | 99.43 | Klebsiella_pneumoniae_subsp._pneumoniae_NZ_CP047675.1 k141_92
		Unaligned bases: 1356

CONTIG: k141_93 (14119bp)
Best alignment score: 3498.9 (LEN: 3609, IDY: 96.95), Total number of alignments: 6
			Looking for the best set of alignments (out of 6 total alignments)
			Skipping redundant alignments after choosing the best set of alignments
		Skipping redundant alignment 74771 74960 | 12426 12237 | 190 190 | 98.95 | Klebsiella_pneumoniae_subsp._pneumoniae_NZ_CP047676.1 k141_93
		Skipping redundant alignment 31596 31785 | 12237 12426 | 190 190 | 98.95 | Klebsiella_pneumoniae_subsp._pneumoniae_NZ_CP047676.1 k141_93
		Skipping redundant alignment 74426 74777 | 14119 13768 | 352 352 | 98.58 | Klebsiella_pneumoniae_subsp._pneumoniae_NZ_CP047676.1 k141_93
		This contig has several significant sets of alignments. [An ambiguously mapped contig]
		Using only the very best set (option --ambiguity-usage is set to "one").
			The best set is below. Score: 4788.0, number of alignments: 3, unaligned bases: 8654
		This contig is misassembled.
		This contig is partially unaligned. (Aligned 5465 out of 14119 non-N bases (38.71%))
			Warning! This contig is more unaligned than misassembled. Contig length is 14119 (number of Ns: 0) and total length of all aligns is 5465
		Alignment: 3649663 3653273 | 137 3745 | 3611 3609 | 96.95 | Klebsiella_pneumoniae_subsp._pneumoniae_NZ_CP047675.1 k141_93
		Alignment: 3656446 3657949 | 5253 6756 | 1504 1504 | 95.95 | Klebsiella_pneumoniae_subsp._pneumoniae_NZ_CP047675.1 k141_93
		Alignment: 31779 32130 | 13768 14119 | 352 352 | 98.58 | Klebsiella_pneumoniae_subsp._pneumoniae_NZ_CP047676.1 k141_93
		Unaligned bases: 8654

CONTIG: k141_95 (178947bp)
Best alignment score: 67838.9 (LEN: 68269, IDY: 99.37), Total number of alignments: 11
			Looking for the best set of alignments (out of 11 total alignments)
			Skipping redundant alignments after choosing the best set of alignments
		Skipping redundant alignment 1108691 1108984 | 295 1 | 294 295 | 99.32 | Klebsiella_pneumoniae_subsp._pneumoniae_NZ_CP047675.1 k141_95
		Skipping redundant alignment 2101819 2103731 | 53295 51382 | 1913 1914 | 99.84 | Klebsiella_pneumoniae_subsp._pneumoniae_NZ_CP047675.1 k141_95
		Skipping redundant alignment 3619368 3621280 | 51382 53295 | 1913 1914 | 99.84 | Klebsiella_pneumoniae_subsp._pneumoniae_NZ_CP047675.1 k141_95
		This contig has several significant sets of alignments. [An ambiguously mapped contig]
		Using only the very best set (option --ambiguity-usage is set to "one").
			The best set is below. Score: 175619.0, number of alignments: 8, unaligned bases: 893
		This contig is misassembled.
		This contig is partially unaligned. (Aligned 178054 out of 178947 non-N bases (99.50%))
			Excluding internal overlap of size 35 between Alignment 1 and 2: 1391996 1392291 | 296 1 | 296 296 --> 1392031 1392291 | 261 1 | 261 261
			Real Alignment 1: 1392031 1392291 | 261 1 | 261 261 | 99.66 | Klebsiella_pneumoniae_subsp._pneumoniae_NZ_CP047675.1 k141_95
			  Gap between these two alignments (local misassembly). Inconsistency = 210
			Real Alignment 2: 1341426 1391820 | 50650 262 | 50395 50389 | 99.12 | Klebsiella_pneumoniae_subsp._pneumoniae_NZ_CP047675.1 k141_95
			  Extensive misassembly (relocation, inconsistency = 783664) between these two alignments
			Real Alignment 3: 2176216 2178137 | 51382 53304 | 1922 1923 | 99.79 | Klebsiella_pneumoniae_subsp._pneumoniae_NZ_CP047675.1 k141_95
			  Extensive misassembly (inversion) between these two alignments
			Excluding internal overlap of size 166 between Alignment 4 and 5: 2078088 2088972 | 94867 83982 | 10885 10886 --> 2078088 2088806 | 94867 84148 | 10719 10720
			Real Alignment 4: 2145364 2176215 | 84147 53310 | 30852 30838 | 99.4 | Klebsiella_pneumoniae_subsp._pneumoniae_NZ_CP047675.1 k141_95
			  Extensive misassembly (relocation, inconsistency = 56557) between these two alignments
			Excluding internal overlap of size 88 between Alignment 5 and 6: 2068357 2077403 | 103825 94780 | 9047 9046 --> 2068357 2077315 | 103825 94868 | 8959 8958
			Real Alignment 5: 2078088 2088806 | 94867 84148 | 10719 10720 | 99.19 | Klebsiella_pneumoniae_subsp._pneumoniae_NZ_CP047675.1 k141_95
			  Gap between these two alignments (local misassembly). Inconsistency = 772
			Real Alignment 6: 2068357 2077315 | 103825 94868 | 8959 8958 | 99.58 | Klebsiella_pneumoniae_subsp._pneumoniae_NZ_CP047675.1 k141_95
			  Extensive misassembly (relocation, inconsistency = 9789) between these two alignments
			Excluding internal overlap of size 141 between Alignment 7 and 8: 1983071 1989907 | 178810 171974 | 6837 6837 --> 1983071 1989766 | 178810 172115 | 6696 6696
			Real Alignment 7: 1990204 2058547 | 172114 103846 | 68344 68269 | 99.37 | Klebsiella_pneumoniae_subsp._pneumoniae_NZ_CP047675.1 k141_95
			  Gap between these two alignments (local misassembly). Inconsistency = 437
			Real Alignment 8: 1983071 1989766 | 178810 172115 | 6696 6696 | 99.59 | Klebsiella_pneumoniae_subsp._pneumoniae_NZ_CP047675.1 k141_95
		Unaligned bases: 893

CONTIG: k141_108 (864bp)
Best alignment score: 141.0 (LEN: 141, IDY: 100.00), Total number of alignments: 3
			Looking for the best set of alignments (out of 3 total alignments)
			Skipping redundant alignments after choosing the best set of alignments
		Skipping redundant alignment 2176215 2176353 | 726 864 | 139 139 | 100.0 | Klebsiella_pneumoniae_subsp._pneumoniae_NZ_CP047675.1 k141_108
		Skipping redundant alignment 3619367 3619505 | 726 864 | 139 139 | 100.0 | Klebsiella_pneumoniae_subsp._pneumoniae_NZ_CP047675.1 k141_108
			The best set is below. Score: 141.0, number of alignments: 1, unaligned bases: 723
		This contig is partially unaligned. (Aligned 141 out of 864 non-N bases (16.32%))
		Alignment: 2103594 2103734 | 864 724 | 141 141 | 100.0 | Klebsiella_pneumoniae_subsp._pneumoniae_NZ_CP047675.1 k141_108
		Unaligned bases: 1 to 723 (723)

CONTIG: k141_120 (99556bp)
Best alignment score: 98938.8 (LEN: 99556, IDY: 99.38), Total number of alignments: 1
		One align captures most of this contig: 20959 120515 | 1 99556 | 99557 99556 | 99.38 | Klebsiella_pneumoniae_subsp._pneumoniae_NZ_CP047675.1 k141_120

CONTIG: k141_123 (123245bp)
Best alignment score: 39235.9 (LEN: 39441, IDY: 99.48), Total number of alignments: 12
			Looking for the best set of alignments (out of 12 total alignments)
			Skipping redundant alignments after choosing the best set of alignments
		Skipping redundant alignment 1392151 1392293 | 123103 123245 | 143 143 | 97.9 | Klebsiella_pneumoniae_subsp._pneumoniae_NZ_CP047675.1 k141_123
		Skipping redundant alignment 1108844 1108986 | 123103 123245 | 143 143 | 97.9 | Klebsiella_pneumoniae_subsp._pneumoniae_NZ_CP047675.1 k141_123
		Skipping redundant alignment 547069 547216 | 123245 123098 | 148 148 | 99.32 | Klebsiella_pneumoniae_subsp._pneumoniae_NZ_CP047675.1 k141_123
		Skipping redundant alignment 547797 547944 | 123245 123098 | 148 148 | 99.32 | Klebsiella_pneumoniae_subsp._pneumoniae_NZ_CP047675.1 k141_123
		Skipping redundant alignment 2201010 2201157 | 123245 123098 | 148 148 | 97.97 | Klebsiella_pneumoniae_subsp._pneumoniae_NZ_CP047675.1 k141_123
		Skipping redundant alignment 1420959 1421126 | 123078 123245 | 168 168 | 95.24 | Klebsiella_pneumoniae_subsp._pneumoniae_NZ_CP047675.1 k141_123
		Skipping redundant alignment 1460522 1460740 | 123027 123245 | 219 219 | 95.43 | Klebsiella_pneumoniae_subsp._pneumoniae_NZ_CP047675.1 k141_123
		This contig has several significant sets of alignments. [An ambiguously mapped contig]
		Using only the very best set (option --ambiguity-usage is set to "one").
			The best set is below. Score: 119765.5, number of alignments: 5, unaligned bases: 1798
		This contig is misassembled.
		This contig is partially unaligned. (Aligned 121447 out of 123245 non-N bases (98.54%))
			Real Alignment 1: 5142932 5166978 | 141 24174 | 24047 24034 | 99.13 | Klebsiella_pneumoniae_subsp._pneumoniae_NZ_CP047675.1 k141_123
			  Extensive misassembly (relocation, inconsistency = -1186) between these two alignments
			Real Alignment 2: 5167269 5206710 | 25651 65091 | 39442 39441 | 99.48 | Klebsiella_pneumoniae_subsp._pneumoniae_NZ_CP047675.1 k141_123
			  Extensive misassembly (relocation, inconsistency = 1180) between these two alignments
			Excluding internal overlap of size 27 between Alignment 3 and 4: 5246455 5251473 | 103512 108530 | 5019 5019 --> 5246482 5251473 | 103539 108530 | 4992 4992
			Real Alignment 3: 5207945 5246337 | 65146 103538 | 38393 38393 | 99.43 | Klebsiella_pneumoniae_subsp._pneumoniae_NZ_CP047675.1 k141_123
			  Gap between these two alignments (local misassembly). Inconsistency = 144
			Excluding internal overlap of size 18 between Alignment 4 and 5: 5246482 5251473 | 103539 108530 | 4992 4992 --> 5246482 5251455 | 103539 108512 | 4974 4974
			Real Alignment 4: 5246482 5251455 | 103539 108512 | 4974 4974 | 98.84 | Klebsiella_pneumoniae_subsp._pneumoniae_NZ_CP047675.1 k141_123
			  Extensive misassembly (relocation, inconsistency = 3104) between these two alignments
			Real Alignment 5: 5254560 5269157 | 108513 123117 | 14598 14605 | 98.67 | Klebsiella_pneumoniae_subsp._pneumoniae_NZ_CP047675.1 k141_123
		Unaligned bases: 1798

CONTIG: k141_135 (1684bp)
Best alignment score: 1677.9 (LEN: 1684, IDY: 99.64), Total number of alignments: 3
		Skipping these alignments as insignificant (option --ambiguity-score is set to "0.99"):
			Skipping alignment 212624 214376 | 1684 1 | 1753 1684 | 95.32 | Klebsiella_pneumoniae_subsp._pneumoniae_NZ_CP047675.1 k141_135
		This contig has 2 significant alignments. [An ambiguously mapped contig]
		Using only first of these alignment (option --ambiguity-usage is set to "one"):
			Alignment: 120836 122519 | 1684 1 | 1684 1684 | 99.64 | Klebsiella_pneumoniae_subsp._pneumoniae_NZ_CP047675.1 k141_135
			Skipping alignment 1036384 1038060 | 1684 1 | 1677 1684 | 99.17 | Klebsiella_pneumoniae_subsp._pneumoniae_NZ_CP047675.1 k141_135

CONTIG: k141_140 (5388bp)
Best alignment score: 209.0 (LEN: 210, IDY: 99.52), Total number of alignments: 1
			Looking for the best set of alignments (out of 1 total alignments)
			The best set is below. Score: 209.0, number of alignments: 1, unaligned bases: 5178
		This contig is partially unaligned. (Aligned 210 out of 5388 non-N bases (3.90%))
		Alignment: 565758 565967 | 64 273 | 210 210 | 99.52 | Klebsiella_pneumoniae_subsp._pneumoniae_NZ_CP047675.1 k141_140
		Unaligned bases: 1 to 63 (63)
		Unaligned bases: 274 to 5388 (5115)

CONTIG: k141_168 (20955bp)
Best alignment score: 230.0 (LEN: 240, IDY: 95.83), Total number of alignments: 1
			Looking for the best set of alignments (out of 1 total alignments)
			The best set is below. Score: 230.0, number of alignments: 1, unaligned bases: 20715
		This contig is partially unaligned. (Aligned 240 out of 20955 non-N bases (1.15%))
		Alignment: 2110246 2110485 | 3600 3839 | 240 240 | 95.83 | Klebsiella_pneumoniae_subsp._pneumoniae_NZ_CP047675.1 k141_168
		Unaligned bases: 1 to 3599 (3599)
		Unaligned bases: 3840 to 20955 (17116)

CONTIG: k141_173 (319952bp)
Best alignment score: 132044.0 (LEN: 132948, IDY: 99.32), Total number of alignments: 13
			Looking for the best set of alignments (out of 13 total alignments)
			Skipping redundant alignments after choosing the best set of alignments
		Skipping redundant alignment 4608916 4609127 | 37223 37433 | 212 211 | 97.17 | Klebsiella_pneumoniae_subsp._pneumoniae_NZ_CP047675.1 k141_173
		Skipping redundant alignment 396882 397093 | 37433 37223 | 212 211 | 96.7 | Klebsiella_pneumoniae_subsp._pneumoniae_NZ_CP047675.1 k141_173
		Skipping redundant alignment 262583 262712 | 319942 319813 | 130 130 | 100.0 | Klebsiella_pneumoniae_subsp._pneumoniae_NZ_CP047675.1 k141_173
		Skipping redundant alignment 4129821 4129951 | 319812 319942 | 131 131 | 100.0 | Klebsiella_pneumoniae_subsp._pneumoniae_NZ_CP047675.1 k141_173
		Skipping redundant alignment 685703 685833 | 319942 319812 | 131 131 | 100.0 | Klebsiella_pneumoniae_subsp._pneumoniae_NZ_CP047675.1 k141_173
		Skipping redundant alignment 217438 217568 | 319942 319812 | 131 131 | 100.0 | Klebsiella_pneumoniae_subsp._pneumoniae_NZ_CP047675.1 k141_173
		Skipping redundant alignment 20940 21079 | 319952 319813 | 140 140 | 100.0 | Klebsiella_pneumoniae_subsp._pneumoniae_NZ_CP047675.1 k141_173
		Skipping redundant alignment 1041012 1041153 | 319952 319811 | 142 142 | 100.0 | Klebsiella_pneumoniae_subsp._pneumoniae_NZ_CP047675.1 k141_173
		Skipping redundant alignment 125471 125612 | 319952 319811 | 142 142 | 100.0 | Klebsiella_pneumoniae_subsp._pneumoniae_NZ_CP047675.1 k141_173
		This contig has several significant sets of alignments. [An ambiguously mapped contig]
		Using only the very best set (option --ambiguity-usage is set to "one").
			The best set is below. Score: 264050.9, number of alignments: 4, unaligned bases: 53854
		This contig is misassembled.
		This contig is partially unaligned. (Aligned 266098 out of 319952 non-N bases (83.17%))
			Excluding internal overlap of size 131 between Alignment 1 and 2: 4742155 4840779 | 170072 268712 | 98625 98641 --> 4742284 4840779 | 170203 268712 | 98496 98510
			Real Alignment 1: 4609111 4742053 | 37255 170202 | 132943 132948 | 99.32 | Klebsiella_pneumoniae_subsp._pneumoniae_NZ_CP047675.1 k141_173
			  Gap between these two alignments (local misassembly). Inconsistency = 230
			Real Alignment 2: 4742284 4840779 | 170203 268712 | 98496 98510 | 99.59 | Klebsiella_pneumoniae_subsp._pneumoniae_NZ_CP047675.1 k141_173
			  Extensive misassembly (relocation, inconsistency = 8598) between these two alignments
			Real Alignment 3: 4849395 4878126 | 268730 297461 | 28732 28732 | 99.6 | Klebsiella_pneumoniae_subsp._pneumoniae_NZ_CP047675.1 k141_173
			  Extensive misassembly (relocation, inconsistency = -15995) between these two alignments
			Real Alignment 4: 4878109 4884015 | 313439 319346 | 5907 5908 | 98.71 | Klebsiella_pneumoniae_subsp._pneumoniae_NZ_CP047675.1 k141_173
		Unaligned bases: 53854

CONTIG: k141_189 (151843bp)
Best alignment score: 116066.9 (LEN: 116791, IDY: 99.38), Total number of alignments: 3
			Looking for the best set of alignments (out of 3 total alignments)
			The best set is below. Score: 149142.6, number of alignments: 3, unaligned bases: 1528
		This contig is misassembled.
		This contig is partially unaligned. (Aligned 150315 out of 151843 non-N bases (98.99%))
			Excluding internal overlap of size 11 between Alignment 1 and 2: 4523692 4529418 | 5881 155 | 5727 5727 --> 4523703 4529418 | 5870 155 | 5716 5716
			Real Alignment 1: 4523703 4529418 | 5870 155 | 5716 5716 | 99.48 | Klebsiella_pneumoniae_subsp._pneumoniae_NZ_CP047675.1 k141_189
			  Gap between these two alignments (local misassembly). Inconsistency = 202
			Real Alignment 2: 4495694 4523500 | 33678 5871 | 27807 27808 | 99.5 | Klebsiella_pneumoniae_subsp._pneumoniae_NZ_CP047675.1 k141_189
			  Extensive misassembly (relocation, inconsistency = -1373) between these two alignments
			Real Alignment 3: 4378912 4495692 | 151843 35053 | 116781 116791 | 99.38 | Klebsiella_pneumoniae_subsp._pneumoniae_NZ_CP047675.1 k141_189
		Unaligned bases: 1528

CONTIG: k141_190 (11578bp)
Best alignment score: 3063.9 (LEN: 3071, IDY: 99.77), Total number of alignments: 3
			Looking for the best set of alignments (out of 3 total alignments)
			The best set is below. Score: 3529.9, number of alignments: 3, unaligned bases: 8004
		This contig is misassembled.
		This contig is partially unaligned. (Aligned 3574 out of 11578 non-N bases (30.87%))
			Warning! This contig is more unaligned than misassembled. Contig length is 11578 (number of Ns: 0) and total length of all aligns is 3574
		Alignment: 3537825 3540895 | 138 3208 | 3071 3071 | 99.77 | Klebsiella_pneumoniae_subsp._pneumoniae_NZ_CP047675.1 k141_190
		Alignment: 3543365 3543565 | 5347 5547 | 201 201 | 96.52 | Klebsiella_pneumoniae_subsp._pneumoniae_NZ_CP047675.1 k141_190
		Alignment: 3543567 3543868 | 5548 5849 | 302 302 | 98.01 | Klebsiella_pneumoniae_subsp._pneumoniae_NZ_CP047675.1 k141_190
		Unaligned bases: 8004

CONTIG: k141_202 (262143bp)
Best alignment score: 73733.8 (LEN: 74291, IDY: 99.25), Total number of alignments: 10
			Looking for the best set of alignments (out of 10 total alignments)
		This contig has several significant sets of alignments. [An ambiguously mapped contig]
		Using only the very best set (option --ambiguity-usage is set to "one").
			The best set is below. Score: 238221.3, number of alignments: 10, unaligned bases: 20312
		This contig is misassembled.
		This contig is partially unaligned. (Aligned 241831 out of 262143 non-N bases (92.25%))
			Real Alignment 1: 2816877 2821815 | 115 5054 | 4939 4940 | 98.83 | Klebsiella_pneumoniae_subsp._pneumoniae_NZ_CP047675.1 k141_202
			  Extensive misassembly (relocation, inconsistency = -1200) between these two alignments
			Excluding internal overlap of size 199 between Alignment 2 and 3: 2862453 2867762 | 46511 51816 | 5310 5306 --> 2862656 2867762 | 46710 51816 | 5107 5107
			Real Alignment 2: 2821812 2862300 | 6251 46709 | 40489 40459 | 99.04 | Klebsiella_pneumoniae_subsp._pneumoniae_NZ_CP047675.1 k141_202
			  Gap between these two alignments (local misassembly). Inconsistency = 355
			Real Alignment 3: 2862656 2867762 | 46710 51816 | 5107 5107 | 99.15 | Klebsiella_pneumoniae_subsp._pneumoniae_NZ_CP047675.1 k141_202
			  Extensive misassembly (relocation, inconsistency = -5634) between these two alignments
			Excluding internal overlap of size 113 between Alignment 4 and 5: 2942326 2979092 | 131638 168349 | 36767 36712 --> 2942439 2979092 | 131751 168349 | 36654 36599
			Real Alignment 4: 2867772 2942030 | 57460 131750 | 74259 74291 | 99.25 | Klebsiella_pneumoniae_subsp._pneumoniae_NZ_CP047675.1 k141_202
			  Gap between these two alignments (local misassembly). Inconsistency = 408
			Excluding internal overlap of size 1 between Alignment 5 and 6: 2981167 2992339 | 168349 179520 | 11173 11172 --> 2981168 2992339 | 168350 179520 | 11172 11171
			Real Alignment 5: 2942439 2979092 | 131751 168349 | 36654 36599 | 99.28 | Klebsiella_pneumoniae_subsp._pneumoniae_NZ_CP047675.1 k141_202
			  Extensive misassembly (relocation, inconsistency = 2075) between these two alignments
			Excluding internal overlap of size 298 between Alignment 6 and 7: 2981168 2992339 | 168350 179520 | 11172 11171 --> 2981168 2992041 | 168350 179222 | 10874 10873
			Real Alignment 6: 2981168 2992041 | 168350 179222 | 10874 10873 | 99.24 | Klebsiella_pneumoniae_subsp._pneumoniae_NZ_CP047675.1 k141_202
			  Gap between these two alignments (local misassembly). Inconsistency = 298
			Real Alignment 7: 2992340 3026194 | 179223 213129 | 33855 33907 | 98.73 | Klebsiella_pneumoniae_subsp._pneumoniae_NZ_CP047675.1 k141_202
			  Extensive misassembly (relocation, inconsistency = -7877) between these two alignments
			Excluding internal overlap of size 14 between Alignment 8 and 9: 3031669 3031832 | 226481 226644 | 164 164 --> 3031669 3031818 | 226481 226630 | 150 150
			Real Alignment 8: 3031669 3031818 | 226481 226630 | 150 150 | 97.56 | Klebsiella_pneumoniae_subsp._pneumoniae_NZ_CP047675.1 k141_202
			  Gap between these two alignments (local misassembly). Inconsistency = 860
			Real Alignment 9: 3032679 3044076 | 226631 238028 | 11398 11398 | 98.92 | Klebsiella_pneumoniae_subsp._pneumoniae_NZ_CP047675.1 k141_202
			  Extensive misassembly (relocation, inconsistency = 12505) between these two alignments
			Real Alignment 10: 3056590 3080709 | 238037 262143 | 24120 24107 | 99.03 | Klebsiella_pneumoniae_subsp._pneumoniae_NZ_CP047675.1 k141_202
		Unaligned bases: 20312

CONTIG: k141_211 (21539bp)
Best alignment score: 21196.6 (LEN: 21301, IDY: 99.51), Total number of alignments: 5
			Looking for the best set of alignments (out of 5 total alignments)
			Skipping redundant alignments after choosing the best set of alignments
		Skipping redundant alignment 5120217 5120337 | 21419 21539 | 121 121 | 100.0 | Klebsiella_pneumoniae_subsp._pneumoniae_NZ_CP047675.1 k141_211
		Skipping redundant alignment 1132650 1132770 | 21419 21539 | 121 121 | 100.0 | Klebsiella_pneumoniae_subsp._pneumoniae_NZ_CP047675.1 k141_211
		Skipping redundant alignment 975005 975144 | 21400 21539 | 140 140 | 100.0 | Klebsiella_pneumoniae_subsp._pneumoniae_NZ_CP047675.1 k141_211
		Skipping redundant alignment 1462255 1462395 | 21539 21399 | 141 141 | 99.29 | Klebsiella_pneumoniae_subsp._pneumoniae_NZ_CP047675.1 k141_211
		This contig has several significant sets of alignments. [An ambiguously mapped contig]
		Using only the very best set (option --ambiguity-usage is set to "one").
			The best set is below. Score: 21196.6, number of alignments: 1, unaligned bases: 238
		Alignment: 5121639 5142937 | 21441 141 | 21299 21301 | 99.51 | Klebsiella_pneumoniae_subsp._pneumoniae_NZ_CP047675.1 k141_211

CONTIG: k141_213 (31950bp)
Best alignment score: 18065.4 (LEN: 18235, IDY: 99.07), Total number of alignments: 9
			Looking for the best set of alignments (out of 9 total alignments)
			Skipping redundant alignments after choosing the best set of alignments
		Skipping redundant alignment 1132650 1132787 | 138 1 | 138 138 | 100.0 | Klebsiella_pneumoniae_subsp._pneumoniae_NZ_CP047675.1 k141_213
		Skipping redundant alignment 5120217 5120354 | 138 1 | 138 138 | 100.0 | Klebsiella_pneumoniae_subsp._pneumoniae_NZ_CP047675.1 k141_213
		Skipping redundant alignment 1462238 1462394 | 1 157 | 157 157 | 99.36 | Klebsiella_pneumoniae_subsp._pneumoniae_NZ_CP047675.1 k141_213
		Skipping redundant alignment 975002 975161 | 160 1 | 160 160 | 100.0 | Klebsiella_pneumoniae_subsp._pneumoniae_NZ_CP047675.1 k141_213
		Skipping redundant alignment 3619367 3619505 | 31812 31950 | 139 139 | 100.0 | Klebsiella_pneumoniae_subsp._pneumoniae_NZ_CP047675.1 k141_213
		Skipping redundant alignment 2176215 2176353 | 31812 31950 | 139 139 | 100.0 | Klebsiella_pneumoniae_subsp._pneumoniae_NZ_CP047675.1 k141_213
		Skipping redundant alignment 2103594 2103734 | 31950 31810 | 141 141 | 100.0 | Klebsiella_pneumoniae_subsp._pneumoniae_NZ_CP047675.1 k141_213
		This contig has several significant sets of alignments. [An ambiguously mapped contig]
		Using only the very best set (option --ambiguity-usage is set to "one").
			The best set is below. Score: 22245.2, number of alignments: 2, unaligned bases: 9258
		This contig is misassembled.
		This contig is partially unaligned. (Aligned 22692 out of 31950 non-N bases (71.02%))
			Real Alignment 1: 2196358 2200813 | 4595 139 | 4456 4457 | 99.39 | Klebsiella_pneumoniae_subsp._pneumoniae_NZ_CP047675.1 k141_213
			  Extensive misassembly (relocation, inconsistency = -8939) between these two alignments
			Real Alignment 2: 2178143 2196314 | 31812 13578 | 18172 18235 | 99.07 | Klebsiella_pneumoniae_subsp._pneumoniae_NZ_CP047675.1 k141_213
		Unaligned bases: 9258

CONTIG: k141_239 (520bp)
Best alignment score: 510.0 (LEN: 520, IDY: 98.08), Total number of alignments: 1
		One align captures most of this contig: 3956744 3957263 | 520 1 | 520 520 | 98.08 | Klebsiella_pneumoniae_subsp._pneumoniae_NZ_CP047675.1 k141_239

CONTIG: k141_243 (69397bp)
Best alignment score: 68845.4 (LEN: 69261, IDY: 99.40), Total number of alignments: 1
		One align captures most of this contig: 142932 212107 | 69261 1 | 69176 69261 | 99.4 | Klebsiella_pneumoniae_subsp._pneumoniae_NZ_CP047675.1 k141_243

CONTIG: k141_261 (165976bp)
Best alignment score: 109529.8 (LEN: 110313, IDY: 99.29), Total number of alignments: 3
			Looking for the best set of alignments (out of 3 total alignments)
		This contig has several significant sets of alignments. [An ambiguously mapped contig]
		Using only the very best set (option --ambiguity-usage is set to "one").
			The best set is below. Score: 164538.0, number of alignments: 3, unaligned bases: 187
		This contig is misassembled.
			Real Alignment 1: 3080569 3080786 | 1 218 | 218 218 | 95.87 | Klebsiella_pneumoniae_subsp._pneumoniae_NZ_CP047675.1 k141_261
			  Gap between these two alignments (local misassembly). Inconsistency = -237
			Excluding internal overlap of size 329 between Alignment 2 and 3: 3190743 3246332 | 110253 165839 | 55590 55587 --> 3191073 3246332 | 110582 165839 | 55260 55258
			Real Alignment 2: 3080600 3190895 | 269 110581 | 110296 110313 | 99.29 | Klebsiella_pneumoniae_subsp._pneumoniae_NZ_CP047675.1 k141_261
			  Gap between these two alignments (local misassembly). Inconsistency = 177
			Real Alignment 3: 3191073 3246332 | 110582 165839 | 55260 55258 | 99.3 | Klebsiella_pneumoniae_subsp._pneumoniae_NZ_CP047675.1 k141_261

CONTIG: k141_264 (167499bp)
Best alignment score: 133753.9 (LEN: 134399, IDY: 99.52), Total number of alignments: 2
			Looking for the best set of alignments (out of 2 total alignments)
			The best set is below. Score: 165476.8, number of alignments: 2, unaligned bases: 866
		This contig is misassembled.
		This contig is partially unaligned. (Aligned 166633 out of 167499 non-N bases (99.48%))
			Real Alignment 1: 3253231 3285479 | 746 32979 | 32249 32234 | 99.19 | Klebsiella_pneumoniae_subsp._pneumoniae_NZ_CP047675.1 k141_264
			  Extensive misassembly (relocation, inconsistency = 1023) between these two alignments
			Real Alignment 2: 3286601 3420989 | 33078 167476 | 134389 134399 | 99.52 | Klebsiella_pneumoniae_subsp._pneumoniae_NZ_CP047675.1 k141_264
		Unaligned bases: 866

CONTIG: k141_273 (519bp)
Best alignment score: 224.0 (LEN: 234, IDY: 95.73), Total number of alignments: 2
			Looking for the best set of alignments (out of 2 total alignments)
			Skipping redundant alignments after choosing the best set of alignments
		Skipping redundant alignment 547342 547418 | 158 234 | 77 77 | 96.1 | Klebsiella_pneumoniae_subsp._pneumoniae_NZ_CP047675.1 k141_273
			The best set is below. Score: 224.0, number of alignments: 1, unaligned bases: 285
		Alignment: 547302 547535 | 1 234 | 234 234 | 95.73 | Klebsiella_pneumoniae_subsp._pneumoniae_NZ_CP047675.1 k141_273

CONTIG: k141_279 (92142bp)
Best alignment score: 58128.0 (LEN: 58526, IDY: 99.32), Total number of alignments: 1
			Looking for the best set of alignments (out of 1 total alignments)
			The best set is below. Score: 58128.0, number of alignments: 1, unaligned bases: 33616
		This contig is partially unaligned. (Aligned 58526 out of 92142 non-N bases (63.52%))
		Alignment: 1784652 1843203 | 33617 92142 | 58552 58526 | 99.32 | Klebsiella_pneumoniae_subsp._pneumoniae_NZ_CP047675.1 k141_279
		Unaligned bases: 1 to 33616 (33616)

CONTIG: k141_317 (34034bp)
Best alignment score: 31575.9 (LEN: 32008, IDY: 98.65), Total number of alignments: 1
			Looking for the best set of alignments (out of 1 total alignments)
			The best set is below. Score: 31575.9, number of alignments: 1, unaligned bases: 2026
		This contig is partially unaligned. (Aligned 32008 out of 34034 non-N bases (94.05%))
		Alignment: 1064676 1096646 | 60 32067 | 31971 32008 | 98.65 | Klebsiella_pneumoniae_subsp._pneumoniae_NZ_CP047675.1 k141_317
		Unaligned bases: 1 to 59 (59)
		Unaligned bases: 32068 to 34034 (1967)

CONTIG: k141_318 (13026bp)
Best alignment score: 6379.0 (LEN: 6490, IDY: 98.29), Total number of alignments: 1
			Looking for the best set of alignments (out of 1 total alignments)
			The best set is below. Score: 6379.0, number of alignments: 1, unaligned bases: 6536
		This contig is partially unaligned. (Aligned 6490 out of 13026 non-N bases (49.82%))
		Alignment: 653000 659489 | 6490 1 | 6490 6490 | 98.29 | Klebsiella_pneumoniae_subsp._pneumoniae_NZ_CP047675.1 k141_318
		Unaligned bases: 6491 to 13026 (6536)

CONTIG: k141_321 (11070bp)
Best alignment score: 10874.3 (LEN: 10930, IDY: 99.49), Total number of alignments: 5
			Looking for the best set of alignments (out of 5 total alignments)
			Skipping redundant alignments after choosing the best set of alignments
		Skipping redundant alignment 1132650 1132789 | 10931 11070 | 140 140 | 100.0 | Klebsiella_pneumoniae_subsp._pneumoniae_NZ_CP047675.1 k141_321
		Skipping redundant alignment 5120217 5120356 | 10931 11070 | 140 140 | 100.0 | Klebsiella_pneumoniae_subsp._pneumoniae_NZ_CP047675.1 k141_321
		Skipping redundant alignment 975005 975163 | 10912 11070 | 159 159 | 99.37 | Klebsiella_pneumoniae_subsp._pneumoniae_NZ_CP047675.1 k141_321
		Skipping redundant alignment 1462236 1462396 | 11070 10910 | 161 161 | 98.76 | Klebsiella_pneumoniae_subsp._pneumoniae_NZ_CP047675.1 k141_321
			The best set is below. Score: 10874.3, number of alignments: 1, unaligned bases: 140
		Alignment: 384819 395748 | 10930 1 | 10930 10930 | 99.49 | Klebsiella_pneumoniae_subsp._pneumoniae_NZ_CP047675.1 k141_321

CONTIG: k141_326 (134791bp)
Best alignment score: 94858.4 (LEN: 95633, IDY: 99.19), Total number of alignments: 8
			Looking for the best set of alignments (out of 8 total alignments)
			Skipping redundant alignments after choosing the best set of alignments
		Skipping redundant alignment 5121523 5121661 | 1 139 | 139 139 | 100.0 | Klebsiella_pneumoniae_subsp._pneumoniae_NZ_CP047675.1 k141_326
		Skipping redundant alignment 1133956 1134094 | 1 139 | 139 139 | 100.0 | Klebsiella_pneumoniae_subsp._pneumoniae_NZ_CP047675.1 k141_326
		Skipping redundant alignment 976330 976485 | 1 156 | 156 156 | 98.72 | Klebsiella_pneumoniae_subsp._pneumoniae_NZ_CP047675.1 k141_326
		Skipping redundant alignment 1460913 1461069 | 157 1 | 157 157 | 99.36 | Klebsiella_pneumoniae_subsp._pneumoniae_NZ_CP047675.1 k141_326
		This contig has several significant sets of alignments. [An ambiguously mapped contig]
		Using only the very best set (option --ambiguity-usage is set to "one").
			The best set is below. Score: 131986.7, number of alignments: 4, unaligned bases: 1117
		This contig is misassembled.
		This contig is partially unaligned. (Aligned 133674 out of 134791 non-N bases (99.17%))
			Real Alignment 1: 1441630 1443652 | 140 2162 | 2023 2023 | 99.46 | Klebsiella_pneumoniae_subsp._pneumoniae_NZ_CP047675.1 k141_326
			  Extensive misassembly (relocation, inconsistency = 7251) between these two alignments
			Excluding internal overlap of size 48 between Alignment 2 and 3: 1451014 1460449 | 2273 11708 | 9436 9436 --> 1451014 1460401 | 2273 11660 | 9388 9388
			Real Alignment 2: 1451014 1460401 | 2273 11660 | 9388 9388 | 99.21 | Klebsiella_pneumoniae_subsp._pneumoniae_NZ_CP047675.1 k141_326
			  Extensive misassembly (relocation, inconsistency = 1975) between these two alignments
			Real Alignment 3: 1462377 1489008 | 11661 38290 | 26632 26630 | 98.86 | Klebsiella_pneumoniae_subsp._pneumoniae_NZ_CP047675.1 k141_326
			  Gap between these two alignments (local misassembly). Inconsistency = -11
			Real Alignment 4: 1489630 1585260 | 38923 134555 | 95631 95633 | 99.19 | Klebsiella_pneumoniae_subsp._pneumoniae_NZ_CP047675.1 k141_326
		Unaligned bases: 1117

CONTIG: k141_350 (329050bp)
Best alignment score: 165577.8 (LEN: 166527, IDY: 99.43), Total number of alignments: 5
			Looking for the best set of alignments (out of 5 total alignments)
			The best set is below. Score: 317740.2, number of alignments: 5, unaligned bases: 8589
		This contig is misassembled.
		This contig is partially unaligned. (Aligned 320461 out of 329050 non-N bases (97.39%))
			Excluding internal overlap of size 433 between Alignment 1 and 2: 3957014 4042934 | 92119 6233 | 85921 85887 --> 3957378 4042934 | 91686 6233 | 85557 85454
			Real Alignment 1: 3957378 4042934 | 91686 6233 | 85557 85454 | 99.12 | Klebsiella_pneumoniae_subsp._pneumoniae_NZ_CP047675.1 k141_350
			  Indel (> 5bp) between these two alignments: deletion of length 52; 0 mismatches (number of Ns: 0)
			Real Alignment 2: 3790779 3957325 | 258213 91687 | 166547 166527 | 99.43 | Klebsiella_pneumoniae_subsp._pneumoniae_NZ_CP047675.1 k141_350
			  Extensive misassembly (relocation, inconsistency = -1537) between these two alignments
			Excluding internal overlap of size 79 between Alignment 3 and 4: 3733232 3754831 | 317182 295583 | 21600 21600 --> 3733232 3754752 | 317182 295662 | 21521 21521
			Real Alignment 3: 3754872 3790581 | 295661 259948 | 35710 35714 | 99.45 | Klebsiella_pneumoniae_subsp._pneumoniae_NZ_CP047675.1 k141_350
			  Gap between these two alignments (local misassembly). Inconsistency = 119
			Real Alignment 4: 3733232 3754752 | 317182 295662 | 21521 21521 | 99.15 | Klebsiella_pneumoniae_subsp._pneumoniae_NZ_CP047675.1 k141_350
			  Extensive misassembly (relocation, inconsistency = 6220) between these two alignments
			Real Alignment 5: 3715144 3726388 | 329050 317806 | 11245 11245 | 99.18 | Klebsiella_pneumoniae_subsp._pneumoniae_NZ_CP047675.1 k141_350
		Unaligned bases: 8589

CONTIG: k141_369 (212105bp)
Best alignment score: 150262.3 (LEN: 150987, IDY: 99.52), Total number of alignments: 7
			Looking for the best set of alignments (out of 7 total alignments)
		This contig has several significant sets of alignments. [An ambiguously mapped contig]
		Using only the very best set (option --ambiguity-usage is set to "one").
			The best set is below. Score: 205333.3, number of alignments: 7, unaligned bases: 4751
		This contig is misassembled.
		This contig is partially unaligned. (Aligned 207354 out of 212105 non-N bases (97.76%))
			Excluding internal overlap of size 26 between Alignment 1 and 2: 1108847 1109350 | 80 583 | 504 504 --> 1108847 1109324 | 80 557 | 478 478
			Real Alignment 1: 1108847 1109324 | 80 557 | 478 478 | 96.43 | Klebsiella_pneumoniae_subsp._pneumoniae_NZ_CP047675.1 k141_369
			  Overlap between these two alignments (local misassembly). Inconsistency = -224
			Excluding internal overlap of size 4 between Alignment 2 and 3: 1134095 1142831 | 24103 32833 | 8737 8731 --> 1134099 1142831 | 24107 32833 | 8733 8727
			Real Alignment 2: 1109101 1132649 | 558 24106 | 23549 23549 | 98.98 | Klebsiella_pneumoniae_subsp._pneumoniae_NZ_CP047675.1 k141_369
			  Extensive misassembly (relocation, inconsistency = 1449) between these two alignments
			Excluding internal overlap of size 181 between Alignment 3 and 4: 1134099 1142831 | 24107 32833 | 8733 8727 --> 1134099 1142650 | 24107 32652 | 8552 8546
			Real Alignment 3: 1134099 1142650 | 24107 32652 | 8552 8546 | 98.89 | Klebsiella_pneumoniae_subsp._pneumoniae_NZ_CP047675.1 k141_369
			  Gap between these two alignments (local misassembly). Inconsistency = 125
			Real Alignment 4: 1142776 1293761 | 32653 183639 | 150986 150987 | 99.52 | Klebsiella_pneumoniae_subsp._pneumoniae_NZ_CP047675.1 k141_369
			  Gap between these two alignments (local misassembly). Inconsistency = -26
			Real Alignment 5: 1293917 1311375 | 183821 201280 | 17459 17460 | 99.61 | Klebsiella_pneumoniae_subsp._pneumoniae_NZ_CP047675.1 k141_369
			  Extensive misassembly (relocation, inconsistency = 21589) between these two alignments
			Real Alignment 6: 1333119 1338006 | 201435 206322 | 4888 4888 | 99.37 | Klebsiella_pneumoniae_subsp._pneumoniae_NZ_CP047675.1 k141_369
			  Extensive misassembly (relocation, inconsistency = 1922) between these two alignments
			Real Alignment 7: 1340026 1341472 | 206420 207865 | 1447 1446 | 99.45 | Klebsiella_pneumoniae_subsp._pneumoniae_NZ_CP047675.1 k141_369
		Unaligned bases: 4751

CONTIG: k141_398 (1747bp)
Best alignment score: 120.0 (LEN: 121, IDY: 99.17), Total number of alignments: 3
			Looking for the best set of alignments (out of 3 total alignments)
			Skipping redundant alignments after choosing the best set of alignments
		Skipping redundant alignment 3621162 3621281 | 1 121 | 120 121 | 99.17 | Klebsiella_pneumoniae_subsp._pneumoniae_NZ_CP047675.1 k141_398
		Skipping redundant alignment 2178010 2178129 | 1 121 | 120 121 | 99.17 | Klebsiella_pneumoniae_subsp._pneumoniae_NZ_CP047675.1 k141_398
		This contig has several significant sets of alignments. [An ambiguously mapped contig]
		Using only the very best set (option --ambiguity-usage is set to "one").
			The best set is below. Score: 120.0, number of alignments: 1, unaligned bases: 1626
		This contig is partially unaligned. (Aligned 121 out of 1747 non-N bases (6.93%))
		Alignment: 2101818 2101937 | 121 1 | 120 121 | 99.17 | Klebsiella_pneumoniae_subsp._pneumoniae_NZ_CP047675.1 k141_398
		Unaligned bases: 122 to 1747 (1626)

CONTIG: k141_405 (86266bp)
Best alignment score: 76075.0 (LEN: 76890, IDY: 98.94), Total number of alignments: 2
			Looking for the best set of alignments (out of 2 total alignments)
			The best set is below. Score: 79018.1, number of alignments: 2, unaligned bases: 6077
		This contig is misassembled.
		This contig is partially unaligned. (Aligned 80189 out of 86266 non-N bases (92.96%))
			Real Alignment 1: 2377829 2454694 | 76890 1 | 76866 76890 | 98.94 | Klebsiella_pneumoniae_subsp._pneumoniae_NZ_CP047675.1 k141_405
			  Extensive misassembly (relocation, inconsistency = 1556) between these two alignments
			Real Alignment 2: 2371522 2374820 | 81641 78343 | 3299 3299 | 96.79 | Klebsiella_pneumoniae_subsp._pneumoniae_NZ_CP047675.1 k141_405
		Unaligned bases: 6077

CONTIG: k141_407 (528bp)
Best alignment score: 148.0 (LEN: 154, IDY: 96.13), Total number of alignments: 3
			Looking for the best set of alignments (out of 3 total alignments)
			The best set is below. Score: 308.0, number of alignments: 3, unaligned bases: 198
		This contig is misassembled.
			Real Alignment 1: 3080625 3080778 | 1 154 | 154 154 | 96.13 | Klebsiella_pneumoniae_subsp._pneumoniae_NZ_CP047675.1 k141_407
			  Gap between these two alignments (local misassembly). Inconsistency = -119
			Real Alignment 2: 3080704 3080786 | 199 281 | 83 83 | 95.18 | Klebsiella_pneumoniae_subsp._pneumoniae_NZ_CP047675.1 k141_407
			  Gap between these two alignments (local misassembly). Inconsistency = -237
			Real Alignment 3: 3080704 3080796 | 436 528 | 93 93 | 95.7 | Klebsiella_pneumoniae_subsp._pneumoniae_NZ_CP047675.1 k141_407

CONTIG: k141_408 (37789bp)
Best alignment score: 37490.5 (LEN: 37789, IDY: 99.21), Total number of alignments: 1
		One align captures most of this contig: 2511244 2549033 | 1 37789 | 37790 37789 | 99.21 | Klebsiella_pneumoniae_subsp._pneumoniae_NZ_CP047675.1 k141_408

CONTIG: k141_409 (121950bp)
Best alignment score: 84060.6 (LEN: 84466, IDY: 99.52), Total number of alignments: 6
			Looking for the best set of alignments (out of 6 total alignments)
			Skipping redundant alignments after choosing the best set of alignments
		Skipping redundant alignment 547675 547767 | 14087 13995 | 93 93 | 97.85 | Klebsiella_pneumoniae_subsp._pneumoniae_NZ_CP047675.1 k141_409
		Skipping redundant alignment 546947 547039 | 14087 13995 | 93 93 | 97.85 | Klebsiella_pneumoniae_subsp._pneumoniae_NZ_CP047675.1 k141_409
		Skipping redundant alignment 1936473 1936679 | 36303 36097 | 207 207 | 98.07 | Klebsiella_pneumoniae_subsp._pneumoniae_NZ_CP047675.1 k141_409
		This contig has several significant sets of alignments. [An ambiguously mapped contig]
		Using only the very best set (option --ambiguity-usage is set to "one").
			The best set is below. Score: 119295.5, number of alignments: 3, unaligned bases: 1714
		This contig is misassembled.
		This contig is partially unaligned. (Aligned 120236 out of 121950 non-N bases (98.59%))
			Real Alignment 1: 1969222 1983074 | 13989 137 | 13853 13853 | 99.46 | Klebsiella_pneumoniae_subsp._pneumoniae_NZ_CP047675.1 k141_409
			  Gap between these two alignments (local misassembly). Inconsistency = -194
			Real Alignment 2: 1947390 1969257 | 36064 14148 | 21868 21917 | 99.15 | Klebsiella_pneumoniae_subsp._pneumoniae_NZ_CP047675.1 k141_409
			  Extensive misassembly (relocation, inconsistency = 18146) between these two alignments
			Real Alignment 3: 1843379 1927823 | 121950 37485 | 84445 84466 | 99.52 | Klebsiella_pneumoniae_subsp._pneumoniae_NZ_CP047675.1 k141_409
		Unaligned bases: 1714

CONTIG: k141_426 (2002bp)
Best alignment score: 1709.0 (LEN: 1734, IDY: 98.56), Total number of alignments: 2
			Looking for the best set of alignments (out of 2 total alignments)
			The best set is below. Score: 1930.9, number of alignments: 2, unaligned bases: 3
		This contig is misassembled.
			Excluding internal overlap of size 150 between Alignment 1 and 2: 1392151 1392566 | 1 415 | 416 415 --> 1392151 1392415 | 1 265 | 265 265
			Real Alignment 1: 1392151 1392415 | 1 265 | 265 265 | 98.08 | Klebsiella_pneumoniae_subsp._pneumoniae_NZ_CP047675.1 k141_426
			  Gap between these two alignments (local misassembly). Inconsistency = 118
			Real Alignment 2: 1392534 1394267 | 266 1999 | 1734 1734 | 98.56 | Klebsiella_pneumoniae_subsp._pneumoniae_NZ_CP047675.1 k141_426

CONTIG: k141_439 (135497bp)
Best alignment score: 69334.5 (LEN: 69739, IDY: 99.42), Total number of alignments: 6
			Looking for the best set of alignments (out of 6 total alignments)
			The best set is below. Score: 125200.8, number of alignments: 6, unaligned bases: 8802
		This contig is misassembled.
		This contig is partially unaligned. (Aligned 126695 out of 135497 non-N bases (93.50%))
			Real Alignment 1: 419952 489684 | 138 69876 | 69733 69739 | 99.42 | Klebsiella_pneumoniae_subsp._pneumoniae_NZ_CP047675.1 k141_439
			  Extensive misassembly (relocation, inconsistency = -2242) between these two alignments
			Excluding internal overlap of size 629 between Alignment 2 and 3: 489789 500943 | 72223 83380 | 11155 11158 --> 489789 500316 | 72223 82751 | 10528 10529
			Real Alignment 2: 489789 500316 | 72223 82751 | 10528 10529 | 99.11 | Klebsiella_pneumoniae_subsp._pneumoniae_NZ_CP047675.1 k141_439
			  Gap between these two alignments (local misassembly). Inconsistency = 127
			Real Alignment 3: 500444 513748 | 82752 96055 | 13305 13304 | 99.05 | Klebsiella_pneumoniae_subsp._pneumoniae_NZ_CP047675.1 k141_439
			  Gap between these two alignments (local misassembly). Inconsistency = 88
			Real Alignment 4: 513948 530685 | 96167 112903 | 16738 16737 | 99.31 | Klebsiella_pneumoniae_subsp._pneumoniae_NZ_CP047675.1 k141_439
			  Extensive misassembly (relocation, inconsistency = -5945) between these two alignments
			Real Alignment 5: 530762 533188 | 118925 121351 | 2427 2427 | 99.18 | Klebsiella_pneumoniae_subsp._pneumoniae_NZ_CP047675.1 k141_439
			  Gap between these two alignments (local misassembly). Inconsistency = -192
			Real Alignment 6: 533184 547144 | 121539 135497 | 13961 13959 | 99.01 | Klebsiella_pneumoniae_subsp._pneumoniae_NZ_CP047675.1 k141_439
		Unaligned bases: 8802

CONTIG: k141_460 (97206bp)
Best alignment score: 92769.6 (LEN: 93292, IDY: 99.44), Total number of alignments: 3
			Looking for the best set of alignments (out of 3 total alignments)
			Skipping redundant alignments after choosing the best set of alignments
		Skipping redundant alignment 1460913 1461055 | 143 1 | 143 143 | 100.0 | Klebsiella_pneumoniae_subsp._pneumoniae_NZ_CP047675.1 k141_460
		Skipping redundant alignment 1460576 1460826 | 488 238 | 251 251 | 95.62 | Klebsiella_pneumoniae_subsp._pneumoniae_NZ_CP047675.1 k141_460
		This contig has several significant sets of alignments. [An ambiguously mapped contig]
		Using only the very best set (option --ambiguity-usage is set to "one").
			The best set is below. Score: 92769.6, number of alignments: 1, unaligned bases: 3914
		This contig is partially unaligned. (Aligned 93292 out of 97206 non-N bases (95.97%))
		Alignment: 2200811 2294100 | 126 93417 | 93290 93292 | 99.44 | Klebsiella_pneumoniae_subsp._pneumoniae_NZ_CP047675.1 k141_460
		Unaligned bases: 1 to 125 (125)
		Unaligned bases: 93418 to 97206 (3789)

CONTIG: k141_466 (3234bp)
Best alignment score: 2942.0 (LEN: 2955, IDY: 99.56), Total number of alignments: 1
			Looking for the best set of alignments (out of 1 total alignments)
			The best set is below. Score: 2942.0, number of alignments: 1, unaligned bases: 279
		Alignment: 917770 920724 | 3094 140 | 2955 2955 | 99.56 | Klebsiella_pneumoniae_subsp._pneumoniae_NZ_CP047675.1 k141_466

CONTIG: k141_489 (507bp)
Best alignment score: 499.0 (LEN: 507, IDY: 98.42), Total number of alignments: 8
		This contig has 8 significant alignments. [An ambiguously mapped contig]
		Using only first of these alignment (option --ambiguity-usage is set to "one"):
			Alignment: 1040370 1040876 | 507 1 | 507 507 | 98.42 | Klebsiella_pneumoniae_subsp._pneumoniae_NZ_CP047675.1 k141_489
			Skipping alignment 4130196 4130702 | 1 507 | 507 507 | 98.42 | Klebsiella_pneumoniae_subsp._pneumoniae_NZ_CP047675.1 k141_489
			Skipping alignment 261832 262338 | 507 1 | 507 507 | 98.42 | Klebsiella_pneumoniae_subsp._pneumoniae_NZ_CP047675.1 k141_489
			Skipping alignment 4884943 4885449 | 1 507 | 507 507 | 98.03 | Klebsiella_pneumoniae_subsp._pneumoniae_NZ_CP047675.1 k141_489
			Skipping alignment 216686 217192 | 507 1 | 507 507 | 98.03 | Klebsiella_pneumoniae_subsp._pneumoniae_NZ_CP047675.1 k141_489
			Skipping alignment 685047 685553 | 507 1 | 507 507 | 98.03 | Klebsiella_pneumoniae_subsp._pneumoniae_NZ_CP047675.1 k141_489
			Skipping alignment 124829 125335 | 507 1 | 507 507 | 98.03 | Klebsiella_pneumoniae_subsp._pneumoniae_NZ_CP047675.1 k141_489
			Skipping alignment 20298 20804 | 507 1 | 507 507 | 98.03 | Klebsiella_pneumoniae_subsp._pneumoniae_NZ_CP047675.1 k141_489

CONTIG: k141_492 (56993bp)
Best alignment score: 56472.6 (LEN: 56928, IDY: 99.20), Total number of alignments: 1
		One align captures most of this contig: 2454458 2511373 | 66 56993 | 56916 56928 | 99.2 | Klebsiella_pneumoniae_subsp._pneumoniae_NZ_CP047675.1 k141_492

CONTIG: k141_493 (57064bp)
Best alignment score: 25411.4 (LEN: 25588, IDY: 99.31), Total number of alignments: 6
			Looking for the best set of alignments (out of 6 total alignments)
			Skipping redundant alignments after choosing the best set of alignments
		Skipping redundant alignment 1462190 1462375 | 1 186 | 186 186 | 100.0 | Klebsiella_pneumoniae_subsp._pneumoniae_NZ_CP047675.1 k141_493
		Skipping redundant alignment 5120217 5120402 | 186 1 | 186 186 | 100.0 | Klebsiella_pneumoniae_subsp._pneumoniae_NZ_CP047675.1 k141_493
		Skipping redundant alignment 1132649 1132835 | 187 1 | 187 187 | 100.0 | Klebsiella_pneumoniae_subsp._pneumoniae_NZ_CP047675.1 k141_493
		Skipping redundant alignment 975002 975209 | 208 1 | 208 208 | 98.56 | Klebsiella_pneumoniae_subsp._pneumoniae_NZ_CP047675.1 k141_493
		This contig has several significant sets of alignments. [An ambiguously mapped contig]
		Using only the very best set (option --ambiguity-usage is set to "one").
			The best set is below. Score: 46853.6, number of alignments: 2, unaligned bases: 9547
		This contig is misassembled.
		This contig is partially unaligned. (Aligned 47517 out of 57064 non-N bases (83.27%))
			Real Alignment 1: 1416043 1441633 | 25774 187 | 25591 25588 | 99.31 | Klebsiella_pneumoniae_subsp._pneumoniae_NZ_CP047675.1 k141_493
			  Extensive misassembly (relocation, inconsistency = -9302) between these two alignments
			Real Alignment 2: 1394130 1415983 | 57064 35136 | 21854 21929 | 98.92 | Klebsiella_pneumoniae_subsp._pneumoniae_NZ_CP047675.1 k141_493
		Unaligned bases: 9547

CONTIG: k141_496 (193699bp)
Best alignment score: 84076.9 (LEN: 84644, IDY: 99.33), Total number of alignments: 11
			Looking for the best set of alignments (out of 11 total alignments)
			Skipping redundant alignments after choosing the best set of alignments
		Skipping redundant alignment 3844102 3844176 | 157299 157373 | 75 75 | 97.33 | Klebsiella_pneumoniae_subsp._pneumoniae_NZ_CP047675.1 k141_496
		Skipping redundant alignment 1460552 1460632 | 157570 157490 | 81 81 | 96.3 | Klebsiella_pneumoniae_subsp._pneumoniae_NZ_CP047675.1 k141_496
		Skipping redundant alignment 1420915 1421192 | 177161 177438 | 278 278 | 95.68 | Klebsiella_pneumoniae_subsp._pneumoniae_NZ_CP047675.1 k141_496
		Skipping redundant alignment 2177990 2178129 | 193699 193559 | 140 141 | 99.29 | Klebsiella_pneumoniae_subsp._pneumoniae_NZ_CP047675.1 k141_496
		Skipping redundant alignment 3621142 3621281 | 193699 193559 | 140 141 | 99.29 | Klebsiella_pneumoniae_subsp._pneumoniae_NZ_CP047675.1 k141_496
		Skipping redundant alignment 2101818 2101957 | 193559 193699 | 140 141 | 99.29 | Klebsiella_pneumoniae_subsp._pneumoniae_NZ_CP047675.1 k141_496
		This contig has several significant sets of alignments. [An ambiguously mapped contig]
		Using only the very best set (option --ambiguity-usage is set to "one").
			The best set is below. Score: 189937.8, number of alignments: 5, unaligned bases: 2119
		This contig is misassembled.
		This contig is partially unaligned. (Aligned 191580 out of 193699 non-N bases (98.91%))
			Excluding internal overlap of size 76 between Alignment 1 and 2: 1585080 1588825 | 3 3748 | 3746 3746 --> 1585080 1588749 | 3 3672 | 3670 3670
			Real Alignment 1: 1585080 1588749 | 3 3672 | 3670 3670 | 99.25 | Klebsiella_pneumoniae_subsp._pneumoniae_NZ_CP047675.1 k141_496
			  Gap between these two alignments (local misassembly). Inconsistency = 150
			Excluding internal overlap of size 1 between Alignment 2 and 3: 1681131 1750009 | 88316 157206 | 68879 68891 --> 1681132 1750009 | 88317 157206 | 68878 68890
			Real Alignment 2: 1588900 1673659 | 3673 88316 | 84760 84644 | 99.33 | Klebsiella_pneumoniae_subsp._pneumoniae_NZ_CP047675.1 k141_496
			  Extensive misassembly (relocation, inconsistency = 7472) between these two alignments
			Real Alignment 3: 1681132 1750009 | 88317 157206 | 68878 68890 | 99.36 | Klebsiella_pneumoniae_subsp._pneumoniae_NZ_CP047675.1 k141_496
			  Gap between these two alignments (local misassembly). Inconsistency = -399
			Real Alignment 4: 1750090 1769643 | 157686 177239 | 19554 19554 | 99.2 | Klebsiella_pneumoniae_subsp._pneumoniae_NZ_CP047675.1 k141_496
			  Gap between these two alignments (local misassembly). Inconsistency = -117
			Real Alignment 5: 1769851 1784670 | 177564 192385 | 14820 14822 | 99.3 | Klebsiella_pneumoniae_subsp._pneumoniae_NZ_CP047675.1 k141_496
		Unaligned bases: 2119

CONTIG: k141_500 (8073bp)
Best alignment score: 7863.2 (LEN: 7937, IDY: 99.07), Total number of alignments: 1
			Looking for the best set of alignments (out of 1 total alignments)
			The best set is below. Score: 7863.2, number of alignments: 1, unaligned bases: 136
		Alignment: 2570133 2578090 | 137 8073 | 7958 7937 | 99.07 | Klebsiella_pneumoniae_subsp._pneumoniae_NZ_CP047675.1 k141_500

CONTIG: k141_506 (98269bp)
Best alignment score: 28648.4 (LEN: 29669, IDY: 96.56), Total number of alignments: 6
			Looking for the best set of alignments (out of 6 total alignments)
			Skipping redundant alignments after choosing the best set of alignments
		Skipping redundant alignment 148368 148508 | 98129 98269 | 141 141 | 98.58 | Klebsiella_pneumoniae_subsp._pneumoniae_NZ_CP047676.1 k141_506
		This contig has several significant sets of alignments. [An ambiguously mapped contig]
		Using only the very best set (option --ambiguity-usage is set to "one").
			The best set is below. Score: 84115.3, number of alignments: 5, unaligned bases: 11242
		This contig is misassembled.
		This contig is partially unaligned. (Aligned 87027 out of 98269 non-N bases (88.56%))
			Real Alignment 1: 2801021 2810076 | 9194 136 | 9056 9059 | 99.4 | Klebsiella_pneumoniae_subsp._pneumoniae_NZ_CP047675.1 k141_506
			  Extensive misassembly (relocation, inconsistency = 5906) between these two alignments
			Excluding internal overlap of size 201 between Alignment 2 and 3: 2750099 2772005 | 53690 31838 | 21907 21853 --> 2750099 2771804 | 53690 32039 | 21706 21652
			Real Alignment 2: 2772270 2795106 | 32038 9203 | 22837 22836 | 99.04 | Klebsiella_pneumoniae_subsp._pneumoniae_NZ_CP047675.1 k141_506
			  Gap between these two alignments (local misassembly). Inconsistency = 465
			Real Alignment 3: 2750099 2771804 | 53690 32039 | 21706 21652 | 96.87 | Klebsiella_pneumoniae_subsp._pneumoniae_NZ_CP047675.1 k141_506
			  Extensive misassembly (relocation, inconsistency = -3203) between these two alignments
			Real Alignment 4: 2745199 2749007 | 61795 57985 | 3809 3811 | 96.28 | Klebsiella_pneumoniae_subsp._pneumoniae_NZ_CP047675.1 k141_506
			  Extensive misassembly (relocation, inconsistency = -1877) between these two alignments
			Real Alignment 5: 2715498 2745199 | 93340 63672 | 29702 29669 | 96.56 | Klebsiella_pneumoniae_subsp._pneumoniae_NZ_CP047675.1 k141_506
		Unaligned bases: 11242

CONTIG: k141_511 (20801bp)
Best alignment score: 18758.2 (LEN: 18919, IDY: 99.15), Total number of alignments: 1
			Looking for the best set of alignments (out of 1 total alignments)
			The best set is below. Score: 18758.2, number of alignments: 1, unaligned bases: 1882
		This contig is partially unaligned. (Aligned 18919 out of 20801 non-N bases (90.95%))
		Alignment: 3600589 3619507 | 1883 20801 | 18919 18919 | 99.15 | Klebsiella_pneumoniae_subsp._pneumoniae_NZ_CP047675.1 k141_511
		Unaligned bases: 1 to 1882 (1882)

CONTIG: k141_528 (16553bp)
Best alignment score: 16306.0 (LEN: 16416, IDY: 99.33), Total number of alignments: 1
		One align captures most of this contig: 125493 141908 | 1 16416 | 16416 16416 | 99.33 | Klebsiella_pneumoniae_subsp._pneumoniae_NZ_CP047675.1 k141_528

CONTIG: k141_529 (23944bp)
Best alignment score: 23618.9 (LEN: 23771, IDY: 99.36), Total number of alignments: 1
		One align captures most of this contig: 1041034 1064804 | 1 23771 | 23771 23771 | 99.36 | Klebsiella_pneumoniae_subsp._pneumoniae_NZ_CP047675.1 k141_529

CONTIG: k141_532 (11849bp)
Best alignment score: 11506.9 (LEN: 11713, IDY: 98.24), Total number of alignments: 1
			Looking for the best set of alignments (out of 1 total alignments)
			The best set is below. Score: 11506.9, number of alignments: 1, unaligned bases: 136
		Alignment: 3637958 3649668 | 1 11713 | 11711 11713 | 98.24 | Klebsiella_pneumoniae_subsp._pneumoniae_NZ_CP047675.1 k141_532

CONTIG: k141_536 (23429bp)
Best alignment score: 23098.6 (LEN: 23224, IDY: 99.46), Total number of alignments: 6
		Skipping these alignments as insignificant (option --ambiguity-score is set to "0.99"):
			Skipping alignment 2511226 2511391 | 10 175 | 166 166 | 98.19 | Klebsiella_pneumoniae_subsp._pneumoniae_NZ_CP047675.1 k141_536
			Skipping alignment 546985 547144 | 160 1 | 160 160 | 98.75 | Klebsiella_pneumoniae_subsp._pneumoniae_NZ_CP047675.1 k141_536
			Skipping alignment 547713 547872 | 160 1 | 160 160 | 98.75 | Klebsiella_pneumoniae_subsp._pneumoniae_NZ_CP047675.1 k141_536
			Skipping alignment 1460665 1460824 | 1 160 | 160 160 | 97.5 | Klebsiella_pneumoniae_subsp._pneumoniae_NZ_CP047675.1 k141_536
			Skipping alignment 1392218 1392376 | 1 160 | 159 160 | 96.88 | Klebsiella_pneumoniae_subsp._pneumoniae_NZ_CP047675.1 k141_536
		One align captures most of this contig: 5269172 5292395 | 206 23429 | 23224 23224 | 99.46 | Klebsiella_pneumoniae_subsp._pneumoniae_NZ_CP047675.1 k141_536

CONTIG: k141_567 (65279bp)
Best alignment score: 24422.3 (LEN: 24592, IDY: 99.31), Total number of alignments: 6
			Looking for the best set of alignments (out of 6 total alignments)
			Skipping redundant alignments after choosing the best set of alignments
		Skipping redundant alignment 2176215 2176352 | 65142 65279 | 138 138 | 100.0 | Klebsiella_pneumoniae_subsp._pneumoniae_NZ_CP047675.1 k141_567
		Skipping redundant alignment 3619367 3619504 | 65142 65279 | 138 138 | 100.0 | Klebsiella_pneumoniae_subsp._pneumoniae_NZ_CP047675.1 k141_567
		Skipping redundant alignment 2103595 2103734 | 65279 65140 | 140 140 | 100.0 | Klebsiella_pneumoniae_subsp._pneumoniae_NZ_CP047675.1 k141_567
		This contig has several significant sets of alignments. [An ambiguously mapped contig]
		Using only the very best set (option --ambiguity-usage is set to "one").
			The best set is below. Score: 32795.9, number of alignments: 3, unaligned bases: 31584
		This contig is misassembled.
		This contig is partially unaligned. (Aligned 33695 out of 65279 non-N bases (51.62%))
			Real Alignment 1: 2345287 2349803 | 30016 25500 | 4517 4517 | 95.48 | Klebsiella_pneumoniae_subsp._pneumoniae_NZ_CP047675.1 k141_567
			  Extensive misassembly (relocation, inconsistency = 15351) between these two alignments
			Real Alignment 2: 2324692 2329277 | 35260 30675 | 4586 4586 | 99.45 | Klebsiella_pneumoniae_subsp._pneumoniae_NZ_CP047675.1 k141_567
			  Extensive misassembly (relocation, inconsistency = 4385) between these two alignments
			Real Alignment 3: 2294085 2318688 | 61470 36879 | 24604 24592 | 99.31 | Klebsiella_pneumoniae_subsp._pneumoniae_NZ_CP047675.1 k141_567
		Unaligned bases: 31584

CONTIG: k141_572 (7590bp)
Best alignment score: 835.0 (LEN: 869, IDY: 96.09), Total number of alignments: 3
			Looking for the best set of alignments (out of 3 total alignments)
			Skipping redundant alignments after choosing the best set of alignments
		Skipping redundant alignment 148368 148508 | 141 1 | 141 141 | 98.58 | Klebsiella_pneumoniae_subsp._pneumoniae_NZ_CP047676.1 k141_572
			The best set is below. Score: 1167.0, number of alignments: 2, unaligned bases: 6386
		This contig is misassembled.
		This contig is partially unaligned. (Aligned 1204 out of 7590 non-N bases (15.86%))
			Warning! This contig is more unaligned than misassembled. Contig length is 7590 (number of Ns: 0) and total length of all aligns is 1204
		Alignment: 3251258 3252126 | 2530 1662 | 869 869 | 96.09 | Klebsiella_pneumoniae_subsp._pneumoniae_NZ_CP047675.1 k141_572
		Alignment: 3246328 3246662 | 7454 7120 | 335 335 | 99.1 | Klebsiella_pneumoniae_subsp._pneumoniae_NZ_CP047675.1 k141_572
		Unaligned bases: 6386

CONTIG: k141_581 (505bp)
		This contig is unaligned. (505 bp)
		Unaligned bases: 505 (number of Ns: 0)

CONTIG: k141_582 (586bp)
Best alignment score: 295.0 (LEN: 306, IDY: 96.41), Total number of alignments: 7
			Looking for the best set of alignments (out of 7 total alignments)
			Skipping redundant alignments after choosing the best set of alignments
		Skipping redundant alignment 396542 396628 | 215 129 | 87 87 | 97.7 | Klebsiella_pneumoniae_subsp._pneumoniae_NZ_CP047675.1 k141_582
		Skipping redundant alignment 396179 396381 | 215 13 | 203 203 | 96.06 | Klebsiella_pneumoniae_subsp._pneumoniae_NZ_CP047675.1 k141_582
		Skipping redundant alignment 5121371 5121661 | 506 216 | 291 291 | 96.22 | Klebsiella_pneumoniae_subsp._pneumoniae_NZ_CP047675.1 k141_582
		Skipping redundant alignment 1460916 1461221 | 201 506 | 306 306 | 96.41 | Klebsiella_pneumoniae_subsp._pneumoniae_NZ_CP047675.1 k141_582
		Skipping redundant alignment 976178 976483 | 506 201 | 306 306 | 96.08 | Klebsiella_pneumoniae_subsp._pneumoniae_NZ_CP047675.1 k141_582
		This contig has several significant sets of alignments. [An ambiguously mapped contig]
		Using only the very best set (option --ambiguity-usage is set to "one").
			The best set is below. Score: 433.9, number of alignments: 2, unaligned bases: 82
		This contig is misassembled.
			Real Alignment 1: 396302 396514 | 213 1 | 213 213 | 95.77 | Klebsiella_pneumoniae_subsp._pneumoniae_NZ_CP047675.1 k141_582
			  Extensive misassembly (relocation, inconsistency = -737795) between these two alignments
			Real Alignment 2: 1133804 1134094 | 506 216 | 291 291 | 96.22 | Klebsiella_pneumoniae_subsp._pneumoniae_NZ_CP047675.1 k141_582

CONTIG: k141_602 (26340bp)
Best alignment score: 26247.8 (LEN: 26340, IDY: 99.65), Total number of alignments: 1
		One align captures most of this contig: 4889665 4916004 | 1 26340 | 26340 26340 | 99.65 | Klebsiella_pneumoniae_subsp._pneumoniae_NZ_CP047675.1 k141_602

CONTIG: k141_65 (50208bp)
Best alignment score: 20819.0 (LEN: 20989, IDY: 99.19), Total number of alignments: 4
			Looking for the best set of alignments (out of 4 total alignments)
			Skipping redundant alignments after choosing the best set of alignments
		Skipping redundant alignment 200042 200151 | 39016 38907 | 110 110 | 96.36 | Klebsiella_pneumoniae_subsp._pneumoniae_NZ_CP047676.1 k141_65
		Skipping redundant alignment 67635 67720 | 40804 40719 | 86 86 | 98.84 | Klebsiella_pneumoniae_subsp._pneumoniae_NZ_CP047676.1 k141_65
		This contig has several significant sets of alignments. [An ambiguously mapped contig]
		Using only the very best set (option --ambiguity-usage is set to "one").
			The best set is below. Score: 20938.0, number of alignments: 2, unaligned bases: 28840
		This contig is misassembled.
		This contig is partially unaligned. (Aligned 21368 out of 50208 non-N bases (42.56%))
			Warning! This contig is more unaligned than misassembled. Contig length is 50208 (number of Ns: 0) and total length of all aligns is 21368
		Alignment: 90718 111714 | 22017 1029 | 20997 20989 | 99.19 | Klebsiella_pneumoniae_subsp._pneumoniae_NZ_CP047676.1 k141_65
		Alignment: 65926 66304 | 41178 40800 | 379 379 | 97.36 | Klebsiella_pneumoniae_subsp._pneumoniae_NZ_CP047676.1 k141_65
		Unaligned bases: 28840

CONTIG: k141_104 (1057bp)
Best alignment score: 1038.0 (LEN: 1057, IDY: 98.20), Total number of alignments: 1
		One align captures most of this contig: 148368 149424 | 1 1057 | 1057 1057 | 98.2 | Klebsiella_pneumoniae_subsp._pneumoniae_NZ_CP047676.1 k141_104

CONTIG: k141_241 (1321bp)
Best alignment score: 321.0 (LEN: 337, IDY: 95.25), Total number of alignments: 2
			Looking for the best set of alignments (out of 2 total alignments)
			Skipping redundant alignments after choosing the best set of alignments
		Skipping redundant alignment 74192 74528 | 337 1 | 337 337 | 95.25 | Klebsiella_pneumoniae_subsp._pneumoniae_NZ_CP047676.1 k141_241
		This contig has several significant sets of alignments. [An ambiguously mapped contig]
		Using only the very best set (option --ambiguity-usage is set to "one").
			The best set is below. Score: 321.0, number of alignments: 1, unaligned bases: 984
		This contig is partially unaligned. (Aligned 337 out of 1321 non-N bases (25.51%))
		Alignment: 32028 32364 | 1 337 | 337 337 | 95.25 | Klebsiella_pneumoniae_subsp._pneumoniae_NZ_CP047676.1 k141_241
		Unaligned bases: 338 to 1321 (984)

CONTIG: k141_380 (10066bp)
Best alignment score: 405.0 (LEN: 409, IDY: 99.02), Total number of alignments: 1
			Looking for the best set of alignments (out of 1 total alignments)
			The best set is below. Score: 405.0, number of alignments: 1, unaligned bases: 9657
		This contig is partially unaligned. (Aligned 409 out of 10066 non-N bases (4.06%))
		Alignment: 148368 148776 | 409 1 | 409 409 | 99.02 | Klebsiella_pneumoniae_subsp._pneumoniae_NZ_CP047676.1 k141_380
		Unaligned bases: 410 to 10066 (9657)

CONTIG: k141_430 (34309bp)
Best alignment score: 336.0 (LEN: 337, IDY: 99.70), Total number of alignments: 3
			Looking for the best set of alignments (out of 3 total alignments)
			Skipping redundant alignments after choosing the best set of alignments
		Skipping redundant alignment 149284 149424 | 1 141 | 141 141 | 98.58 | Klebsiella_pneumoniae_subsp._pneumoniae_NZ_CP047676.1 k141_430
		Skipping redundant alignment 32028 32364 | 34309 33973 | 337 337 | 99.7 | Klebsiella_pneumoniae_subsp._pneumoniae_NZ_CP047676.1 k141_430
		This contig has several significant sets of alignments. [An ambiguously mapped contig]
		Using only the very best set (option --ambiguity-usage is set to "one").
			The best set is below. Score: 336.0, number of alignments: 1, unaligned bases: 33972
		This contig is partially unaligned. (Aligned 337 out of 34309 non-N bases (0.98%))
		Alignment: 74192 74528 | 33973 34309 | 337 337 | 99.7 | Klebsiella_pneumoniae_subsp._pneumoniae_NZ_CP047676.1 k141_430
		Unaligned bases: 1 to 33972 (33972)

Analyzing coverage...
Writing SNPs into /home/hannelore/PROJECTHH/Tools/Quast/quast_results/results_2020_04_08_16_21_55/runs_per_reference/Klebsiella_pneumoniae_subsp._pneumoniae/contigs_reports/minimap_output/ERR1795073-contigs.used_snps.gz

Analysis is finished!
Founded SNPs were written into /home/hannelore/PROJECTHH/Tools/Quast/quast_results/results_2020_04_08_16_21_55/runs_per_reference/Klebsiella_pneumoniae_subsp._pneumoniae/contigs_reports/minimap_output/ERR1795073-contigs.used_snps.gz

Results:
	Local Misassemblies: 37
	Misassemblies: 49
		Relocations: 48
		Translocations: 0
		Inversions: 1
	Scaffold gap extensive misassemblies: 0
	Scaffold gap local misassemblies: 0
	Misassembled Contigs: 25
	Misassembled Contig Bases: 3525145
	Misassemblies Inter-Contig Overlap: 0
Unaligned Contigs: 1 + 41 part
Half Unaligned Contigs with Misassemblies: 5
Unaligned Contig Bases: 457581

Ambiguously Mapped Contigs: 30
Total Bases in Ambiguously Mapped Contigs: 2784797
Extra Bases in Ambiguously Mapped Contigs: 0
Note that --allow-ambiguity option was set to "one" and only first alignment per each of these contigs was used.

	Covered Bases: 4490359

	SNPs: 30671
	Insertions: 1203
	Deletions: 1143

